#
# A fatal error has been detected by the Java Runtime Environment:
#
#  SIGSEGV (0xb) at pc=0x00007f8d38d899c2, pid=24178, tid=24190
#
# JRE version: OpenJDK Runtime Environment Temurin-17.0.4.1+1 (17.0.4.1+1) (build 17.0.4.1+1)
# Java VM: OpenJDK 64-Bit Server VM Temurin-17.0.4.1+1 (17.0.4.1+1, mixed mode, tiered, compressed oops, compressed class ptrs, parallel gc, linux-amd64)
# Problematic frame:
# V  [libjvm.so+0x4999c2]  LIR_Assembler::const2stack(LIR_OprDesc*, LIR_OprDesc*)+0x12
#
# Core dump will be written. Default location: Core dumps may be processed with "/usr/share/apport/apport -p%p -s%s -c%c -d%d -P%P -u%u -g%g -- %E" (or dumping to /home/dani/Documents/Prog2/PROG2/IdeaProjects/uiwidget/src/main/java/org/example/core.24178)
#
# If you would like to submit a bug report, please visit:
#   https://github.com/adoptium/adoptium-support/issues
#

---------------  S U M M A R Y ------------

Command Line: --add-modules=ALL-SYSTEM --add-opens=java.base/java.util=ALL-UNNAMED --add-opens=java.base/java.lang=ALL-UNNAMED --add-opens=java.base/sun.nio.fs=ALL-UNNAMED -Declipse.application=org.eclipse.jdt.ls.core.id1 -Dosgi.bundles.defaultStartLevel=4 -Declipse.product=org.eclipse.jdt.ls.core.product -Djava.import.generatesMetadataFilesAtProjectRoot=false -Dfile.encoding=utf8 -XX:+UseParallelGC -XX:GCTimeRatio=4 -XX:AdaptiveSizePolicyWeight=90 -Dsun.zip.disableMemoryMapping=true -Xmx1G -Xms100m -Xlog:disable -javaagent:/home/dani/.vscode/extensions/redhat.java-1.12.0-linux-x64/lombok/lombok-1.18.24.jar /home/dani/.vscode/extensions/redhat.java-1.12.0-linux-x64/server/plugins/org.eclipse.equinox.launcher_1.6.400.v20210924-0641.jar -configuration /home/dani/.config/Code/User/globalStorage/redhat.java/1.12.0/config_ss_linux -data /home/dani/.config/Code/User/workspaceStorage/7fee77576d7d5a65ef935e173c6127e0/redhat.java/ss_ws

Host: AMD Ryzen 5 4500U with Radeon Graphics, 6 cores, 7G, Ubuntu 22.04.1 LTS
Time: Fri Oct 28 15:10:28 2022 CEST elapsed time: 1.297457 seconds (0d 0h 0m 1s)

---------------  T H R E A D  ---------------

Current thread (0x00007f8d341d4410):  JavaThread "C1 CompilerThread0" daemon [_thread_in_native, id=24190, stack(0x00007f8d18b30000,0x00007f8d18c30000)]


Current CompileTask:
C1:   1297 1662   !   3       org.eclipse.osgi.internal.loader.classpath.ClasspathManager::findLocalClass (210 bytes)

Stack: [0x00007f8d18b30000,0x00007f8d18c30000],  sp=0x00007f8d18c2e1c0,  free space=1016k
Native frames: (J=compiled Java code, j=interpreted, Vv=VM code, C=native code)
V  [libjvm.so+0x4999c2]  LIR_Assembler::const2stack(LIR_OprDesc*, LIR_OprDesc*)+0x12
V  [libjvm.so+0x4965b6]  LIR_Assembler::emit_op1(LIR_Op1*)+0x86
V  [libjvm.so+0x49565f]  LIR_Assembler::emit_lir_list(LIR_List*)+0x6f
V  [libjvm.so+0x4957c9]  LIR_Assembler::emit_exception_entries(GrowableArray<ExceptionInfo*>*)+0xb9
V  [libjvm.so+0x46451f]  Compilation::emit_code_body()+0x18f
V  [libjvm.so+0x464904]  Compilation::compile_java_method()+0x324
V  [libjvm.so+0x464b0a]  Compilation::compile_method()+0x10a
V  [libjvm.so+0x464ee3]  Compilation::Compilation(AbstractCompiler*, ciEnv*, ciMethod*, int, BufferBlob*, bool, DirectiveSet*)+0x203
V  [libjvm.so+0x465940]  Compiler::compile_method(ciEnv*, ciMethod*, int, bool, DirectiveSet*)+0xb0
V  [libjvm.so+0x5d9138]  CompileBroker::invoke_compiler_on_method(CompileTask*)+0xf68
V  [libjvm.so+0x5d9dc8]  CompileBroker::compiler_thread_loop()+0x508
V  [libjvm.so+0xe59214]  JavaThread::thread_main_inner()+0x184
V  [libjvm.so+0xe5c99e]  Thread::call_run()+0xde
V  [libjvm.so+0xc16351]  thread_native_entry(Thread*)+0xe1


siginfo: si_signo: 11 (SIGSEGV), si_code: 1 (SEGV_MAPERR), si_addr: 0x0000000000000002

Register to memory mapping:

RAX=0x0000000000000002 is an unknown value
RBX=0x00007f8d18c2e2b0 is pointing into the stack for thread: 0x00007f8d341d4410
RCX=0x000000000000000c is an unknown value
RDX=0x0000000000050019 is an unknown value
RSP=0x00007f8d18c2e1c0 is pointing into the stack for thread: 0x00007f8d341d4410
RBP=0x00007f8d18c2e1d0 is pointing into the stack for thread: 0x00007f8d341d4410
RSI=0x00007f8cf419dd90 points into unknown readable memory: 0x00007f8d39ae7908 | 08 79 ae 39 8d 7f 00 00
RDI=0x00007f8d18c2e2b0 is pointing into the stack for thread: 0x00007f8d341d4410
R8 =0x0 is NULL
R9 =0x0 is NULL
R10=0x0 is NULL
R11=0x00000000288955eb is an unknown value
R12=0x00007f8cf419de10 points into unknown readable memory: 0x00007f8d39aeaf90 | 90 af ae 39 8d 7f 00 00
R13=0x00007f8d18c2e2b0 is pointing into the stack for thread: 0x00007f8d341d4410
R14=0x00007f8d38d13b70: <offset 0x0000000000423b70> in /home/dani/.vscode/extensions/redhat.java-1.12.0-linux-x64/jre/17.0.4.1-linux-x86_64/lib/server/libjvm.so at 0x00007f8d388f0000
R15=0x0 is NULL


Registers:
RAX=0x0000000000000002, RBX=0x00007f8d18c2e2b0, RCX=0x000000000000000c, RDX=0x0000000000050019
RSP=0x00007f8d18c2e1c0, RBP=0x00007f8d18c2e1d0, RSI=0x00007f8cf419dd90, RDI=0x00007f8d18c2e2b0
R8 =0x0000000000000000, R9 =0x0000000000000000, R10=0x0000000000000000, R11=0x00000000288955eb
R12=0x00007f8cf419de10, R13=0x00007f8d18c2e2b0, R14=0x00007f8d38d13b70, R15=0x0000000000000000
RIP=0x00007f8d38d899c2, EFLAGS=0x0000000000010202, CSGSFS=0x002b000000000033, ERR=0x0000000000000006
  TRAPNO=0x000000000000000e

Top of Stack: (sp=0x00007f8d18c2e1c0)
0x00007f8d18c2e1c0:   00007f8cf419de10 0000000000000000
0x00007f8d18c2e1d0:   00007f8d18c2e220 00007f8d38d865b6
0x00007f8d18c2e1e0:   0000000000000000 0000000000000000
0x00007f8d18c2e1f0:   0000000000000000 00007f8d38d50344 

Instructions: (pc=0x00007f8d38d899c2)
0x00007f8d38d898c2:   05 81 8a e1 00 be 8b 02 00 00 48 8b 00 c6 00 58
0x00007f8d38d898d2:   e9 db fc ff ff 66 0f 1f 84 00 00 00 00 00 48 8d
0x00007f8d38d898e2:   05 61 8a e1 00 be a5 02 00 00 48 8b 00 c6 00 58
0x00007f8d38d898f2:   e9 bb fc ff ff 66 0f 1f 84 00 00 00 00 00 49 8b
0x00007f8d38d89902:   7d 18 48 8d 35 f5 ad ae 00 e8 00 a2 fc ff 49 8b
0x00007f8d38d89912:   45 00 48 8b 40 08 48 8b 40 48 48 8b 58 08 e9 f9
0x00007f8d38d89922:   fd ff ff 0f 1f 00 49 8b 7d 18 48 8d 35 cd ad ae
0x00007f8d38d89932:   00 e8 d8 a1 fc ff 49 8b 45 00 48 8b 40 08 48 8b
0x00007f8d38d89942:   40 48 48 8b 58 08 e9 0a fd ff ff 0f 1f 00 4c 89
0x00007f8d38d89952:   e7 e8 38 72 03 00 4c 89 e7 49 89 c5 e8 2d 72 03
0x00007f8d38d89962:   00 48 8d 65 d8 4c 89 ea 4c 89 f7 5b 48 89 c6 41
0x00007f8d38d89972:   5c 41 5d 41 5e 41 5f 5d e9 11 a2 66 00 90 4c 89
0x00007f8d38d89982:   e7 e8 f8 71 03 00 4c 89 e7 49 89 c5 e8 ed 71 03
0x00007f8d38d89992:   00 48 8d 65 d8 4c 89 ea 4c 89 f7 5b 48 89 c6 41
0x00007f8d38d899a2:   5c 41 5d 41 5e 41 5f 5d e9 31 a2 66 00 90 55 48
0x00007f8d38d899b2:   89 e5 41 57 41 56 4c 8d 35 b1 a1 f8 ff 41 04 01
0x00007f8d38d899c2:   20 00 00 00 00 00 00 00 00 00 00 00 00 00 00 00
0x00007f8d38d899d2:   00 00 00 00 00 00 00 00 00 00 00 00 00 00 00 00
0x00007f8d38d899e2:   00 00 00 00 00 00 00 00 00 00 01 00 00 00 00 00
0x00007f8d38d899f2:   00 00 39 b4 c8 00 90 99 99 01 00 00 f0 39 00 00
0x00007f8d38d89a02:   f0 b5 00 00 f0 31 00 00 f0 39 00 00 f0 b5 00 00
0x00007f8d38d89a12:   f0 31 00 00 f0 39 00 00 f0 b5 00 00 f0 31 00 00
0x00007f8d38d89a22:   00 00 00 00 00 00 00 00 00 00 00 00 00 00 00 00
0x00007f8d38d89a32:   00 00 00 00 00 00 00 00 00 00 00 00 00 00 00 00
0x00007f8d38d89a42:   00 00 00 00 f0 31 00 00 80 c3 00 00 00 00 0f 00
0x00007f8d38d89a52:   00 00 00 00 00 00 00 00 00 00 00 00 00 00 00 00
0x00007f8d38d89a62:   00 4f 00 00 00 4f 00 00 00 4f 00 00 80 c3 00 00
0x00007f8d38d89a72:   00 00 00 00 00 00 00 00 00 00 00 00 00 08 00 00
0x00007f8d38d89a82:   00 00 00 00 00 00 00 00 00 00 00 00 00 08 00 00
0x00007f8d38d89a92:   00 00 00 00 00 00 00 00 00 00 00 00 00 08 00 00
0x00007f8d38d89aa2:   00 08 54 fb 21 19 a9 f6 43 32 00 00 00 00 00 00
0x00007f8d38d89ab2:   00 00 00 00 00 00 00 00 f0 00 5f f4 58 73 c7 ca 


Stack slot to memory mapping:
stack at sp + 0 slots: 0x00007f8cf419de10 points into unknown readable memory: 0x00007f8d39aeaf90 | 90 af ae 39 8d 7f 00 00
stack at sp + 1 slots: 0x0 is NULL
stack at sp + 2 slots: 0x00007f8d18c2e220 is pointing into the stack for thread: 0x00007f8d341d4410
stack at sp + 3 slots: 0x00007f8d38d865b6: <offset 0x00000000004965b6> in /home/dani/.vscode/extensions/redhat.java-1.12.0-linux-x64/jre/17.0.4.1-linux-x86_64/lib/server/libjvm.so at 0x00007f8d388f0000
stack at sp + 4 slots: 0x0 is NULL
stack at sp + 5 slots: 0x0 is NULL
stack at sp + 6 slots: 0x0 is NULL
stack at sp + 7 slots: 0x00007f8d38d50344: <offset 0x0000000000460344> in /home/dani/.vscode/extensions/redhat.java-1.12.0-linux-x64/jre/17.0.4.1-linux-x86_64/lib/server/libjvm.so at 0x00007f8d388f0000


---------------  P R O C E S S  ---------------

Threads class SMR info:
_java_thread_list=0x00007f8cc40b8be0, length=17, elements={
0x00007f8d34026070, 0x00007f8d341a3880, 0x00007f8d341a4df0, 0x00007f8d341cd0b0,
0x00007f8d341d09c0, 0x00007f8d341d1910, 0x00007f8d341d2f60, 0x00007f8d341d4410,
0x00007f8d341d5850, 0x00007f8d34283310, 0x00007f8d34387230, 0x00007f8d344552b0,
0x00007f8d345e8330, 0x00007f8d345b8c10, 0x00007f8d345bb900, 0x00007f8cc4033870,
0x00007f8cc40b7fa0
}

Java Threads: ( => current thread )
  0x00007f8d34026070 JavaThread "main" [_thread_blocked, id=24179, stack(0x00007f8d38704000,0x00007f8d38804000)]
  0x00007f8d341a3880 JavaThread "Reference Handler" daemon [_thread_blocked, id=24183, stack(0x00007f8d1a1ea000,0x00007f8d1a2ea000)]
  0x00007f8d341a4df0 JavaThread "Finalizer" daemon [_thread_blocked, id=24184, stack(0x00007f8d1a0ea000,0x00007f8d1a1ea000)]
  0x00007f8d341cd0b0 JavaThread "Signal Dispatcher" daemon [_thread_blocked, id=24186, stack(0x00007f8d18f30000,0x00007f8d19030000)]
  0x00007f8d341d09c0 JavaThread "Service Thread" daemon [_thread_blocked, id=24187, stack(0x00007f8d18e30000,0x00007f8d18f30000)]
  0x00007f8d341d1910 JavaThread "Monitor Deflation Thread" daemon [_thread_blocked, id=24188, stack(0x00007f8d18d30000,0x00007f8d18e30000)]
  0x00007f8d341d2f60 JavaThread "C2 CompilerThread0" daemon [_thread_in_native, id=24189, stack(0x00007f8d18c30000,0x00007f8d18d30000)]
=>0x00007f8d341d4410 JavaThread "C1 CompilerThread0" daemon [_thread_in_native, id=24190, stack(0x00007f8d18b30000,0x00007f8d18c30000)]
  0x00007f8d341d5850 JavaThread "Sweeper thread" daemon [_thread_blocked, id=24191, stack(0x00007f8d18a30000,0x00007f8d18b30000)]
  0x00007f8d34283310 JavaThread "Common-Cleaner" daemon [_thread_blocked, id=24202, stack(0x00007f8d18930000,0x00007f8d18a30000)]
  0x00007f8d34387230 JavaThread "Notification Thread" daemon [_thread_blocked, id=24274, stack(0x00007f8d18818000,0x00007f8d18918000)]
  0x00007f8d344552b0 JavaThread "process reaper" daemon [_thread_blocked, id=24285, stack(0x00007f8d186f4000,0x00007f8d18716000)]
  0x00007f8d345e8330 JavaThread "Active Thread: Equinox Container: 1f7c7171-04dd-4fb1-8f90-ad80e1ec4f4c" [_thread_blocked, id=24302, stack(0x00007f8d180ea000,0x00007f8d181ea000)]
  0x00007f8d345b8c10 JavaThread "Framework Event Dispatcher: Equinox Container: 1f7c7171-04dd-4fb1-8f90-ad80e1ec4f4c" daemon [_thread_blocked, id=24305, stack(0x00007f8ceb700000,0x00007f8ceb800000)]
  0x00007f8d345bb900 JavaThread "Start Level: Equinox Container: 1f7c7171-04dd-4fb1-8f90-ad80e1ec4f4c" daemon [_thread_in_vm, id=24306, stack(0x00007f8ceb600000,0x00007f8ceb700000)]
  0x00007f8cc4033870 JavaThread "SCR Component Actor" daemon [_thread_blocked, id=24308, stack(0x00007f8ceb500000,0x00007f8ceb600000)]
  0x00007f8cc40b7fa0 JavaThread "SCR Component Registry" daemon [_thread_blocked, id=24309, stack(0x00007f8ceb100000,0x00007f8ceb200000)]

Other Threads:
  0x00007f8d34193c70 VMThread "VM Thread" [stack: 0x00007f8d1a2ec000,0x00007f8d1a3ec000] [id=24182]
  0x00007f8d34070e30 WatcherThread [stack: 0x00007f8d18718000,0x00007f8d18818000] [id=24275]
  0x00007f8d3403d940 GCTaskThread "GC Thread#0" [stack: 0x00007f8d381d0000,0x00007f8d382d0000] [id=24180]
  0x00007f8d14001210 GCTaskThread "GC Thread#1" [stack: 0x00007f8d185f4000,0x00007f8d186f4000] [id=24296]
  0x00007f8d14002ed0 GCTaskThread "GC Thread#2" [stack: 0x00007f8d184f2000,0x00007f8d185f2000] [id=24297]
  0x00007f8d140038d0 GCTaskThread "GC Thread#3" [stack: 0x00007f8d183f0000,0x00007f8d184f0000] [id=24298]
  0x00007f8d140046c0 GCTaskThread "GC Thread#4" [stack: 0x00007f8d182ee000,0x00007f8d183ee000] [id=24299]
  0x00007f8d140054b0 GCTaskThread "GC Thread#5" [stack: 0x00007f8d181ec000,0x00007f8d182ec000] [id=24300]

Threads with active compile tasks:
C2 CompilerThread0     1321 1672   !   4       java.util.zip.ZipFile$Source::checkAndAddEntry (209 bytes)
C1 CompilerThread0     1321 1662   !   3       org.eclipse.osgi.internal.loader.classpath.ClasspathManager::findLocalClass (210 bytes)

VM state: not at safepoint (normal execution)

VM Mutex/Monitor currently owned by a thread: None

Heap address: 0x00000000c0000000, size: 1024 MB, Compressed Oops mode: 32-bit

CDS archive(s) not mapped
Compressed class space mapped at: 0x0000000100000000-0x0000000140000000, reserved size: 1073741824
Narrow klass base: 0x0000000000000000, Narrow klass shift: 3, Narrow klass range: 0x140000000

GC Precious Log:
 CPUs: 6 total, 6 available
 Memory: 7312M
 Large Page Support: Disabled
 NUMA Support: Disabled
 Compressed Oops: Enabled (32-bit)
 Alignments: Space 512K, Generation 512K, Heap 2M
 Heap Min Capacity: 100M
 Heap Initial Capacity: 100M
 Heap Max Capacity: 1G
 Pre-touch: Disabled
 Parallel Workers: 6

Heap:
 PSYoungGen      total 29696K, used 15817K [0x00000000eab00000, 0x00000000ecc00000, 0x0000000100000000)
  eden space 25600K, 45% used [0x00000000eab00000,0x00000000eb676a88,0x00000000ec400000)
  from space 4096K, 99% used [0x00000000ec800000,0x00000000ecbfba58,0x00000000ecc00000)
  to   space 4096K, 0% used [0x00000000ec400000,0x00000000ec400000,0x00000000ec800000)
 ParOldGen       total 68608K, used 700K [0x00000000c0000000, 0x00000000c4300000, 0x00000000eab00000)
  object space 68608K, 1% used [0x00000000c0000000,0x00000000c00af030,0x00000000c4300000)
 Metaspace       used 17414K, committed 17792K, reserved 1064960K
  class space    used 1800K, committed 1920K, reserved 1048576K

Card table byte_map: [0x00007f8d382d0000,0x00007f8d384d1000] _byte_map_base: 0x00007f8d37cd0000

Marking Bits: (ParMarkBitMap*) 0x00007f8d39c04520
 Begin Bits: [0x00007f8d203f0000, 0x00007f8d213f0000)
 End Bits:   [0x00007f8d213f0000, 0x00007f8d223f0000)

Polling page: 0x00007f8d39ea1000

Metaspace:

Usage:
  Non-class:     15,25 MB used.
      Class:      1,76 MB used.
       Both:     17,01 MB used.

Virtual space:
  Non-class space:       16,00 MB reserved,      15,50 MB ( 97%) committed,  2 nodes.
      Class space:        1,00 GB reserved,       1,88 MB ( <1%) committed,  1 nodes.
             Both:        1,02 GB reserved,      17,38 MB (  2%) committed. 

Chunk freelists:
   Non-Class:  552,00 KB
       Class:  2,16 MB
        Both:  2,70 MB

MaxMetaspaceSize: unlimited
CompressedClassSpaceSize: 1,00 GB
Initial GC threshold: 21,00 MB
Current GC threshold: 21,00 MB
CDS: off
MetaspaceReclaimPolicy: balanced
 - commit_granule_bytes: 65536.
 - commit_granule_words: 8192.
 - virtual_space_node_default_size: 1048576.
 - enlarge_chunks_in_place: 1.
 - new_chunks_are_fully_committed: 0.
 - uncommit_free_chunks: 1.
 - use_allocation_guard: 0.
 - handle_deallocations: 1.


Internal statistics:

num_allocs_failed_limit: 0.
num_arena_births: 126.
num_arena_deaths: 0.
num_vsnodes_births: 3.
num_vsnodes_deaths: 0.
num_space_committed: 278.
num_space_uncommitted: 0.
num_chunks_returned_to_freelist: 0.
num_chunks_taken_from_freelist: 448.
num_chunk_merges: 0.
num_chunk_splits: 311.
num_chunks_enlarged: 237.
num_purges: 0.
num_inconsistent_stats: 0.

CodeHeap 'non-profiled nmethods': size=120032Kb used=599Kb max_used=599Kb free=119432Kb
 bounds [0x00007f8d29eb8000, 0x00007f8d2a128000, 0x00007f8d313f0000]
CodeHeap 'profiled nmethods': size=120028Kb used=3008Kb max_used=3008Kb free=117019Kb
 bounds [0x00007f8d22981000, 0x00007f8d22c81000, 0x00007f8d29eb8000]
CodeHeap 'non-nmethods': size=5700Kb used=1166Kb max_used=1184Kb free=4533Kb
 bounds [0x00007f8d223f0000, 0x00007f8d22660000, 0x00007f8d22981000]
 total_blobs=2121 nmethods=1659 adapters=377
 compilation: enabled
              stopped_count=0, restarted_count=0
 full_count=0

Compilation events (20 events):
Event: 1,285 Thread 0x00007f8d341d4410 1652       3       java.util.LinkedList$ListItr::hasNext (20 bytes)
Event: 1,285 Thread 0x00007f8d341d4410 nmethod 1652 0x00007f8d22c6d590 code [0x00007f8d22c6d720, 0x00007f8d22c6d890]
Event: 1,286 Thread 0x00007f8d341d4410 1653       3       java.lang.StringBuilder::append (8 bytes)
Event: 1,286 Thread 0x00007f8d341d4410 nmethod 1653 0x00007f8d22c6d990 code [0x00007f8d22c6db40, 0x00007f8d22c6dc80]
Event: 1,286 Thread 0x00007f8d341d4410 1654       3       java.lang.AbstractStringBuilder::append (60 bytes)
Event: 1,286 Thread 0x00007f8d341d4410 nmethod 1654 0x00007f8d22c6dd10 code [0x00007f8d22c6df00, 0x00007f8d22c6e230]
Event: 1,286 Thread 0x00007f8d341d4410 1655       1       org.eclipse.osgi.internal.serviceregistry.ServiceReferenceImpl::getRegistration (5 bytes)
Event: 1,286 Thread 0x00007f8d341d4410 nmethod 1655 0x00007f8d29f4a090 code [0x00007f8d29f4a220, 0x00007f8d29f4a2f0]
Event: 1,287 Thread 0x00007f8d341d4410 1656       1       java.util.LinkedList::size (5 bytes)
Event: 1,287 Thread 0x00007f8d341d4410 nmethod 1656 0x00007f8d29f4a390 code [0x00007f8d29f4a520, 0x00007f8d29f4a5f0]
Event: 1,288 Thread 0x00007f8d341d4410 1657       3       java.net.URLStreamHandler::setURL (159 bytes)
Event: 1,289 Thread 0x00007f8d341d2f60 1658       4       java.io.DataInputStream::readUTF (501 bytes)
Event: 1,289 Thread 0x00007f8d341d4410 nmethod 1657 0x00007f8d22c6e390 code [0x00007f8d22c6e720, 0x00007f8d22c6fc40]
Event: 1,290 Thread 0x00007f8d341d4410 1659       1       org.eclipse.osgi.internal.loader.sources.NullPackageSource::isNullSource (2 bytes)
Event: 1,290 Thread 0x00007f8d341d4410 nmethod 1659 0x00007f8d29f4a690 code [0x00007f8d29f4a820, 0x00007f8d29f4a8f0]
Event: 1,291 Thread 0x00007f8d341d4410 1660       3       java.util.WeakHashMap::get (75 bytes)
Event: 1,292 Thread 0x00007f8d341d4410 nmethod 1660 0x00007f8d22c70510 code [0x00007f8d22c70740, 0x00007f8d22c70fb0]
Event: 1,293 Thread 0x00007f8d341d4410 1661       1       org.eclipse.osgi.storage.Storage::getModuleContainer (5 bytes)
Event: 1,293 Thread 0x00007f8d341d4410 nmethod 1661 0x00007f8d29f4a990 code [0x00007f8d29f4ab20, 0x00007f8d29f4abf0]
Event: 1,293 Thread 0x00007f8d341d4410 1662   !   3       org.eclipse.osgi.internal.loader.classpath.ClasspathManager::findLocalClass (210 bytes)

GC Heap History (4 events):
Event: 0,746 GC heap before
{Heap before GC invocations=1 (full 0):
 PSYoungGen      total 29696K, used 25600K [0x00000000eab00000, 0x00000000ecc00000, 0x0000000100000000)
  eden space 25600K, 100% used [0x00000000eab00000,0x00000000ec400000,0x00000000ec400000)
  from space 4096K, 0% used [0x00000000ec800000,0x00000000ec800000,0x00000000ecc00000)
  to   space 4096K, 0% used [0x00000000ec400000,0x00000000ec400000,0x00000000ec800000)
 ParOldGen       total 68608K, used 0K [0x00000000c0000000, 0x00000000c4300000, 0x00000000eab00000)
  object space 68608K, 0% used [0x00000000c0000000,0x00000000c0000000,0x00000000c4300000)
 Metaspace       used 10994K, committed 11200K, reserved 1064960K
  class space    used 1114K, committed 1216K, reserved 1048576K
}
Event: 0,750 GC heap after
{Heap after GC invocations=1 (full 0):
 PSYoungGen      total 29696K, used 3160K [0x00000000eab00000, 0x00000000ecc00000, 0x0000000100000000)
  eden space 25600K, 0% used [0x00000000eab00000,0x00000000eab00000,0x00000000ec400000)
  from space 4096K, 77% used [0x00000000ec400000,0x00000000ec716218,0x00000000ec800000)
  to   space 4096K, 0% used [0x00000000ec800000,0x00000000ec800000,0x00000000ecc00000)
 ParOldGen       total 68608K, used 16K [0x00000000c0000000, 0x00000000c4300000, 0x00000000eab00000)
  object space 68608K, 0% used [0x00000000c0000000,0x00000000c0004000,0x00000000c4300000)
 Metaspace       used 10994K, committed 11200K, reserved 1064960K
  class space    used 1114K, committed 1216K, reserved 1048576K
}
Event: 1,146 GC heap before
{Heap before GC invocations=2 (full 0):
 PSYoungGen      total 29696K, used 28760K [0x00000000eab00000, 0x00000000ecc00000, 0x0000000100000000)
  eden space 25600K, 100% used [0x00000000eab00000,0x00000000ec400000,0x00000000ec400000)
  from space 4096K, 77% used [0x00000000ec400000,0x00000000ec716218,0x00000000ec800000)
  to   space 4096K, 0% used [0x00000000ec800000,0x00000000ec800000,0x00000000ecc00000)
 ParOldGen       total 68608K, used 16K [0x00000000c0000000, 0x00000000c4300000, 0x00000000eab00000)
  object space 68608K, 0% used [0x00000000c0000000,0x00000000c0004000,0x00000000c4300000)
 Metaspace       used 15323K, committed 15552K, reserved 1064960K
  class space    used 1586K, committed 1728K, reserved 1048576K
}
Event: 1,149 GC heap after
{Heap after GC invocations=2 (full 0):
 PSYoungGen      total 29696K, used 4078K [0x00000000eab00000, 0x00000000ecc00000, 0x0000000100000000)
  eden space 25600K, 0% used [0x00000000eab00000,0x00000000eab00000,0x00000000ec400000)
  from space 4096K, 99% used [0x00000000ec800000,0x00000000ecbfba58,0x00000000ecc00000)
  to   space 4096K, 0% used [0x00000000ec400000,0x00000000ec400000,0x00000000ec800000)
 ParOldGen       total 68608K, used 700K [0x00000000c0000000, 0x00000000c4300000, 0x00000000eab00000)
  object space 68608K, 1% used [0x00000000c0000000,0x00000000c00af030,0x00000000c4300000)
 Metaspace       used 15323K, committed 15552K, reserved 1064960K
  class space    used 1586K, committed 1728K, reserved 1048576K
}

Deoptimization events (20 events):
Event: 1,254 Thread 0x00007f8d345bb900 Uncommon trap: trap_request=0xffffffde fr.pc=0x00007f8d29f18640 relative=0x00000000000009c0
Event: 1,254 Thread 0x00007f8d345bb900 Uncommon trap: reason=class_check action=maybe_recompile pc=0x00007f8d29f18640 method=java.io.DataInputStream.readInt()I @ 4 c2
Event: 1,254 Thread 0x00007f8d345bb900 DEOPT PACKING pc=0x00007f8d29f18640 sp=0x00007f8ceb6fb010
Event: 1,254 Thread 0x00007f8d345bb900 DEOPT UNPACKING pc=0x00007f8d22441d99 sp=0x00007f8ceb6fafd0 mode 2
Event: 1,255 Thread 0x00007f8d345bb900 Uncommon trap: trap_request=0xffffffde fr.pc=0x00007f8d29f14a04 relative=0x0000000000001124
Event: 1,255 Thread 0x00007f8d345bb900 Uncommon trap: reason=class_check action=maybe_recompile pc=0x00007f8d29f14a04 method=java.io.DataInputStream.readFully([BII)V @ 30 c2
Event: 1,255 Thread 0x00007f8d345bb900 DEOPT PACKING pc=0x00007f8d29f14a04 sp=0x00007f8ceb6faf70
Event: 1,255 Thread 0x00007f8d345bb900 DEOPT UNPACKING pc=0x00007f8d22441d99 sp=0x00007f8ceb6faeb8 mode 2
Event: 1,255 Thread 0x00007f8d345bb900 Uncommon trap: trap_request=0xffffffde fr.pc=0x00007f8d29f14a04 relative=0x0000000000001124
Event: 1,255 Thread 0x00007f8d345bb900 Uncommon trap: reason=class_check action=maybe_recompile pc=0x00007f8d29f14a04 method=java.io.DataInputStream.readFully([BII)V @ 30 c2
Event: 1,255 Thread 0x00007f8d345bb900 DEOPT PACKING pc=0x00007f8d29f14a04 sp=0x00007f8ceb6faf70
Event: 1,255 Thread 0x00007f8d345bb900 DEOPT UNPACKING pc=0x00007f8d22441d99 sp=0x00007f8ceb6faeb8 mode 2
Event: 1,255 Thread 0x00007f8d345bb900 Uncommon trap: trap_request=0xffffffde fr.pc=0x00007f8d29f14a04 relative=0x0000000000001124
Event: 1,255 Thread 0x00007f8d345bb900 Uncommon trap: reason=class_check action=maybe_recompile pc=0x00007f8d29f14a04 method=java.io.DataInputStream.readFully([BII)V @ 30 c2
Event: 1,255 Thread 0x00007f8d345bb900 DEOPT PACKING pc=0x00007f8d29f14a04 sp=0x00007f8ceb6faf70
Event: 1,255 Thread 0x00007f8d345bb900 DEOPT UNPACKING pc=0x00007f8d22441d99 sp=0x00007f8ceb6faeb8 mode 2
Event: 1,255 Thread 0x00007f8d345bb900 Uncommon trap: trap_request=0xffffffde fr.pc=0x00007f8d29f14a04 relative=0x0000000000001124
Event: 1,255 Thread 0x00007f8d345bb900 Uncommon trap: reason=class_check action=maybe_recompile pc=0x00007f8d29f14a04 method=java.io.DataInputStream.readFully([BII)V @ 30 c2
Event: 1,255 Thread 0x00007f8d345bb900 DEOPT PACKING pc=0x00007f8d29f14a04 sp=0x00007f8ceb6faf70
Event: 1,255 Thread 0x00007f8d345bb900 DEOPT UNPACKING pc=0x00007f8d22441d99 sp=0x00007f8ceb6faeb8 mode 2

Classes unloaded (0 events):
No events

Classes redefined (0 events):
No events

Internal exceptions (20 events):
Event: 0,422 Thread 0x00007f8d34026070 Exception <a 'java/io/FileNotFoundException'{0x00000000eb748f78}> (0x00000000eb748f78) 
thrown [src/hotspot/share/prims/jni.cpp, line 516]
Event: 0,432 Thread 0x00007f8d34026070 Exception <a 'java/lang/NoSuchMethodError'{0x00000000eb79a8b8}: 'java.lang.Object java.lang.invoke.DirectMethodHandle$Holder.invokeStaticInit(java.lang.Object)'> (0x00000000eb79a8b8) 
thrown [src/hotspot/share/interpreter/linkResolver.cpp, line 758]
Event: 0,439 Thread 0x00007f8d34026070 Exception <a 'java/lang/NoSuchMethodError'{0x00000000eb7b0a68}: 'java.lang.Object java.lang.invoke.DirectMethodHandle$Holder.invokeStaticInit(java.lang.Object, java.lang.Object, long, java.lang.Object)'> (0x00000000eb7b0a68) 
thrown [src/hotspot/share/interpreter/linkResolver.cpp, line 758]
Event: 0,440 Thread 0x00007f8d34026070 Exception <a 'java/lang/NoSuchMethodError'{0x00000000eb7b70c8}: 'java.lang.Object java.lang.invoke.DirectMethodHandle$Holder.newInvokeSpecial(java.lang.Object, java.lang.Object, long)'> (0x00000000eb7b70c8) 
thrown [src/hotspot/share/interpreter/linkResolver.cpp, line 758]
Event: 0,440 Thread 0x00007f8d34026070 Exception <a 'java/lang/NoSuchMethodError'{0x00000000eb7bb3b8}: 'java.lang.Object java.lang.invoke.Invokers$Holder.linkToTargetMethod(java.lang.Object, long, java.lang.Object)'> (0x00000000eb7bb3b8) 
thrown [src/hotspot/share/interpreter/linkResolver.cpp, line 758]
Event: 0,445 Thread 0x00007f8d34026070 Exception <a 'java/lang/NoSuchMethodError'{0x00000000eb7e8478}: 'java.lang.Object java.lang.invoke.DirectMethodHandle$Holder.newInvokeSpecial(java.lang.Object, java.lang.Object, java.lang.Object, int)'> (0x00000000eb7e8478) 
thrown [src/hotspot/share/interpreter/linkResolver.cpp, line 758]
Event: 0,451 Thread 0x00007f8d34026070 Exception <a 'java/lang/NoSuchMethodError'{0x00000000eb7efde8}: 'java.lang.Object java.lang.invoke.Invokers$Holder.linkToTargetMethod(java.lang.Object, java.lang.Object, int, java.lang.Object)'> (0x00000000eb7efde8) 
thrown [src/hotspot/share/interpreter/linkResolver.cpp, line 758]
Event: 0,669 Thread 0x00007f8d34026070 Exception <a 'java/io/FileNotFoundException'{0x00000000ec09de70}> (0x00000000ec09de70) 
thrown [src/hotspot/share/prims/jni.cpp, line 516]
Event: 0,733 Thread 0x00007f8d34026070 Exception <a 'java/lang/NoSuchMethodError'{0x00000000ec36e008}: 'int java.lang.invoke.DirectMethodHandle$Holder.invokeStaticInit(java.lang.Object, java.lang.Object, java.lang.Object, java.lang.Object)'> (0x00000000ec36e008) 
thrown [src/hotspot/share/interpreter/linkResolver.cpp, line 758]
Event: 0,734 Thread 0x00007f8d34026070 Exception <a 'java/lang/NoSuchMethodError'{0x00000000ec378328}: 'java.lang.Object java.lang.invoke.DirectMethodHandle$Holder.invokeInterface(java.lang.Object, java.lang.Object)'> (0x00000000ec378328) 
thrown [src/hotspot/share/interpreter/linkResolver.cpp, line 758]
Event: 0,735 Thread 0x00007f8d34026070 Exception <a 'java/lang/IncompatibleClassChangeError'{0x00000000ec37bb20}: Found class java.lang.Object, but interface was expected> (0x00000000ec37bb20) 
thrown [src/hotspot/share/interpreter/linkResolver.cpp, line 826]
Event: 0,735 Thread 0x00007f8d34026070 Exception <a 'java/lang/NoSuchMethodError'{0x00000000ec380018}: 'void java.lang.invoke.DirectMethodHandle$Holder.invokeStatic(java.lang.Object, java.lang.Object)'> (0x00000000ec380018) 
thrown [src/hotspot/share/interpreter/linkResolver.cpp, line 758]
Event: 0,735 Thread 0x00007f8d34026070 Exception <a 'java/lang/NoSuchMethodError'{0x00000000ec383818}: 'void java.lang.invoke.DirectMethodHandle$Holder.invokeStaticInit(java.lang.Object, java.lang.Object)'> (0x00000000ec383818) 
thrown [src/hotspot/share/interpreter/linkResolver.cpp, line 758]
Event: 0,736 Thread 0x00007f8d34026070 Exception <a 'java/lang/NoSuchMethodError'{0x00000000ec38ac30}: 'int java.lang.invoke.DirectMethodHandle$Holder.invokeStaticInit(java.lang.Object, java.lang.Object)'> (0x00000000ec38ac30) 
thrown [src/hotspot/share/interpreter/linkResolver.cpp, line 758]
Event: 0,769 Thread 0x00007f8d34026070 Exception <a 'java/lang/NoSuchMethodError'{0x00000000eaba7638}: 'void java.lang.invoke.DirectMethodHandle$Holder.invokeSpecial(java.lang.Object, java.lang.Object, java.lang.Object)'> (0x00000000eaba7638) 
thrown [src/hotspot/share/interpreter/linkResolver.cpp, line 758]
Event: 0,930 Thread 0x00007f8d34026070 Exception <a 'java/lang/NoSuchMethodError'{0x00000000eb72a808}: 'java.lang.Object java.lang.invoke.DirectMethodHandle$Holder.newInvokeSpecial(java.lang.Object, int, java.lang.Object)'> (0x00000000eb72a808) 
thrown [src/hotspot/share/interpreter/linkResolver.cpp, line 758]
Event: 1,008 Thread 0x00007f8d34026070 Exception <a 'java/lang/UnsatisfiedLinkError'{0x00000000ebc0b808}: 'void org.eclipse.equinox.launcher.JNIBridge._update_splash()'> (0x00000000ebc0b808) 
thrown [src/hotspot/share/prims/nativeLookup.cpp, line 543]
Event: 1,249 Thread 0x00007f8d345bb900 Exception <a 'java/io/FileNotFoundException'{0x00000000eb1af0f8}> (0x00000000eb1af0f8) 
thrown [src/hotspot/share/prims/jni.cpp, line 516]
Event: 1,259 Thread 0x00007f8d345bb900 Exception <a 'java/lang/NullPointerException'{0x00000000eb200610}> (0x00000000eb200610) 
thrown [src/hotspot/share/interpreter/linkResolver.cpp, line 1350]
Event: 1,259 Thread 0x00007f8d345bb900 Exception <a 'java/lang/NullPointerException'{0x00000000eb200e38}> (0x00000000eb200e38) 
thrown [src/hotspot/share/interpreter/linkResolver.cpp, line 1350]

VM Operations (20 events):
Event: 0,396 Executing VM operation: HandshakeAllThreads
Event: 0,396 Executing VM operation: HandshakeAllThreads done
Event: 0,410 Executing VM operation: HandshakeAllThreads
Event: 0,410 Executing VM operation: HandshakeAllThreads done
Event: 0,698 Executing VM operation: ICBufferFull
Event: 0,699 Executing VM operation: ICBufferFull done
Event: 0,746 Executing VM operation: ParallelGCFailedAllocation
Event: 0,750 Executing VM operation: ParallelGCFailedAllocation done
Event: 0,911 Executing VM operation: HandshakeAllThreads
Event: 0,911 Executing VM operation: HandshakeAllThreads done
Event: 0,912 Executing VM operation: HandshakeAllThreads
Event: 0,912 Executing VM operation: HandshakeAllThreads done
Event: 0,917 Executing VM operation: HandshakeAllThreads
Event: 0,917 Executing VM operation: HandshakeAllThreads done
Event: 0,926 Executing VM operation: HandshakeAllThreads
Event: 0,926 Executing VM operation: HandshakeAllThreads done
Event: 1,071 Executing VM operation: HandshakeAllThreads
Event: 1,071 Executing VM operation: HandshakeAllThreads done
Event: 1,146 Executing VM operation: ParallelGCFailedAllocation
Event: 1,149 Executing VM operation: ParallelGCFailedAllocation done

Events (20 events):
Event: 1,177 loading class java/util/concurrent/locks/ReentrantLock$FairSync
Event: 1,177 loading class java/util/concurrent/locks/ReentrantLock$FairSync done
Event: 1,178 loading class java/util/Collections$ReverseComparator
Event: 1,178 loading class java/util/Collections$ReverseComparator done
Event: 1,201 loading class javax/xml/parsers/ParserConfigurationException
Event: 1,201 loading class javax/xml/parsers/ParserConfigurationException done
Event: 1,210 loading class java/lang/CloneNotSupportedException
Event: 1,210 loading class java/lang/CloneNotSupportedException done
Event: 1,219 loading class java/util/TreeMap$Values
Event: 1,219 loading class java/util/TreeMap$Values done
Event: 1,219 loading class java/util/TreeMap$ValueIterator
Event: 1,219 loading class java/util/TreeMap$ValueIterator done
Event: 1,249 loading class java/util/function/IntFunction
Event: 1,250 loading class java/util/function/IntFunction done
Event: 1,259 loading class java/util/ImmutableCollections$Map1
Event: 1,259 loading class java/util/ImmutableCollections$Map1 done
Event: 1,259 loading class java/util/AbstractMap$1
Event: 1,259 loading class java/util/AbstractMap$1 done
Event: 1,259 loading class java/util/AbstractMap$1$1
Event: 1,259 loading class java/util/AbstractMap$1$1 done


Dynamic libraries:
c0000000-c4300000 rw-p 00000000 00:00 0 
c4300000-eab00000 ---p 00000000 00:00 0 
eab00000-ecc00000 rw-p 00000000 00:00 0 
ecc00000-100000000 ---p 00000000 00:00 0 
100000000-100020000 rw-p 00000000 00:00 0 
100020000-100040000 rw-p 00000000 00:00 0 
100040000-1000c0000 rw-p 00000000 00:00 0 
1000c0000-1000e0000 rw-p 00000000 00:00 0 
1000e0000-100140000 rw-p 00000000 00:00 0 
100140000-100180000 rw-p 00000000 00:00 0 
100180000-1001e0000 rw-p 00000000 00:00 0 
1001e0000-140000000 ---p 00000000 00:00 0 
56501284a000-56501284b000 r--p 00000000 103:05 1838611                   /home/dani/.vscode/extensions/redhat.java-1.12.0-linux-x64/jre/17.0.4.1-linux-x86_64/bin/java
56501284b000-56501284c000 r-xp 00001000 103:05 1838611                   /home/dani/.vscode/extensions/redhat.java-1.12.0-linux-x64/jre/17.0.4.1-linux-x86_64/bin/java
56501284c000-56501284d000 r--p 00002000 103:05 1838611                   /home/dani/.vscode/extensions/redhat.java-1.12.0-linux-x64/jre/17.0.4.1-linux-x86_64/bin/java
56501284d000-56501284e000 r--p 00002000 103:05 1838611                   /home/dani/.vscode/extensions/redhat.java-1.12.0-linux-x64/jre/17.0.4.1-linux-x86_64/bin/java
56501284e000-56501284f000 rw-p 00003000 103:05 1838611                   /home/dani/.vscode/extensions/redhat.java-1.12.0-linux-x64/jre/17.0.4.1-linux-x86_64/bin/java
565012d02000-565012d23000 rw-p 00000000 00:00 0                          [heap]
7f8cb8000000-7f8cb8021000 rw-p 00000000 00:00 0 
7f8cb8021000-7f8cbc000000 ---p 00000000 00:00 0 
7f8cbc000000-7f8cbc021000 rw-p 00000000 00:00 0 
7f8cbc021000-7f8cc0000000 ---p 00000000 00:00 0 
7f8cc0000000-7f8cc0021000 rw-p 00000000 00:00 0 
7f8cc0021000-7f8cc4000000 ---p 00000000 00:00 0 
7f8cc4000000-7f8cc41f8000 rw-p 00000000 00:00 0 
7f8cc41f8000-7f8cc8000000 ---p 00000000 00:00 0 
7f8cc8000000-7f8cc8021000 rw-p 00000000 00:00 0 
7f8cc8021000-7f8ccc000000 ---p 00000000 00:00 0 
7f8ccc000000-7f8ccc021000 rw-p 00000000 00:00 0 
7f8ccc021000-7f8cd0000000 ---p 00000000 00:00 0 
7f8cd0000000-7f8cd0021000 rw-p 00000000 00:00 0 
7f8cd0021000-7f8cd4000000 ---p 00000000 00:00 0 
7f8cd4000000-7f8cd4021000 rw-p 00000000 00:00 0 
7f8cd4021000-7f8cd8000000 ---p 00000000 00:00 0 
7f8cd8000000-7f8cd8021000 rw-p 00000000 00:00 0 
7f8cd8021000-7f8cdc000000 ---p 00000000 00:00 0 
7f8cdc000000-7f8cdc021000 rw-p 00000000 00:00 0 
7f8cdc021000-7f8ce0000000 ---p 00000000 00:00 0 
7f8ce0000000-7f8ce0021000 rw-p 00000000 00:00 0 
7f8ce0021000-7f8ce4000000 ---p 00000000 00:00 0 
7f8ce4000000-7f8ce4021000 rw-p 00000000 00:00 0 
7f8ce4021000-7f8ce8000000 ---p 00000000 00:00 0 
7f8cead15000-7f8ceb100000 rw-p 00000000 00:00 0 
7f8ceb100000-7f8ceb104000 ---p 00000000 00:00 0 
7f8ceb104000-7f8ceb200000 rw-p 00000000 00:00 0 
7f8ceb200000-7f8ceb210000 r-xp 00000000 103:05 1839203                   /home/dani/.config/Code/User/globalStorage/redhat.java/1.12.0/config_ss_linux/org.eclipse.equinox.launcher/org.eclipse.equinox.launcher.gtk.linux.x86_64_1.2.600.v20220720-1916/eclipse_11701.so
7f8ceb210000-7f8ceb40f000 ---p 00010000 103:05 1839203                   /home/dani/.config/Code/User/globalStorage/redhat.java/1.12.0/config_ss_linux/org.eclipse.equinox.launcher/org.eclipse.equinox.launcher.gtk.linux.x86_64_1.2.600.v20220720-1916/eclipse_11701.so
7f8ceb40f000-7f8ceb410000 r--p 0000f000 103:05 1839203                   /home/dani/.config/Code/User/globalStorage/redhat.java/1.12.0/config_ss_linux/org.eclipse.equinox.launcher/org.eclipse.equinox.launcher.gtk.linux.x86_64_1.2.600.v20220720-1916/eclipse_11701.so
7f8ceb410000-7f8ceb411000 rw-p 00010000 103:05 1839203                   /home/dani/.config/Code/User/globalStorage/redhat.java/1.12.0/config_ss_linux/org.eclipse.equinox.launcher/org.eclipse.equinox.launcher.gtk.linux.x86_64_1.2.600.v20220720-1916/eclipse_11701.so
7f8ceb411000-7f8ceb412000 rw-p 00000000 00:00 0 
7f8ceb500000-7f8ceb504000 ---p 00000000 00:00 0 
7f8ceb504000-7f8ceb600000 rw-p 00000000 00:00 0 
7f8ceb600000-7f8ceb604000 ---p 00000000 00:00 0 
7f8ceb604000-7f8ceb700000 rw-p 00000000 00:00 0 
7f8ceb700000-7f8ceb704000 ---p 00000000 00:00 0 
7f8ceb704000-7f8ceb900000 rw-p 00000000 00:00 0 
7f8ceb900000-7f8ceba00000 rw-p 00000000 00:00 0 
7f8ceba00000-7f8cebb00000 rw-p 00000000 00:00 0 
7f8cebb00000-7f8cebc00000 rw-p 00000000 00:00 0 
7f8cebc00000-7f8cebd80000 rw-p 00000000 00:00 0 
7f8cebd80000-7f8cebe00000 rw-p 00000000 00:00 0 
7f8cebe00000-7f8cebf80000 rw-p 00000000 00:00 0 
7f8cebf80000-7f8cec000000 ---p 00000000 00:00 0 
7f8cec000000-7f8cec021000 rw-p 00000000 00:00 0 
7f8cec021000-7f8cf0000000 ---p 00000000 00:00 0 
7f8cf0000000-7f8cf0021000 rw-p 00000000 00:00 0 
7f8cf0021000-7f8cf4000000 ---p 00000000 00:00 0 
7f8cf4000000-7f8cf4432000 rw-p 00000000 00:00 0 
7f8cf4432000-7f8cf8000000 ---p 00000000 00:00 0 
7f8cf8000000-7f8cf8021000 rw-p 00000000 00:00 0 
7f8cf8021000-7f8cfc000000 ---p 00000000 00:00 0 
7f8cfc000000-7f8cfc021000 rw-p 00000000 00:00 0 
7f8cfc021000-7f8d00000000 ---p 00000000 00:00 0 
7f8d00000000-7f8d0046f000 rw-p 00000000 00:00 0 
7f8d0046f000-7f8d04000000 ---p 00000000 00:00 0 
7f8d04000000-7f8d04021000 rw-p 00000000 00:00 0 
7f8d04021000-7f8d08000000 ---p 00000000 00:00 0 
7f8d08000000-7f8d08021000 rw-p 00000000 00:00 0 
7f8d08021000-7f8d0c000000 ---p 00000000 00:00 0 
7f8d0c000000-7f8d0c021000 rw-p 00000000 00:00 0 
7f8d0c021000-7f8d10000000 ---p 00000000 00:00 0 
7f8d10000000-7f8d10021000 rw-p 00000000 00:00 0 
7f8d10021000-7f8d14000000 ---p 00000000 00:00 0 
7f8d14000000-7f8d14021000 rw-p 00000000 00:00 0 
7f8d14021000-7f8d18000000 ---p 00000000 00:00 0 
7f8d180e3000-7f8d180ea000 r--s 00000000 103:05 15205870                  /usr/lib/x86_64-linux-gnu/gconv/gconv-modules.cache
7f8d180ea000-7f8d180ee000 ---p 00000000 00:00 0 
7f8d180ee000-7f8d181ea000 rw-p 00000000 00:00 0 
7f8d181ea000-7f8d181eb000 ---p 00000000 00:00 0 
7f8d181eb000-7f8d182ec000 rw-p 00000000 00:00 0 
7f8d182ec000-7f8d182ed000 ---p 00000000 00:00 0 
7f8d182ed000-7f8d183ee000 rw-p 00000000 00:00 0 
7f8d183ee000-7f8d183ef000 ---p 00000000 00:00 0 
7f8d183ef000-7f8d184f0000 rw-p 00000000 00:00 0 
7f8d184f0000-7f8d184f1000 ---p 00000000 00:00 0 
7f8d184f1000-7f8d185f2000 rw-p 00000000 00:00 0 
7f8d185f2000-7f8d185f3000 ---p 00000000 00:00 0 
7f8d185f3000-7f8d186f4000 rw-p 00000000 00:00 0 
7f8d186f4000-7f8d186f8000 ---p 00000000 00:00 0 
7f8d186f8000-7f8d18716000 rw-p 00000000 00:00 0 
7f8d18716000-7f8d18717000 ---p 00000000 00:00 0 
7f8d18717000-7f8d18818000 rw-p 00000000 00:00 0 
7f8d18818000-7f8d1881c000 ---p 00000000 00:00 0 
7f8d1881c000-7f8d18918000 rw-p 00000000 00:00 0 
7f8d18918000-7f8d1891c000 r--p 00000000 103:05 1839008                   /home/dani/.vscode/extensions/redhat.java-1.12.0-linux-x64/jre/17.0.4.1-linux-x86_64/lib/libnet.so
7f8d1891c000-7f8d1892a000 r-xp 00004000 103:05 1839008                   /home/dani/.vscode/extensions/redhat.java-1.12.0-linux-x64/jre/17.0.4.1-linux-x86_64/lib/libnet.so
7f8d1892a000-7f8d1892e000 r--p 00012000 103:05 1839008                   /home/dani/.vscode/extensions/redhat.java-1.12.0-linux-x64/jre/17.0.4.1-linux-x86_64/lib/libnet.so
7f8d1892e000-7f8d1892f000 r--p 00015000 103:05 1839008                   /home/dani/.vscode/extensions/redhat.java-1.12.0-linux-x64/jre/17.0.4.1-linux-x86_64/lib/libnet.so
7f8d1892f000-7f8d18930000 rw-p 00016000 103:05 1839008                   /home/dani/.vscode/extensions/redhat.java-1.12.0-linux-x64/jre/17.0.4.1-linux-x86_64/lib/libnet.so
7f8d18930000-7f8d18934000 ---p 00000000 00:00 0 
7f8d18934000-7f8d18a30000 rw-p 00000000 00:00 0 
7f8d18a30000-7f8d18a34000 ---p 00000000 00:00 0 
7f8d18a34000-7f8d18b30000 rw-p 00000000 00:00 0 
7f8d18b30000-7f8d18b34000 ---p 00000000 00:00 0 
7f8d18b34000-7f8d18c30000 rw-p 00000000 00:00 0 
7f8d18c30000-7f8d18c34000 ---p 00000000 00:00 0 
7f8d18c34000-7f8d18d30000 rw-p 00000000 00:00 0 
7f8d18d30000-7f8d18d34000 ---p 00000000 00:00 0 
7f8d18d34000-7f8d18e30000 rw-p 00000000 00:00 0 
7f8d18e30000-7f8d18e34000 ---p 00000000 00:00 0 
7f8d18e34000-7f8d18f30000 rw-p 00000000 00:00 0 
7f8d18f30000-7f8d18f34000 ---p 00000000 00:00 0 
7f8d18f34000-7f8d19030000 rw-p 00000000 00:00 0 
7f8d19030000-7f8d1a0ea000 r--p 00000000 103:05 14423215                  /usr/lib/locale/locale-archive
7f8d1a0ea000-7f8d1a0ee000 ---p 00000000 00:00 0 
7f8d1a0ee000-7f8d1a1ea000 rw-p 00000000 00:00 0 
7f8d1a1ea000-7f8d1a1ee000 ---p 00000000 00:00 0 
7f8d1a1ee000-7f8d1a2ea000 rw-p 00000000 00:00 0 
7f8d1a2ea000-7f8d1a2eb000 ---p 00000000 00:00 0 
7f8d1a2eb000-7f8d1bc00000 rw-p 00000000 00:00 0 
7f8d1bc00000-7f8d1bc80000 rw-p 00000000 00:00 0 
7f8d1bc80000-7f8d1bd00000 rw-p 00000000 00:00 0 
7f8d1bd00000-7f8d1c000000 rw-p 00000000 00:00 0 
7f8d1c000000-7f8d1c021000 rw-p 00000000 00:00 0 
7f8d1c021000-7f8d20000000 ---p 00000000 00:00 0 
7f8d20003000-7f8d20007000 r--p 00000000 103:05 1839015                   /home/dani/.vscode/extensions/redhat.java-1.12.0-linux-x64/jre/17.0.4.1-linux-x86_64/lib/libverify.so
7f8d20007000-7f8d2000e000 r-xp 00004000 103:05 1839015                   /home/dani/.vscode/extensions/redhat.java-1.12.0-linux-x64/jre/17.0.4.1-linux-x86_64/lib/libverify.so
7f8d2000e000-7f8d20010000 r--p 0000b000 103:05 1839015                   /home/dani/.vscode/extensions/redhat.java-1.12.0-linux-x64/jre/17.0.4.1-linux-x86_64/lib/libverify.so
7f8d20010000-7f8d20012000 r--p 0000c000 103:05 1839015                   /home/dani/.vscode/extensions/redhat.java-1.12.0-linux-x64/jre/17.0.4.1-linux-x86_64/lib/libverify.so
7f8d20012000-7f8d20013000 rw-p 0000e000 103:05 1839015                   /home/dani/.vscode/extensions/redhat.java-1.12.0-linux-x64/jre/17.0.4.1-linux-x86_64/lib/libverify.so
7f8d20013000-7f8d223f0000 rw-p 00000000 00:00 0 
7f8d223f0000-7f8d22660000 rwxp 00000000 00:00 0 
7f8d22660000-7f8d22981000 ---p 00000000 00:00 0 
7f8d22981000-7f8d22c81000 rwxp 00000000 00:00 0 
7f8d22c81000-7f8d29eb8000 ---p 00000000 00:00 0 
7f8d29eb8000-7f8d2a128000 rwxp 00000000 00:00 0 
7f8d2a128000-7f8d313f0000 ---p 00000000 00:00 0 
7f8d313f0000-7f8d34000000 r--s 00000000 103:05 1839017                   /home/dani/.vscode/extensions/redhat.java-1.12.0-linux-x64/jre/17.0.4.1-linux-x86_64/lib/modules
7f8d34000000-7f8d34612000 rw-p 00000000 00:00 0 
7f8d34612000-7f8d38000000 ---p 00000000 00:00 0 
7f8d38002000-7f8d38009000 r--p 00000000 103:05 1839009                   /home/dani/.vscode/extensions/redhat.java-1.12.0-linux-x64/jre/17.0.4.1-linux-x86_64/lib/libnio.so
7f8d38009000-7f8d38012000 r-xp 00007000 103:05 1839009                   /home/dani/.vscode/extensions/redhat.java-1.12.0-linux-x64/jre/17.0.4.1-linux-x86_64/lib/libnio.so
7f8d38012000-7f8d38016000 r--p 00010000 103:05 1839009                   /home/dani/.vscode/extensions/redhat.java-1.12.0-linux-x64/jre/17.0.4.1-linux-x86_64/lib/libnio.so
7f8d38016000-7f8d38017000 ---p 00014000 103:05 1839009                   /home/dani/.vscode/extensions/redhat.java-1.12.0-linux-x64/jre/17.0.4.1-linux-x86_64/lib/libnio.so
7f8d38017000-7f8d38018000 r--p 00014000 103:05 1839009                   /home/dani/.vscode/extensions/redhat.java-1.12.0-linux-x64/jre/17.0.4.1-linux-x86_64/lib/libnio.so
7f8d38018000-7f8d38019000 rw-p 00015000 103:05 1839009                   /home/dani/.vscode/extensions/redhat.java-1.12.0-linux-x64/jre/17.0.4.1-linux-x86_64/lib/libnio.so
7f8d38019000-7f8d3801b000 r--p 00000000 103:05 1839016                   /home/dani/.vscode/extensions/redhat.java-1.12.0-linux-x64/jre/17.0.4.1-linux-x86_64/lib/libzip.so
7f8d3801b000-7f8d3801f000 r-xp 00002000 103:05 1839016                   /home/dani/.vscode/extensions/redhat.java-1.12.0-linux-x64/jre/17.0.4.1-linux-x86_64/lib/libzip.so
7f8d3801f000-7f8d38021000 r--p 00006000 103:05 1839016                   /home/dani/.vscode/extensions/redhat.java-1.12.0-linux-x64/jre/17.0.4.1-linux-x86_64/lib/libzip.so
7f8d38021000-7f8d38022000 r--p 00007000 103:05 1839016                   /home/dani/.vscode/extensions/redhat.java-1.12.0-linux-x64/jre/17.0.4.1-linux-x86_64/lib/libzip.so
7f8d38022000-7f8d38023000 rw-p 00008000 103:05 1839016                   /home/dani/.vscode/extensions/redhat.java-1.12.0-linux-x64/jre/17.0.4.1-linux-x86_64/lib/libzip.so
7f8d38023000-7f8d3809a000 rw-p 00000000 00:00 0 
7f8d3809a000-7f8d381ce000 ---p 00000000 00:00 0 
7f8d381ce000-7f8d381cf000 ---p 00000000 00:00 0 
7f8d381cf000-7f8d382f2000 rw-p 00000000 00:00 0 
7f8d382f2000-7f8d38425000 ---p 00000000 00:00 0 
7f8d38425000-7f8d38436000 rw-p 00000000 00:00 0 
7f8d38436000-7f8d384d0000 ---p 00000000 00:00 0 
7f8d384d0000-7f8d384d6000 rw-p 00000000 00:00 0 
7f8d384d6000-7f8d385bc000 ---p 00000000 00:00 0 
7f8d385bc000-7f8d385c2000 rw-p 00000000 00:00 0 
7f8d385c2000-7f8d386a7000 ---p 00000000 00:00 0 
7f8d386a7000-7f8d386ac000 rw-p 00000000 00:00 0 
7f8d386ac000-7f8d386b3000 ---p 00000000 00:00 0 
7f8d386b3000-7f8d386bb000 rw-s 00000000 103:05 3539359                   /tmp/hsperfdata_dani/24178
7f8d386bb000-7f8d386c8000 r--p 00000000 103:05 1838995                   /home/dani/.vscode/extensions/redhat.java-1.12.0-linux-x64/jre/17.0.4.1-linux-x86_64/lib/libjava.so
7f8d386c8000-7f8d386da000 r-xp 0000d000 103:05 1838995                   /home/dani/.vscode/extensions/redhat.java-1.12.0-linux-x64/jre/17.0.4.1-linux-x86_64/lib/libjava.so
7f8d386da000-7f8d386e0000 r--p 0001f000 103:05 1838995                   /home/dani/.vscode/extensions/redhat.java-1.12.0-linux-x64/jre/17.0.4.1-linux-x86_64/lib/libjava.so
7f8d386e0000-7f8d386e1000 ---p 00025000 103:05 1838995                   /home/dani/.vscode/extensions/redhat.java-1.12.0-linux-x64/jre/17.0.4.1-linux-x86_64/lib/libjava.so
7f8d386e1000-7f8d386e2000 r--p 00025000 103:05 1838995                   /home/dani/.vscode/extensions/redhat.java-1.12.0-linux-x64/jre/17.0.4.1-linux-x86_64/lib/libjava.so
7f8d386e2000-7f8d386e3000 rw-p 00026000 103:05 1838995                   /home/dani/.vscode/extensions/redhat.java-1.12.0-linux-x64/jre/17.0.4.1-linux-x86_64/lib/libjava.so
7f8d386e3000-7f8d386e4000 rw-p 00000000 00:00 0 
7f8d386e4000-7f8d386e8000 r--p 00000000 103:05 1838999                   /home/dani/.vscode/extensions/redhat.java-1.12.0-linux-x64/jre/17.0.4.1-linux-x86_64/lib/libjimage.so
7f8d386e8000-7f8d386fb000 r-xp 00004000 103:05 1838999                   /home/dani/.vscode/extensions/redhat.java-1.12.0-linux-x64/jre/17.0.4.1-linux-x86_64/lib/libjimage.so
7f8d386fb000-7f8d38701000 r--p 00017000 103:05 1838999                   /home/dani/.vscode/extensions/redhat.java-1.12.0-linux-x64/jre/17.0.4.1-linux-x86_64/lib/libjimage.so
7f8d38701000-7f8d38703000 r--p 0001c000 103:05 1838999                   /home/dani/.vscode/extensions/redhat.java-1.12.0-linux-x64/jre/17.0.4.1-linux-x86_64/lib/libjimage.so
7f8d38703000-7f8d38704000 rw-p 0001e000 103:05 1838999                   /home/dani/.vscode/extensions/redhat.java-1.12.0-linux-x64/jre/17.0.4.1-linux-x86_64/lib/libjimage.so
7f8d38704000-7f8d38708000 ---p 00000000 00:00 0 
7f8d38708000-7f8d38804000 rw-p 00000000 00:00 0 
7f8d38804000-7f8d38812000 r--p 00000000 103:05 14424661                  /usr/lib/x86_64-linux-gnu/libm.so.6
7f8d38812000-7f8d3888e000 r-xp 0000e000 103:05 14424661                  /usr/lib/x86_64-linux-gnu/libm.so.6
7f8d3888e000-7f8d388e9000 r--p 0008a000 103:05 14424661                  /usr/lib/x86_64-linux-gnu/libm.so.6
7f8d388e9000-7f8d388ea000 r--p 000e4000 103:05 14424661                  /usr/lib/x86_64-linux-gnu/libm.so.6
7f8d388ea000-7f8d388eb000 rw-p 000e5000 103:05 14424661                  /usr/lib/x86_64-linux-gnu/libm.so.6
7f8d388eb000-7f8d388ec000 r--p 00000000 103:05 14424986                  /usr/lib/x86_64-linux-gnu/librt.so.1
7f8d388ec000-7f8d388ed000 r-xp 00001000 103:05 14424986                  /usr/lib/x86_64-linux-gnu/librt.so.1
7f8d388ed000-7f8d388ee000 r--p 00002000 103:05 14424986                  /usr/lib/x86_64-linux-gnu/librt.so.1
7f8d388ee000-7f8d388ef000 r--p 00002000 103:05 14424986                  /usr/lib/x86_64-linux-gnu/librt.so.1
7f8d388ef000-7f8d388f0000 rw-p 00003000 103:05 14424986                  /usr/lib/x86_64-linux-gnu/librt.so.1
7f8d388f0000-7f8d38b41000 r--p 00000000 103:05 1839027                   /home/dani/.vscode/extensions/redhat.java-1.12.0-linux-x64/jre/17.0.4.1-linux-x86_64/lib/server/libjvm.so
7f8d38b41000-7f8d3985a000 r-xp 00251000 103:05 1839027                   /home/dani/.vscode/extensions/redhat.java-1.12.0-linux-x64/jre/17.0.4.1-linux-x86_64/lib/server/libjvm.so
7f8d3985a000-7f8d39ae5000 r--p 00f6a000 103:05 1839027                   /home/dani/.vscode/extensions/redhat.java-1.12.0-linux-x64/jre/17.0.4.1-linux-x86_64/lib/server/libjvm.so
7f8d39ae5000-7f8d39b9e000 r--p 011f4000 103:05 1839027                   /home/dani/.vscode/extensions/redhat.java-1.12.0-linux-x64/jre/17.0.4.1-linux-x86_64/lib/server/libjvm.so
7f8d39b9e000-7f8d39bd3000 rw-p 012ad000 103:05 1839027                   /home/dani/.vscode/extensions/redhat.java-1.12.0-linux-x64/jre/17.0.4.1-linux-x86_64/lib/server/libjvm.so
7f8d39bd3000-7f8d39c30000 rw-p 00000000 00:00 0 
7f8d39c30000-7f8d39c58000 r--p 00000000 103:05 14424010                  /usr/lib/x86_64-linux-gnu/libc.so.6
7f8d39c58000-7f8d39ded000 r-xp 00028000 103:05 14424010                  /usr/lib/x86_64-linux-gnu/libc.so.6
7f8d39ded000-7f8d39e45000 r--p 001bd000 103:05 14424010                  /usr/lib/x86_64-linux-gnu/libc.so.6
7f8d39e45000-7f8d39e49000 r--p 00214000 103:05 14424010                  /usr/lib/x86_64-linux-gnu/libc.so.6
7f8d39e49000-7f8d39e4b000 rw-p 00218000 103:05 14424010                  /usr/lib/x86_64-linux-gnu/libc.so.6
7f8d39e4b000-7f8d39e58000 rw-p 00000000 00:00 0 
7f8d39e58000-7f8d39e59000 r--p 00000000 103:05 14424152                  /usr/lib/x86_64-linux-gnu/libdl.so.2
7f8d39e59000-7f8d39e5a000 r-xp 00001000 103:05 14424152                  /usr/lib/x86_64-linux-gnu/libdl.so.2
7f8d39e5a000-7f8d39e5b000 r--p 00002000 103:05 14424152                  /usr/lib/x86_64-linux-gnu/libdl.so.2
7f8d39e5b000-7f8d39e5c000 r--p 00002000 103:05 14424152                  /usr/lib/x86_64-linux-gnu/libdl.so.2
7f8d39e5c000-7f8d39e5d000 rw-p 00003000 103:05 14424152                  /usr/lib/x86_64-linux-gnu/libdl.so.2
7f8d39e5d000-7f8d39e5e000 r--p 00000000 103:05 14424930                  /usr/lib/x86_64-linux-gnu/libpthread.so.0
7f8d39e5e000-7f8d39e5f000 r-xp 00001000 103:05 14424930                  /usr/lib/x86_64-linux-gnu/libpthread.so.0
7f8d39e5f000-7f8d39e60000 r--p 00002000 103:05 14424930                  /usr/lib/x86_64-linux-gnu/libpthread.so.0
7f8d39e60000-7f8d39e61000 r--p 00002000 103:05 14424930                  /usr/lib/x86_64-linux-gnu/libpthread.so.0
7f8d39e61000-7f8d39e62000 rw-p 00003000 103:05 14424930                  /usr/lib/x86_64-linux-gnu/libpthread.so.0
7f8d39e62000-7f8d39e65000 r--p 00000000 103:05 1839000                   /home/dani/.vscode/extensions/redhat.java-1.12.0-linux-x64/jre/17.0.4.1-linux-x86_64/lib/libjli.so
7f8d39e65000-7f8d39e6f000 r-xp 00003000 103:05 1839000                   /home/dani/.vscode/extensions/redhat.java-1.12.0-linux-x64/jre/17.0.4.1-linux-x86_64/lib/libjli.so
7f8d39e6f000-7f8d39e72000 r--p 0000d000 103:05 1839000                   /home/dani/.vscode/extensions/redhat.java-1.12.0-linux-x64/jre/17.0.4.1-linux-x86_64/lib/libjli.so
7f8d39e72000-7f8d39e73000 ---p 00010000 103:05 1839000                   /home/dani/.vscode/extensions/redhat.java-1.12.0-linux-x64/jre/17.0.4.1-linux-x86_64/lib/libjli.so
7f8d39e73000-7f8d39e74000 r--p 00010000 103:05 1839000                   /home/dani/.vscode/extensions/redhat.java-1.12.0-linux-x64/jre/17.0.4.1-linux-x86_64/lib/libjli.so
7f8d39e74000-7f8d39e75000 rw-p 00011000 103:05 1839000                   /home/dani/.vscode/extensions/redhat.java-1.12.0-linux-x64/jre/17.0.4.1-linux-x86_64/lib/libjli.so
7f8d39e75000-7f8d39e77000 r--p 00000000 103:05 14418590                  /usr/lib/x86_64-linux-gnu/libz.so.1.2.11
7f8d39e77000-7f8d39e88000 r-xp 00002000 103:05 14418590                  /usr/lib/x86_64-linux-gnu/libz.so.1.2.11
7f8d39e88000-7f8d39e8e000 r--p 00013000 103:05 14418590                  /usr/lib/x86_64-linux-gnu/libz.so.1.2.11
7f8d39e8e000-7f8d39e8f000 ---p 00019000 103:05 14418590                  /usr/lib/x86_64-linux-gnu/libz.so.1.2.11
7f8d39e8f000-7f8d39e90000 r--p 00019000 103:05 14418590                  /usr/lib/x86_64-linux-gnu/libz.so.1.2.11
7f8d39e90000-7f8d39e91000 rw-p 0001a000 103:05 14418590                  /usr/lib/x86_64-linux-gnu/libz.so.1.2.11
7f8d39e94000-7f8d39e96000 r--p 00000000 103:05 1838990                   /home/dani/.vscode/extensions/redhat.java-1.12.0-linux-x64/jre/17.0.4.1-linux-x86_64/lib/libinstrument.so
7f8d39e96000-7f8d39e9c000 r-xp 00002000 103:05 1838990                   /home/dani/.vscode/extensions/redhat.java-1.12.0-linux-x64/jre/17.0.4.1-linux-x86_64/lib/libinstrument.so
7f8d39e9c000-7f8d39e9f000 r--p 00008000 103:05 1838990                   /home/dani/.vscode/extensions/redhat.java-1.12.0-linux-x64/jre/17.0.4.1-linux-x86_64/lib/libinstrument.so
7f8d39e9f000-7f8d39ea0000 r--p 0000a000 103:05 1838990                   /home/dani/.vscode/extensions/redhat.java-1.12.0-linux-x64/jre/17.0.4.1-linux-x86_64/lib/libinstrument.so
7f8d39ea0000-7f8d39ea1000 rw-p 0000b000 103:05 1838990                   /home/dani/.vscode/extensions/redhat.java-1.12.0-linux-x64/jre/17.0.4.1-linux-x86_64/lib/libinstrument.so
7f8d39ea1000-7f8d39ea2000 ---p 00000000 00:00 0 
7f8d39ea2000-7f8d39ea3000 r--p 00000000 00:00 0 
7f8d39ea3000-7f8d39ea5000 rw-p 00000000 00:00 0 
7f8d39ea5000-7f8d39ea7000 r--p 00000000 103:05 14423673                  /usr/lib/x86_64-linux-gnu/ld-linux-x86-64.so.2
7f8d39ea7000-7f8d39ed1000 r-xp 00002000 103:05 14423673                  /usr/lib/x86_64-linux-gnu/ld-linux-x86-64.so.2
7f8d39ed1000-7f8d39edc000 r--p 0002c000 103:05 14423673                  /usr/lib/x86_64-linux-gnu/ld-linux-x86-64.so.2
7f8d39edc000-7f8d39edd000 ---p 00000000 00:00 0 
7f8d39edd000-7f8d39edf000 r--p 00037000 103:05 14423673                  /usr/lib/x86_64-linux-gnu/ld-linux-x86-64.so.2
7f8d39edf000-7f8d39ee1000 rw-p 00039000 103:05 14423673                  /usr/lib/x86_64-linux-gnu/ld-linux-x86-64.so.2
7ffd578be000-7ffd578e0000 rw-p 00000000 00:00 0                          [stack]
7ffd579c2000-7ffd579c6000 r--p 00000000 00:00 0                          [vvar]
7ffd579c6000-7ffd579c8000 r-xp 00000000 00:00 0                          [vdso]
ffffffffff600000-ffffffffff601000 --xp 00000000 00:00 0                  [vsyscall]


VM Arguments:
jvm_args: --add-modules=ALL-SYSTEM --add-opens=java.base/java.util=ALL-UNNAMED --add-opens=java.base/java.lang=ALL-UNNAMED --add-opens=java.base/sun.nio.fs=ALL-UNNAMED -Declipse.application=org.eclipse.jdt.ls.core.id1 -Dosgi.bundles.defaultStartLevel=4 -Declipse.product=org.eclipse.jdt.ls.core.product -Djava.import.generatesMetadataFilesAtProjectRoot=false -Dfile.encoding=utf8 -XX:+UseParallelGC -XX:GCTimeRatio=4 -XX:AdaptiveSizePolicyWeight=90 -Dsun.zip.disableMemoryMapping=true -Xmx1G -Xms100m -Xlog:disable -javaagent:/home/dani/.vscode/extensions/redhat.java-1.12.0-linux-x64/lombok/lombok-1.18.24.jar 
java_command: /home/dani/.vscode/extensions/redhat.java-1.12.0-linux-x64/server/plugins/org.eclipse.equinox.launcher_1.6.400.v20210924-0641.jar -configuration /home/dani/.config/Code/User/globalStorage/redhat.java/1.12.0/config_ss_linux -data /home/dani/.config/Code/User/workspaceStorage/7fee77576d7d5a65ef935e173c6127e0/redhat.java/ss_ws
java_class_path (initial): /home/dani/.vscode/extensions/redhat.java-1.12.0-linux-x64/server/plugins/org.eclipse.equinox.launcher_1.6.400.v20210924-0641.jar
Launcher Type: SUN_STANDARD

[Global flags]
    uintx AdaptiveSizePolicyWeight                 = 90                                        {product} {command line}
     intx CICompilerCount                          = 3                                         {product} {ergonomic}
    uintx GCTimeRatio                              = 4                                         {product} {command line}
   size_t InitialHeapSize                          = 104857600                                 {product} {command line}
   size_t MaxHeapSize                              = 1073741824                                {product} {command line}
   size_t MaxNewSize                               = 357564416                                 {product} {ergonomic}
   size_t MinHeapDeltaBytes                        = 524288                                    {product} {ergonomic}
   size_t MinHeapSize                              = 104857600                                 {product} {command line}
   size_t NewSize                                  = 34603008                                  {product} {ergonomic}
    uintx NonNMethodCodeHeapSize                   = 5832780                                {pd product} {ergonomic}
    uintx NonProfiledCodeHeapSize                  = 122912730                              {pd product} {ergonomic}
   size_t OldSize                                  = 70254592                                  {product} {ergonomic}
    uintx ProfiledCodeHeapSize                     = 122912730                              {pd product} {ergonomic}
    uintx ReservedCodeCacheSize                    = 251658240                              {pd product} {ergonomic}
     bool SegmentedCodeCache                       = true                                      {product} {ergonomic}
   size_t SoftMaxHeapSize                          = 1073741824                             {manageable} {ergonomic}
     bool UseCompressedClassPointers               = true                           {product lp64_product} {ergonomic}
     bool UseCompressedOops                        = true                           {product lp64_product} {ergonomic}
     bool UseParallelGC                            = true                                      {product} {command line}

Logging:
Log output configuration:
 #0: stdout all=off uptime,level,tags
 #1: stderr all=off uptime,level,tags

Environment Variables:
PATH=/usr/local/sbin:/usr/local/bin:/usr/sbin:/usr/bin:/sbin:/bin:/usr/games:/usr/local/games:/snap/bin:/snap/bin
USERNAME=dani
SHELL=/bin/bash
DISPLAY=:0
LANG=en_US.UTF-8
LC_NUMERIC=hu_HU.UTF-8
LC_TIME=hu_HU.UTF-8
TERM=xterm-256color

Signal Handlers:
   SIGSEGV: crash_handler in libjvm.so, mask=11100100010111111101111111111110, flags=SA_RESTART|SA_SIGINFO
    SIGBUS: crash_handler in libjvm.so, mask=11100100010111111101111111111110, flags=SA_RESTART|SA_SIGINFO
    SIGFPE: crash_handler in libjvm.so, mask=11100100010111111101111111111110, flags=SA_RESTART|SA_SIGINFO
   SIGPIPE: javaSignalHandler in libjvm.so, mask=11100100010111111101111111111110, flags=SA_RESTART|SA_SIGINFO
   SIGXFSZ: javaSignalHandler in libjvm.so, mask=11100100010111111101111111111110, flags=SA_RESTART|SA_SIGINFO
    SIGILL: crash_handler in libjvm.so, mask=11100100010111111101111111111110, flags=SA_RESTART|SA_SIGINFO
   SIGUSR2: SR_handler in libjvm.so, mask=00000000000000000000000000000000, flags=SA_RESTART|SA_SIGINFO
    SIGHUP: UserHandler in libjvm.so, mask=11100100010111111101111111111110, flags=SA_RESTART|SA_SIGINFO
    SIGINT: UserHandler in libjvm.so, mask=11100100010111111101111111111110, flags=SA_RESTART|SA_SIGINFO
   SIGTERM: UserHandler in libjvm.so, mask=11100100010111111101111111111110, flags=SA_RESTART|SA_SIGINFO
   SIGQUIT: UserHandler in libjvm.so, mask=11100100010111111101111111111110, flags=SA_RESTART|SA_SIGINFO
  *** Handler was modified!
  *** Expected: javaSignalHandler in libjvm.so, mask=11100100110111111111111111111110, flags=SA_RESTART|SA_SIGINFO
   SIGTRAP: crash_handler in libjvm.so, mask=11100100010111111101111111111110, flags=SA_RESTART|SA_SIGINFO


---------------  S Y S T E M  ---------------

OS:
DISTRIB_ID=Ubuntu
DISTRIB_RELEASE=22.04
DISTRIB_CODENAME=jammy
DISTRIB_DESCRIPTION="Ubuntu 22.04.1 LTS"
uname: Linux 5.15.0-52-generic #58-Ubuntu SMP Thu Oct 13 08:03:55 UTC 2022 x86_64
OS uptime: 0 days 1:19 hours
libc: glibc 2.35 NPTL 2.35 
rlimit (soft/hard): STACK 8192k/infinity , CORE 0k/infinity , NPROC 28973/28973 , NOFILE 1048576/1048576 , AS infinity/infinity , CPU infinity/infinity , DATA infinity/infinity , FSIZE infinity/infinity , MEMLOCK 935972k/935972k
load average: 0,66 0,47 0,50

/proc/meminfo:
MemTotal:        7487788 kB
MemFree:          127936 kB
MemAvailable:    1206848 kB
Buffers:           55124 kB
Cached:          1257124 kB
SwapCached:        28148 kB
Active:          1599864 kB
Inactive:        4730092 kB
Active(anon):     860104 kB
Inactive(anon):  4237704 kB
Active(file):     739760 kB
Inactive(file):   492388 kB
Unevictable:          32 kB
Mlocked:              32 kB
SwapTotal:       2097148 kB
SwapFree:        1222396 kB
Dirty:               840 kB
Writeback:             0 kB
AnonPages:       5004976 kB
Mapped:           706332 kB
Shmem:             79972 kB
KReclaimable:     129096 kB
Slab:             287444 kB
SReclaimable:     129096 kB
SUnreclaim:       158348 kB
KernelStack:       28512 kB
PageTables:        60908 kB
NFS_Unstable:          0 kB
Bounce:                0 kB
WritebackTmp:          0 kB
CommitLimit:     5841040 kB
Committed_AS:   15446356 kB
VmallocTotal:   34359738367 kB
VmallocUsed:       65380 kB
VmallocChunk:          0 kB
Percpu:            19264 kB
HardwareCorrupted:     0 kB
AnonHugePages:         0 kB
ShmemHugePages:        0 kB
ShmemPmdMapped:        0 kB
FileHugePages:         0 kB
FilePmdMapped:         0 kB
HugePages_Total:       0
HugePages_Free:        0
HugePages_Rsvd:        0
HugePages_Surp:        0
Hugepagesize:       2048 kB
Hugetlb:               0 kB
DirectMap4k:     1051184 kB
DirectMap2M:     5632000 kB
DirectMap1G:     2097152 kB

/sys/kernel/mm/transparent_hugepage/enabled: always [madvise] never
/sys/kernel/mm/transparent_hugepage/defrag (defrag/compaction efforts parameter): always defer defer+madvise [madvise] never

Process Memory:
Virtual Size: 4178180K (peak: 4178180K)
Resident Set Size: 105328K (peak: 105328K) (anon: 78024K, file: 27304K, shmem: 0K)
Swapped out: 0K
C-Heap outstanding allocations: 41351K, retained: 4244K
glibc malloc tunables: (default)

/proc/sys/kernel/threads-max (system-wide limit on the number of threads): 57946
/proc/sys/vm/max_map_count (maximum number of memory map areas a process may have): 65530
/proc/sys/kernel/pid_max (system-wide limit on number of process identifiers): 4194304

container (cgroup) information:
container_type: cgroupv2
cpu_cpuset_cpus: not supported
cpu_memory_nodes: not supported
active_processor_count: 6
cpu_quota: not supported
cpu_period: not supported
cpu_shares: not supported
memory_limit_in_bytes: unlimited
memory_and_swap_limit_in_bytes: unlimited
memory_soft_limit_in_bytes: unlimited
memory_usage_in_bytes: 1948188 k
memory_max_usage_in_bytes: not supported
maximum number of tasks: 8691
current number of tasks: 548

Steal ticks since vm start: 0
Steal ticks percentage since vm start:  0,000

CPU: total 6 (initial active 6) (6 cores per cpu, 1 threads per core) family 23 model 96 stepping 1 microcode 0x8600106, cx8, cmov, fxsr, mmx, 3dnowpref, sse, sse2, sse3, ssse3, sse4a, sse4.1, sse4.2, popcnt, lzcnt, tsc, tscinvbit, avx, avx2, aes, clmul, bmi1, bmi2, adx, sha, fma, vzeroupper, clflush, clflushopt
CPU Model and flags from /proc/cpuinfo:
model name	: AMD Ryzen 5 4500U with Radeon Graphics
flags		: fpu vme de pse tsc msr pae mce cx8 apic sep mtrr pge mca cmov pat pse36 clflush mmx fxsr sse sse2 ht syscall nx mmxext fxsr_opt pdpe1gb rdtscp lm constant_tsc rep_good nopl nonstop_tsc cpuid extd_apicid aperfmperf rapl pni pclmulqdq monitor ssse3 fma cx16 sse4_1 sse4_2 movbe popcnt aes xsave avx f16c rdrand lahf_lm cmp_legacy svm extapic cr8_legacy abm sse4a misalignsse 3dnowprefetch osvw ibs skinit wdt tce topoext perfctr_core perfctr_nb bpext perfctr_llc mwaitx cpb cat_l3 cdp_l3 hw_pstate ssbd mba ibrs ibpb stibp vmmcall fsgsbase bmi1 avx2 smep bmi2 cqm rdt_a rdseed adx smap clflushopt clwb sha_ni xsaveopt xsavec xgetbv1 xsaves cqm_llc cqm_occup_llc cqm_mbm_total cqm_mbm_local clzero irperf xsaveerptr rdpru wbnoinvd cppc arat npt lbrv svm_lock nrip_save tsc_scale vmcb_clean flushbyasid decodeassists pausefilter pfthreshold avic v_vmsave_vmload vgif v_spec_ctrl umip rdpid overflow_recov succor smca

Online cpus: 0-5
Offline cpus: 6-15
BIOS frequency limitation: 2375000
Frequency switch latency (ns): 0
Available cpu frequencies: 2375000 1700000 1400000 
Current governor: schedutil
Core performance/turbo boost: 1

Memory: 4k page, physical 7487788k(126800k free), swap 2097148k(1222396k free)
Page Sizes: 4k

vm_info: OpenJDK 64-Bit Server VM (17.0.4.1+1) for linux-amd64 JRE (17.0.4.1+1), built on Aug 12 2022 00:00:00 by "temurin" with gcc 10.3.0

END.
