#
# A fatal error has been detected by the Java Runtime Environment:
#
#  SIGSEGV (0xb) at pc=0x00007f33005719c2, pid=24316, tid=24327
#
# JRE version: OpenJDK Runtime Environment Temurin-17.0.4.1+1 (17.0.4.1+1) (build 17.0.4.1+1)
# Java VM: OpenJDK 64-Bit Server VM Temurin-17.0.4.1+1 (17.0.4.1+1, mixed mode, tiered, compressed oops, compressed class ptrs, parallel gc, linux-amd64)
# Problematic frame:
# V  [libjvm.so+0x4999c2]  LIR_Assembler::const2stack(LIR_OprDesc*, LIR_OprDesc*)+0x12
#
# Core dump will be written. Default location: Core dumps may be processed with "/usr/share/apport/apport -p%p -s%s -c%c -d%d -P%P -u%u -g%g -- %E" (or dumping to /home/dani/Documents/Prog2/PROG2/IdeaProjects/uiwidget/src/main/java/org/example/core.24316)
#
# If you would like to submit a bug report, please visit:
#   https://github.com/adoptium/adoptium-support/issues
#

---------------  S U M M A R Y ------------

Command Line: --add-modules=ALL-SYSTEM --add-opens=java.base/java.util=ALL-UNNAMED --add-opens=java.base/java.lang=ALL-UNNAMED --add-opens=java.base/sun.nio.fs=ALL-UNNAMED -Declipse.application=org.eclipse.jdt.ls.core.id1 -Dosgi.bundles.defaultStartLevel=4 -Declipse.product=org.eclipse.jdt.ls.core.product -Djava.import.generatesMetadataFilesAtProjectRoot=false -Dfile.encoding=utf8 -XX:+UseParallelGC -XX:GCTimeRatio=4 -XX:AdaptiveSizePolicyWeight=90 -Dsun.zip.disableMemoryMapping=true -Xmx1G -Xms100m -Xlog:disable -javaagent:/home/dani/.vscode/extensions/redhat.java-1.12.0-linux-x64/lombok/lombok-1.18.24.jar /home/dani/.vscode/extensions/redhat.java-1.12.0-linux-x64/server/plugins/org.eclipse.equinox.launcher_1.6.400.v20210924-0641.jar -configuration /home/dani/.config/Code/User/globalStorage/redhat.java/1.12.0/config_ss_linux -data /home/dani/.config/Code/User/workspaceStorage/7fee77576d7d5a65ef935e173c6127e0/redhat.java/ss_ws

Host: AMD Ryzen 5 4500U with Radeon Graphics, 6 cores, 7G, Ubuntu 22.04.1 LTS
Time: Fri Oct 28 15:10:29 2022 CEST elapsed time: 1.100444 seconds (0d 0h 0m 1s)

---------------  T H R E A D  ---------------

Current thread (0x00007f32f81d4410):  JavaThread "C1 CompilerThread0" daemon [_thread_in_native, id=24327, stack(0x00007f32e013e000,0x00007f32e023e000)]


Current CompileTask:
C1:   1100 1728   !   3       org.eclipse.osgi.internal.loader.classpath.ClasspathManager::findLocalClass (210 bytes)

Stack: [0x00007f32e013e000,0x00007f32e023e000],  sp=0x00007f32e023c1c0,  free space=1016k
Native frames: (J=compiled Java code, j=interpreted, Vv=VM code, C=native code)
V  [libjvm.so+0x4999c2]  LIR_Assembler::const2stack(LIR_OprDesc*, LIR_OprDesc*)+0x12
V  [libjvm.so+0x4965b6]  LIR_Assembler::emit_op1(LIR_Op1*)+0x86
V  [libjvm.so+0x49565f]  LIR_Assembler::emit_lir_list(LIR_List*)+0x6f
V  [libjvm.so+0x4957c9]  LIR_Assembler::emit_exception_entries(GrowableArray<ExceptionInfo*>*)+0xb9
V  [libjvm.so+0x46451f]  Compilation::emit_code_body()+0x18f
V  [libjvm.so+0x464904]  Compilation::compile_java_method()+0x324
V  [libjvm.so+0x464b0a]  Compilation::compile_method()+0x10a
V  [libjvm.so+0x464ee3]  Compilation::Compilation(AbstractCompiler*, ciEnv*, ciMethod*, int, BufferBlob*, bool, DirectiveSet*)+0x203
V  [libjvm.so+0x465940]  Compiler::compile_method(ciEnv*, ciMethod*, int, bool, DirectiveSet*)+0xb0
V  [libjvm.so+0x5d9138]  CompileBroker::invoke_compiler_on_method(CompileTask*)+0xf68
V  [libjvm.so+0x5d9dc8]  CompileBroker::compiler_thread_loop()+0x508
V  [libjvm.so+0xe59214]  JavaThread::thread_main_inner()+0x184
V  [libjvm.so+0xe5c99e]  Thread::call_run()+0xde
V  [libjvm.so+0xc16351]  thread_native_entry(Thread*)+0xe1


siginfo: si_signo: 11 (SIGSEGV), si_code: 1 (SEGV_MAPERR), si_addr: 0x0000000000000002

Register to memory mapping:

RAX=0x0000000000000002 is an unknown value
RBX=0x00007f32e023c2b0 is pointing into the stack for thread: 0x00007f32f81d4410
RCX=0x000000000000000c is an unknown value
RDX=0x0000000000050019 is an unknown value
RSP=0x00007f32e023c1c0 is pointing into the stack for thread: 0x00007f32f81d4410
RBP=0x00007f32e023c1d0 is pointing into the stack for thread: 0x00007f32f81d4410
RSI=0x00007f32bc29f6a0 points into unknown readable memory: 0x00007f33012cf908 | 08 f9 2c 01 33 7f 00 00
RDI=0x00007f32e023c2b0 is pointing into the stack for thread: 0x00007f32f81d4410
R8 =0x0 is NULL
R9 =0x0 is NULL
R10=0x0 is NULL
R11=0x00000000288955eb is an unknown value
R12=0x00007f32bc29f720 points into unknown readable memory: 0x00007f33012d2f90 | 90 2f 2d 01 33 7f 00 00
R13=0x00007f32e023c2b0 is pointing into the stack for thread: 0x00007f32f81d4410
R14=0x00007f33004fbb70: <offset 0x0000000000423b70> in /home/dani/.vscode/extensions/redhat.java-1.12.0-linux-x64/jre/17.0.4.1-linux-x86_64/lib/server/libjvm.so at 0x00007f33000d8000
R15=0x0 is NULL


Registers:
RAX=0x0000000000000002, RBX=0x00007f32e023c2b0, RCX=0x000000000000000c, RDX=0x0000000000050019
RSP=0x00007f32e023c1c0, RBP=0x00007f32e023c1d0, RSI=0x00007f32bc29f6a0, RDI=0x00007f32e023c2b0
R8 =0x0000000000000000, R9 =0x0000000000000000, R10=0x0000000000000000, R11=0x00000000288955eb
R12=0x00007f32bc29f720, R13=0x00007f32e023c2b0, R14=0x00007f33004fbb70, R15=0x0000000000000000
RIP=0x00007f33005719c2, EFLAGS=0x0000000000010202, CSGSFS=0x002b000000000033, ERR=0x0000000000000006
  TRAPNO=0x000000000000000e

Top of Stack: (sp=0x00007f32e023c1c0)
0x00007f32e023c1c0:   00007f32bc29f720 0000000000000000
0x00007f32e023c1d0:   00007f32e023c220 00007f330056e5b6
0x00007f32e023c1e0:   0000000000000000 0000000000000000
0x00007f32e023c1f0:   0000000000000000 00007f3300538344 

Instructions: (pc=0x00007f33005719c2)
0x00007f33005718c2:   05 81 8a e1 00 be 8b 02 00 00 48 8b 00 c6 00 58
0x00007f33005718d2:   e9 db fc ff ff 66 0f 1f 84 00 00 00 00 00 48 8d
0x00007f33005718e2:   05 61 8a e1 00 be a5 02 00 00 48 8b 00 c6 00 58
0x00007f33005718f2:   e9 bb fc ff ff 66 0f 1f 84 00 00 00 00 00 49 8b
0x00007f3300571902:   7d 18 48 8d 35 f5 ad ae 00 e8 00 a2 fc ff 49 8b
0x00007f3300571912:   45 00 48 8b 40 08 48 8b 40 48 48 8b 58 08 e9 f9
0x00007f3300571922:   fd ff ff 0f 1f 00 49 8b 7d 18 48 8d 35 cd ad ae
0x00007f3300571932:   00 e8 d8 a1 fc ff 49 8b 45 00 48 8b 40 08 48 8b
0x00007f3300571942:   40 48 48 8b 58 08 e9 0a fd ff ff 0f 1f 00 4c 89
0x00007f3300571952:   e7 e8 38 72 03 00 4c 89 e7 49 89 c5 e8 2d 72 03
0x00007f3300571962:   00 48 8d 65 d8 4c 89 ea 4c 89 f7 5b 48 89 c6 41
0x00007f3300571972:   5c 41 5d 41 5e 41 5f 5d e9 11 a2 66 00 90 4c 89
0x00007f3300571982:   e7 e8 f8 71 03 00 4c 89 e7 49 89 c5 e8 ed 71 03
0x00007f3300571992:   00 48 8d 65 d8 4c 89 ea 4c 89 f7 5b 48 89 c6 41
0x00007f33005719a2:   5c 41 5d 41 5e 41 5f 5d e9 31 a2 66 00 90 55 48
0x00007f33005719b2:   89 e5 41 57 41 56 4c 8d 35 b1 a1 f8 ff 41 04 01
0x00007f33005719c2:   20 00 00 00 00 00 00 00 00 00 00 00 00 00 00 00
0x00007f33005719d2:   00 00 00 00 00 00 00 00 00 00 00 00 00 00 00 00
0x00007f33005719e2:   00 00 00 00 00 00 00 00 00 00 01 00 00 00 00 00
0x00007f33005719f2:   00 00 39 b4 c8 00 90 99 99 01 00 00 f0 39 00 00
0x00007f3300571a02:   f0 b5 00 00 f0 31 00 00 f0 39 00 00 f0 b5 00 00
0x00007f3300571a12:   f0 31 00 00 f0 39 00 00 f0 b5 00 00 f0 31 00 00
0x00007f3300571a22:   00 00 00 00 00 00 00 00 00 00 00 00 00 00 00 00
0x00007f3300571a32:   00 00 00 00 00 00 00 00 00 00 00 00 00 00 00 00
0x00007f3300571a42:   00 00 00 00 f0 31 00 00 80 c3 00 00 00 00 0f 00
0x00007f3300571a52:   00 00 00 00 00 00 00 00 00 00 00 00 00 00 00 00
0x00007f3300571a62:   00 4f 00 00 00 4f 00 00 00 4f 00 00 80 c3 00 00
0x00007f3300571a72:   00 00 00 00 00 00 00 00 00 00 00 00 00 08 00 00
0x00007f3300571a82:   00 00 00 00 00 00 00 00 00 00 00 00 00 08 00 00
0x00007f3300571a92:   00 00 00 00 00 00 00 00 00 00 00 00 00 08 00 00
0x00007f3300571aa2:   00 08 54 fb 21 19 a9 f6 43 32 00 00 00 00 00 00
0x00007f3300571ab2:   00 00 00 00 00 00 00 00 f0 00 5f f4 58 73 c7 ca 


Stack slot to memory mapping:
stack at sp + 0 slots: 0x00007f32bc29f720 points into unknown readable memory: 0x00007f33012d2f90 | 90 2f 2d 01 33 7f 00 00
stack at sp + 1 slots: 0x0 is NULL
stack at sp + 2 slots: 0x00007f32e023c220 is pointing into the stack for thread: 0x00007f32f81d4410
stack at sp + 3 slots: 0x00007f330056e5b6: <offset 0x00000000004965b6> in /home/dani/.vscode/extensions/redhat.java-1.12.0-linux-x64/jre/17.0.4.1-linux-x86_64/lib/server/libjvm.so at 0x00007f33000d8000
stack at sp + 4 slots: 0x0 is NULL
stack at sp + 5 slots: 0x0 is NULL
stack at sp + 6 slots: 0x0 is NULL
stack at sp + 7 slots: 0x00007f3300538344: <offset 0x0000000000460344> in /home/dani/.vscode/extensions/redhat.java-1.12.0-linux-x64/jre/17.0.4.1-linux-x86_64/lib/server/libjvm.so at 0x00007f33000d8000


---------------  P R O C E S S  ---------------

Threads class SMR info:
_java_thread_list=0x00007f32840b9290, length=17, elements={
0x00007f32f8026070, 0x00007f32f81a3880, 0x00007f32f81a4df0, 0x00007f32f81cd0b0,
0x00007f32f81d09c0, 0x00007f32f81d1910, 0x00007f32f81d2f60, 0x00007f32f81d4410,
0x00007f32f81d5850, 0x00007f32f8283450, 0x00007f32f83821b0, 0x00007f32f84452e0,
0x00007f32f852e820, 0x00007f32f858cb80, 0x00007f32f858f830, 0x00007f3284033880,
0x00007f32840b8650
}

Java Threads: ( => current thread )
  0x00007f32f8026070 JavaThread "main" [_thread_blocked, id=24317, stack(0x00007f32ffeec000,0x00007f32fffec000)]
  0x00007f32f81a3880 JavaThread "Reference Handler" daemon [_thread_blocked, id=24320, stack(0x00007f32e17f8000,0x00007f32e18f8000)]
  0x00007f32f81a4df0 JavaThread "Finalizer" daemon [_thread_blocked, id=24321, stack(0x00007f32e16f8000,0x00007f32e17f8000)]
  0x00007f32f81cd0b0 JavaThread "Signal Dispatcher" daemon [_thread_blocked, id=24323, stack(0x00007f32e053e000,0x00007f32e063e000)]
  0x00007f32f81d09c0 JavaThread "Service Thread" daemon [_thread_blocked, id=24324, stack(0x00007f32e043e000,0x00007f32e053e000)]
  0x00007f32f81d1910 JavaThread "Monitor Deflation Thread" daemon [_thread_blocked, id=24325, stack(0x00007f32e033e000,0x00007f32e043e000)]
  0x00007f32f81d2f60 JavaThread "C2 CompilerThread0" daemon [_thread_blocked, id=24326, stack(0x00007f32e023e000,0x00007f32e033e000)]
=>0x00007f32f81d4410 JavaThread "C1 CompilerThread0" daemon [_thread_in_native, id=24327, stack(0x00007f32e013e000,0x00007f32e023e000)]
  0x00007f32f81d5850 JavaThread "Sweeper thread" daemon [_thread_blocked, id=24328, stack(0x00007f32e003e000,0x00007f32e013e000)]
  0x00007f32f8283450 JavaThread "Common-Cleaner" daemon [_thread_blocked, id=24329, stack(0x00007f32bbf00000,0x00007f32bc000000)]
  0x00007f32f83821b0 JavaThread "Notification Thread" daemon [_thread_blocked, id=24342, stack(0x00007f32bbe00000,0x00007f32bbf00000)]
  0x00007f32f84452e0 JavaThread "process reaper" daemon [_thread_blocked, id=24347, stack(0x00007f32e8c9c000,0x00007f32e8cbe000)]
  0x00007f32f852e820 JavaThread "Active Thread: Equinox Container: 33c780ad-b345-4d3a-b711-0b2ee78ba1ad" [_thread_blocked, id=24357, stack(0x00007f32badf6000,0x00007f32baef6000)]
  0x00007f32f858cb80 JavaThread "Framework Event Dispatcher: Equinox Container: 33c780ad-b345-4d3a-b711-0b2ee78ba1ad" daemon [_thread_blocked, id=24363, stack(0x00007f32bacf6000,0x00007f32badf6000)]
  0x00007f32f858f830 JavaThread "Start Level: Equinox Container: 33c780ad-b345-4d3a-b711-0b2ee78ba1ad" daemon [_thread_blocked, id=24364, stack(0x00007f32babf6000,0x00007f32bacf6000)]
  0x00007f3284033880 JavaThread "SCR Component Actor" daemon [_thread_blocked, id=24365, stack(0x00007f32baaf6000,0x00007f32babf6000)]
  0x00007f32840b8650 JavaThread "SCR Component Registry" daemon [_thread_blocked, id=24369, stack(0x00007f32ba700000,0x00007f32ba800000)]

Other Threads:
  0x00007f32f8193c70 VMThread "VM Thread" [stack: 0x00007f32e18fa000,0x00007f32e19fa000] [id=24319] _threads_hazard_ptr=0x00007f32840b9290
  0x00007f32f8070e30 WatcherThread [stack: 0x00007f32bbd00000,0x00007f32bbe00000] [id=24344]
  0x00007f32f803d940 GCTaskThread "GC Thread#0" [stack: 0x00007f32fcda8000,0x00007f32fcea8000] [id=24318]
  0x00007f32dc001250 GCTaskThread "GC Thread#1" [stack: 0x00007f32bb300000,0x00007f32bb400000] [id=24352]
  0x00007f32dc002f10 GCTaskThread "GC Thread#2" [stack: 0x00007f32bb1fe000,0x00007f32bb2fe000] [id=24353]
  0x00007f32dc003910 GCTaskThread "GC Thread#3" [stack: 0x00007f32bb0fc000,0x00007f32bb1fc000] [id=24354]
  0x00007f32dc004310 GCTaskThread "GC Thread#4" [stack: 0x00007f32baffa000,0x00007f32bb0fa000] [id=24355]
  0x00007f32dc004d10 GCTaskThread "GC Thread#5" [stack: 0x00007f32baef8000,0x00007f32baff8000] [id=24356]

Threads with active compile tasks:
C1 CompilerThread0     1107 1728   !   3       org.eclipse.osgi.internal.loader.classpath.ClasspathManager::findLocalClass (210 bytes)

VM state: not at safepoint (normal execution)

VM Mutex/Monitor currently owned by a thread:  ([mutex/lock_event])
[0x00007f32f8023cd0] Compile_lock - owner thread: 0x00007f32f858f830

Heap address: 0x00000000c0000000, size: 1024 MB, Compressed Oops mode: 32-bit

CDS archive(s) not mapped
Compressed class space mapped at: 0x0000000100000000-0x0000000140000000, reserved size: 1073741824
Narrow klass base: 0x0000000000000000, Narrow klass shift: 3, Narrow klass range: 0x140000000

GC Precious Log:
 CPUs: 6 total, 6 available
 Memory: 7312M
 Large Page Support: Disabled
 NUMA Support: Disabled
 Compressed Oops: Enabled (32-bit)
 Alignments: Space 512K, Generation 512K, Heap 2M
 Heap Min Capacity: 100M
 Heap Initial Capacity: 100M
 Heap Max Capacity: 1G
 Pre-touch: Disabled
 Parallel Workers: 6

Heap:
 PSYoungGen      total 29696K, used 15931K [0x00000000eab00000, 0x00000000ecc00000, 0x0000000100000000)
  eden space 25600K, 46% used [0x00000000eab00000,0x00000000eb690ee8,0x00000000ec400000)
  from space 4096K, 99% used [0x00000000ec800000,0x00000000ecbfdec8,0x00000000ecc00000)
  to   space 4096K, 0% used [0x00000000ec400000,0x00000000ec400000,0x00000000ec800000)
 ParOldGen       total 68608K, used 700K [0x00000000c0000000, 0x00000000c4300000, 0x00000000eab00000)
  object space 68608K, 1% used [0x00000000c0000000,0x00000000c00af360,0x00000000c4300000)
 Metaspace       used 17470K, committed 17856K, reserved 1064960K
  class space    used 1801K, committed 1920K, reserved 1048576K

Card table byte_map: [0x00007f32fcea8000,0x00007f32fd0a9000] _byte_map_base: 0x00007f32fc8a8000

Marking Bits: (ParMarkBitMap*) 0x00007f33013ec520
 Begin Bits: [0x00007f32e2000000, 0x00007f32e3000000)
 End Bits:   [0x00007f32e3000000, 0x00007f32e4000000)

Polling page: 0x00007f3301689000

Metaspace:

Usage:
  Non-class:     15,30 MB used.
      Class:      1,76 MB used.
       Both:     17,06 MB used.

Virtual space:
  Non-class space:       16,00 MB reserved,      15,56 MB ( 97%) committed,  2 nodes.
      Class space:        1,00 GB reserved,       1,88 MB ( <1%) committed,  1 nodes.
             Both:        1,02 GB reserved,      17,44 MB (  2%) committed. 

Chunk freelists:
   Non-Class:  496,00 KB
       Class:  2,16 MB
        Both:  2,64 MB

MaxMetaspaceSize: unlimited
CompressedClassSpaceSize: 1,00 GB
Initial GC threshold: 21,00 MB
Current GC threshold: 21,00 MB
CDS: off
MetaspaceReclaimPolicy: balanced
 - commit_granule_bytes: 65536.
 - commit_granule_words: 8192.
 - virtual_space_node_default_size: 1048576.
 - enlarge_chunks_in_place: 1.
 - new_chunks_are_fully_committed: 0.
 - uncommit_free_chunks: 1.
 - use_allocation_guard: 0.
 - handle_deallocations: 1.


Internal statistics:

num_allocs_failed_limit: 0.
num_arena_births: 126.
num_arena_deaths: 0.
num_vsnodes_births: 3.
num_vsnodes_deaths: 0.
num_space_committed: 279.
num_space_uncommitted: 0.
num_chunks_returned_to_freelist: 0.
num_chunks_taken_from_freelist: 450.
num_chunk_merges: 0.
num_chunk_splits: 318.
num_chunks_enlarged: 237.
num_purges: 0.
num_inconsistent_stats: 0.

CodeHeap 'non-profiled nmethods': size=120032Kb used=605Kb max_used=605Kb free=119426Kb
 bounds [0x00007f32f0ac8000, 0x00007f32f0d38000, 0x00007f32f8000000]
CodeHeap 'profiled nmethods': size=120028Kb used=3117Kb max_used=3117Kb free=116911Kb
 bounds [0x00007f32e9591000, 0x00007f32e98a1000, 0x00007f32f0ac8000]
CodeHeap 'non-nmethods': size=5700Kb used=1165Kb max_used=1184Kb free=4534Kb
 bounds [0x00007f32e9000000, 0x00007f32e9270000, 0x00007f32e9591000]
 total_blobs=2187 nmethods=1725 adapters=377
 compilation: enabled
              stopped_count=0, restarted_count=0
 full_count=0

Compilation events (20 events):
Event: 1,075 Thread 0x00007f32f81d4410 1719       3       java.util.ArrayList$SubList$1::<init> (39 bytes)
Event: 1,075 Thread 0x00007f32f81d4410 nmethod 1719 0x00007f32e9892d90 code [0x00007f32e9892f40, 0x00007f32e98930d0]
Event: 1,075 Thread 0x00007f32f81d4410 1721       1       org.eclipse.osgi.internal.loader.sources.PackageSource::getId (5 bytes)
Event: 1,075 Thread 0x00007f32f81d4410 nmethod 1721 0x00007f32f0b5ad10 code [0x00007f32f0b5aea0, 0x00007f32f0b5af70]
Event: 1,079 Thread 0x00007f32f81d4410 1722   !   3       java.util.Collections$SynchronizedCollection::contains (25 bytes)
Event: 1,079 Thread 0x00007f32f81d4410 nmethod 1722 0x00007f32e9893210 code [0x00007f32e98933c0, 0x00007f32e9893660]
Event: 1,080 Thread 0x00007f32f81d4410 1723       3       jdk.internal.loader.ClassLoaders::bootLoader (4 bytes)
Event: 1,080 Thread 0x00007f32f81d4410 nmethod 1723 0x00007f32e9893790 code [0x00007f32e9893920, 0x00007f32e9893a10]
Event: 1,088 Thread 0x00007f32f81d4410 1724       3       org.eclipse.osgi.storage.bundlefile.ZipBundleFile::getZipEntry (87 bytes)
Event: 1,090 Thread 0x00007f32f81d4410 nmethod 1724 0x00007f32e9893a90 code [0x00007f32e9893de0, 0x00007f32e9895240]
Event: 1,091 Thread 0x00007f32f81d4410 1725       3       org.eclipse.osgi.container.Module::getContainer (8 bytes)
Event: 1,091 Thread 0x00007f32f81d4410 nmethod 1725 0x00007f32e9895990 code [0x00007f32e9895b20, 0x00007f32e9895c50]
Event: 1,093 Thread 0x00007f32f81d4410 1726   !   3       org.eclipse.osgi.internal.loader.classpath.ClasspathManager::findClassImpl (308 bytes)
Event: 1,097 Thread 0x00007f32f81d4410 nmethod 1726 0x00007f32e9895d10 code [0x00007f32e98965c0, 0x00007f32e989a970]
Event: 1,097 Thread 0x00007f32f81d4410 1728   !   3       org.eclipse.osgi.internal.loader.classpath.ClasspathManager::findLocalClass (210 bytes)
Event: 1,097 Thread 0x00007f32f81d2f60 nmethod 1703 0x00007f32f0b5b010 code [0x00007f32f0b5b2a0, 0x00007f32f0b5d5a0]
Event: 1,097 Thread 0x00007f32f81d2f60 1720       4       java.lang.Object::equals (11 bytes)
Event: 1,097 Thread 0x00007f32f81d2f60 nmethod 1720 0x00007f32f0b5e790 code [0x00007f32f0b5e900, 0x00007f32f0b5e998]
Event: 1,097 Thread 0x00007f32f81d2f60 1706       4       java.util.Collections::emptyList (4 bytes)
Event: 1,097 Thread 0x00007f32f81d2f60 nmethod 1706 0x00007f32f0b5ea90 code [0x00007f32f0b5ec00, 0x00007f32f0b5ec58]

GC Heap History (4 events):
Event: 0,484 GC heap before
{Heap before GC invocations=1 (full 0):
 PSYoungGen      total 29696K, used 25600K [0x00000000eab00000, 0x00000000ecc00000, 0x0000000100000000)
  eden space 25600K, 100% used [0x00000000eab00000,0x00000000ec400000,0x00000000ec400000)
  from space 4096K, 0% used [0x00000000ec800000,0x00000000ec800000,0x00000000ecc00000)
  to   space 4096K, 0% used [0x00000000ec400000,0x00000000ec400000,0x00000000ec800000)
 ParOldGen       total 68608K, used 0K [0x00000000c0000000, 0x00000000c4300000, 0x00000000eab00000)
  object space 68608K, 0% used [0x00000000c0000000,0x00000000c0000000,0x00000000c4300000)
 Metaspace       used 10984K, committed 11200K, reserved 1064960K
  class space    used 1114K, committed 1216K, reserved 1048576K
}
Event: 0,489 GC heap after
{Heap after GC invocations=1 (full 0):
 PSYoungGen      total 29696K, used 3176K [0x00000000eab00000, 0x00000000ecc00000, 0x0000000100000000)
  eden space 25600K, 0% used [0x00000000eab00000,0x00000000eab00000,0x00000000ec400000)
  from space 4096K, 77% used [0x00000000ec400000,0x00000000ec71a208,0x00000000ec800000)
  to   space 4096K, 0% used [0x00000000ec800000,0x00000000ec800000,0x00000000ecc00000)
 ParOldGen       total 68608K, used 16K [0x00000000c0000000, 0x00000000c4300000, 0x00000000eab00000)
  object space 68608K, 0% used [0x00000000c0000000,0x00000000c0004000,0x00000000c4300000)
 Metaspace       used 10984K, committed 11200K, reserved 1064960K
  class space    used 1114K, committed 1216K, reserved 1048576K
}
Event: 0,897 GC heap before
{Heap before GC invocations=2 (full 0):
 PSYoungGen      total 29696K, used 28776K [0x00000000eab00000, 0x00000000ecc00000, 0x0000000100000000)
  eden space 25600K, 100% used [0x00000000eab00000,0x00000000ec400000,0x00000000ec400000)
  from space 4096K, 77% used [0x00000000ec400000,0x00000000ec71a208,0x00000000ec800000)
  to   space 4096K, 0% used [0x00000000ec800000,0x00000000ec800000,0x00000000ecc00000)
 ParOldGen       total 68608K, used 16K [0x00000000c0000000, 0x00000000c4300000, 0x00000000eab00000)
  object space 68608K, 0% used [0x00000000c0000000,0x00000000c0004000,0x00000000c4300000)
 Metaspace       used 15386K, committed 15680K, reserved 1064960K
  class space    used 1587K, committed 1728K, reserved 1048576K
}
Event: 0,904 GC heap after
{Heap after GC invocations=2 (full 0):
 PSYoungGen      total 29696K, used 4087K [0x00000000eab00000, 0x00000000ecc00000, 0x0000000100000000)
  eden space 25600K, 0% used [0x00000000eab00000,0x00000000eab00000,0x00000000ec400000)
  from space 4096K, 99% used [0x00000000ec800000,0x00000000ecbfdec8,0x00000000ecc00000)
  to   space 4096K, 0% used [0x00000000ec400000,0x00000000ec400000,0x00000000ec800000)
 ParOldGen       total 68608K, used 700K [0x00000000c0000000, 0x00000000c4300000, 0x00000000eab00000)
  object space 68608K, 1% used [0x00000000c0000000,0x00000000c00af360,0x00000000c4300000)
 Metaspace       used 15386K, committed 15680K, reserved 1064960K
  class space    used 1587K, committed 1728K, reserved 1048576K
}

Deoptimization events (20 events):
Event: 1,018 Thread 0x00007f32f858f830 Uncommon trap: trap_request=0xffffffde fr.pc=0x00007f32f0b221c0 relative=0x00000000000009c0
Event: 1,018 Thread 0x00007f32f858f830 Uncommon trap: reason=class_check action=maybe_recompile pc=0x00007f32f0b221c0 method=java.io.DataInputStream.readInt()I @ 4 c2
Event: 1,018 Thread 0x00007f32f858f830 DEOPT PACKING pc=0x00007f32f0b221c0 sp=0x00007f32bacf1010
Event: 1,018 Thread 0x00007f32f858f830 DEOPT UNPACKING pc=0x00007f32e9051d99 sp=0x00007f32bacf0fd0 mode 2
Event: 1,018 Thread 0x00007f32f858f830 Uncommon trap: trap_request=0xffffffde fr.pc=0x00007f32f0b1f1d0 relative=0x00000000000013d0
Event: 1,018 Thread 0x00007f32f858f830 Uncommon trap: reason=class_check action=maybe_recompile pc=0x00007f32f0b1f1d0 method=java.io.DataInputStream.readUnsignedShort()I @ 4 c2
Event: 1,018 Thread 0x00007f32f858f830 DEOPT PACKING pc=0x00007f32f0b1f1d0 sp=0x00007f32bacf0f60
Event: 1,018 Thread 0x00007f32f858f830 DEOPT UNPACKING pc=0x00007f32e9051d99 sp=0x00007f32bacf0ee8 mode 2
Event: 1,018 Thread 0x00007f32f858f830 Uncommon trap: trap_request=0xffffffde fr.pc=0x00007f32f0b1f1d0 relative=0x00000000000013d0
Event: 1,018 Thread 0x00007f32f858f830 Uncommon trap: reason=class_check action=maybe_recompile pc=0x00007f32f0b1f1d0 method=java.io.DataInputStream.readUnsignedShort()I @ 4 c2
Event: 1,018 Thread 0x00007f32f858f830 DEOPT PACKING pc=0x00007f32f0b1f1d0 sp=0x00007f32bacf0f60
Event: 1,018 Thread 0x00007f32f858f830 DEOPT UNPACKING pc=0x00007f32e9051d99 sp=0x00007f32bacf0ee8 mode 2
Event: 1,019 Thread 0x00007f32f858f830 Uncommon trap: trap_request=0xffffffde fr.pc=0x00007f32f0b1f1d0 relative=0x00000000000013d0
Event: 1,019 Thread 0x00007f32f858f830 Uncommon trap: reason=class_check action=maybe_recompile pc=0x00007f32f0b1f1d0 method=java.io.DataInputStream.readUnsignedShort()I @ 4 c2
Event: 1,019 Thread 0x00007f32f858f830 DEOPT PACKING pc=0x00007f32f0b1f1d0 sp=0x00007f32bacf0f60
Event: 1,019 Thread 0x00007f32f858f830 DEOPT UNPACKING pc=0x00007f32e9051d99 sp=0x00007f32bacf0ee8 mode 2
Event: 1,019 Thread 0x00007f32f858f830 Uncommon trap: trap_request=0xffffffde fr.pc=0x00007f32f0b1f1d0 relative=0x00000000000013d0
Event: 1,019 Thread 0x00007f32f858f830 Uncommon trap: reason=class_check action=maybe_recompile pc=0x00007f32f0b1f1d0 method=java.io.DataInputStream.readUnsignedShort()I @ 4 c2
Event: 1,019 Thread 0x00007f32f858f830 DEOPT PACKING pc=0x00007f32f0b1f1d0 sp=0x00007f32bacf0f60
Event: 1,019 Thread 0x00007f32f858f830 DEOPT UNPACKING pc=0x00007f32e9051d99 sp=0x00007f32bacf0ee8 mode 2

Classes unloaded (0 events):
No events

Classes redefined (0 events):
No events

Internal exceptions (20 events):
Event: 0,278 Thread 0x00007f32f8026070 Exception <a 'java/lang/NoSuchMethodError'{0x00000000eb79a9c8}: 'java.lang.Object java.lang.invoke.DirectMethodHandle$Holder.invokeStaticInit(java.lang.Object)'> (0x00000000eb79a9c8) 
thrown [src/hotspot/share/interpreter/linkResolver.cpp, line 758]
Event: 0,280 Thread 0x00007f32f8026070 Exception <a 'java/lang/NoSuchMethodError'{0x00000000eb7b0b78}: 'java.lang.Object java.lang.invoke.DirectMethodHandle$Holder.invokeStaticInit(java.lang.Object, java.lang.Object, long, java.lang.Object)'> (0x00000000eb7b0b78) 
thrown [src/hotspot/share/interpreter/linkResolver.cpp, line 758]
Event: 0,281 Thread 0x00007f32f8026070 Exception <a 'java/lang/NoSuchMethodError'{0x00000000eb7b71d8}: 'java.lang.Object java.lang.invoke.DirectMethodHandle$Holder.newInvokeSpecial(java.lang.Object, java.lang.Object, long)'> (0x00000000eb7b71d8) 
thrown [src/hotspot/share/interpreter/linkResolver.cpp, line 758]
Event: 0,281 Thread 0x00007f32f8026070 Exception <a 'java/lang/NoSuchMethodError'{0x00000000eb7bb4c8}: 'java.lang.Object java.lang.invoke.Invokers$Holder.linkToTargetMethod(java.lang.Object, long, java.lang.Object)'> (0x00000000eb7bb4c8) 
thrown [src/hotspot/share/interpreter/linkResolver.cpp, line 758]
Event: 0,285 Thread 0x00007f32f8026070 Exception <a 'java/lang/NoSuchMethodError'{0x00000000eb7e8598}: 'java.lang.Object java.lang.invoke.DirectMethodHandle$Holder.newInvokeSpecial(java.lang.Object, java.lang.Object, java.lang.Object, int)'> (0x00000000eb7e8598) 
thrown [src/hotspot/share/interpreter/linkResolver.cpp, line 758]
Event: 0,285 Thread 0x00007f32f8026070 Exception <a 'java/lang/NoSuchMethodError'{0x00000000eb7eff08}: 'java.lang.Object java.lang.invoke.Invokers$Holder.linkToTargetMethod(java.lang.Object, java.lang.Object, int, java.lang.Object)'> (0x00000000eb7eff08) 
thrown [src/hotspot/share/interpreter/linkResolver.cpp, line 758]
Event: 0,394 Thread 0x00007f32f8026070 Exception <a 'java/io/FileNotFoundException'{0x00000000ec09dd88}> (0x00000000ec09dd88) 
thrown [src/hotspot/share/prims/jni.cpp, line 516]
Event: 0,428 Thread 0x00007f32f8026070 Implicit null exception at 0x00007f32f0b0436c to 0x00007f32f0b04548
Event: 0,470 Thread 0x00007f32f8026070 Exception <a 'java/lang/NoSuchMethodError'{0x00000000ec36dac8}: 'int java.lang.invoke.DirectMethodHandle$Holder.invokeStaticInit(java.lang.Object, java.lang.Object, java.lang.Object, java.lang.Object)'> (0x00000000ec36dac8) 
thrown [src/hotspot/share/interpreter/linkResolver.cpp, line 758]
Event: 0,471 Thread 0x00007f32f8026070 Exception <a 'java/lang/NoSuchMethodError'{0x00000000ec377de8}: 'java.lang.Object java.lang.invoke.DirectMethodHandle$Holder.invokeInterface(java.lang.Object, java.lang.Object)'> (0x00000000ec377de8) 
thrown [src/hotspot/share/interpreter/linkResolver.cpp, line 758]
Event: 0,472 Thread 0x00007f32f8026070 Exception <a 'java/lang/IncompatibleClassChangeError'{0x00000000ec37b5e0}: Found class java.lang.Object, but interface was expected> (0x00000000ec37b5e0) 
thrown [src/hotspot/share/interpreter/linkResolver.cpp, line 826]
Event: 0,472 Thread 0x00007f32f8026070 Exception <a 'java/lang/NoSuchMethodError'{0x00000000ec37fad8}: 'void java.lang.invoke.DirectMethodHandle$Holder.invokeStatic(java.lang.Object, java.lang.Object)'> (0x00000000ec37fad8) 
thrown [src/hotspot/share/interpreter/linkResolver.cpp, line 758]
Event: 0,472 Thread 0x00007f32f8026070 Exception <a 'java/lang/NoSuchMethodError'{0x00000000ec3832d8}: 'void java.lang.invoke.DirectMethodHandle$Holder.invokeStaticInit(java.lang.Object, java.lang.Object)'> (0x00000000ec3832d8) 
thrown [src/hotspot/share/interpreter/linkResolver.cpp, line 758]
Event: 0,473 Thread 0x00007f32f8026070 Exception <a 'java/lang/NoSuchMethodError'{0x00000000ec38a750}: 'int java.lang.invoke.DirectMethodHandle$Holder.invokeStaticInit(java.lang.Object, java.lang.Object)'> (0x00000000ec38a750) 
thrown [src/hotspot/share/interpreter/linkResolver.cpp, line 758]
Event: 0,502 Thread 0x00007f32f8026070 Exception <a 'java/lang/NoSuchMethodError'{0x00000000eaba7688}: 'void java.lang.invoke.DirectMethodHandle$Holder.invokeSpecial(java.lang.Object, java.lang.Object, java.lang.Object)'> (0x00000000eaba7688) 
thrown [src/hotspot/share/interpreter/linkResolver.cpp, line 758]
Event: 0,653 Thread 0x00007f32f8026070 Exception <a 'java/lang/NoSuchMethodError'{0x00000000eb71dc10}: 'java.lang.Object java.lang.invoke.DirectMethodHandle$Holder.newInvokeSpecial(java.lang.Object, int, java.lang.Object)'> (0x00000000eb71dc10) 
thrown [src/hotspot/share/interpreter/linkResolver.cpp, line 758]
Event: 0,722 Thread 0x00007f32f8026070 Exception <a 'java/lang/UnsatisfiedLinkError'{0x00000000ebc2c438}: 'void org.eclipse.equinox.launcher.JNIBridge._update_splash()'> (0x00000000ebc2c438) 
thrown [src/hotspot/share/prims/nativeLookup.cpp, line 543]
Event: 1,011 Thread 0x00007f32f858f830 Exception <a 'java/io/FileNotFoundException'{0x00000000eb1a0c50}> (0x00000000eb1a0c50) 
thrown [src/hotspot/share/prims/jni.cpp, line 516]
Event: 1,021 Thread 0x00007f32f858f830 Exception <a 'java/lang/NullPointerException'{0x00000000eb1f2148}> (0x00000000eb1f2148) 
thrown [src/hotspot/share/interpreter/linkResolver.cpp, line 1350]
Event: 1,021 Thread 0x00007f32f858f830 Exception <a 'java/lang/NullPointerException'{0x00000000eb1f2970}> (0x00000000eb1f2970) 
thrown [src/hotspot/share/interpreter/linkResolver.cpp, line 1350]

VM Operations (20 events):
Event: 0,249 Executing VM operation: HandshakeAllThreads
Event: 0,249 Executing VM operation: HandshakeAllThreads done
Event: 0,262 Executing VM operation: HandshakeAllThreads
Event: 0,262 Executing VM operation: HandshakeAllThreads done
Event: 0,458 Executing VM operation: ICBufferFull
Event: 0,459 Executing VM operation: ICBufferFull done
Event: 0,484 Executing VM operation: ParallelGCFailedAllocation
Event: 0,489 Executing VM operation: ParallelGCFailedAllocation done
Event: 0,632 Executing VM operation: HandshakeAllThreads
Event: 0,633 Executing VM operation: HandshakeAllThreads done
Event: 0,633 Executing VM operation: HandshakeAllThreads
Event: 0,633 Executing VM operation: HandshakeAllThreads done
Event: 0,638 Executing VM operation: HandshakeAllThreads
Event: 0,638 Executing VM operation: HandshakeAllThreads done
Event: 0,648 Executing VM operation: HandshakeAllThreads
Event: 0,648 Executing VM operation: HandshakeAllThreads done
Event: 0,783 Executing VM operation: HandshakeAllThreads
Event: 0,783 Executing VM operation: HandshakeAllThreads done
Event: 0,897 Executing VM operation: ParallelGCFailedAllocation
Event: 0,904 Executing VM operation: ParallelGCFailedAllocation done

Events (20 events):
Event: 1,012 loading class java/util/function/IntFunction
Event: 1,012 loading class java/util/function/IntFunction done
Event: 1,021 loading class java/util/ImmutableCollections$Map1
Event: 1,021 loading class java/util/ImmutableCollections$Map1 done
Event: 1,021 loading class java/util/AbstractMap$1
Event: 1,021 loading class java/util/AbstractMap$1 done
Event: 1,021 loading class java/util/AbstractMap$1$1
Event: 1,022 loading class java/util/AbstractMap$1$1 done
Event: 1,068 loading class java/net/Authenticator
Event: 1,068 loading class java/net/Authenticator done
Event: 1,069 loading class java/util/concurrent/ExecutionException
Event: 1,069 loading class java/util/concurrent/ExecutionException done
Event: 1,086 loading class java/net/SocketAddress
Event: 1,086 loading class java/net/SocketAddress done
Event: 1,086 loading class java/net/InetSocketAddress
Event: 1,087 loading class java/net/InetSocketAddress done
Event: 1,087 loading class java/nio/channels/AsynchronousByteChannel
Event: 1,087 loading class java/nio/channels/AsynchronousChannel
Event: 1,087 loading class java/nio/channels/AsynchronousChannel done
Event: 1,087 loading class java/nio/channels/AsynchronousByteChannel done


Dynamic libraries:
c0000000-c4300000 rw-p 00000000 00:00 0 
c4300000-eab00000 ---p 00000000 00:00 0 
eab00000-ecc00000 rw-p 00000000 00:00 0 
ecc00000-100000000 ---p 00000000 00:00 0 
100000000-100020000 rw-p 00000000 00:00 0 
100020000-100040000 rw-p 00000000 00:00 0 
100040000-1000c0000 rw-p 00000000 00:00 0 
1000c0000-1000e0000 rw-p 00000000 00:00 0 
1000e0000-100140000 rw-p 00000000 00:00 0 
100140000-100180000 rw-p 00000000 00:00 0 
100180000-1001e0000 rw-p 00000000 00:00 0 
1001e0000-140000000 ---p 00000000 00:00 0 
55f8b5b82000-55f8b5b83000 r--p 00000000 103:05 1838611                   /home/dani/.vscode/extensions/redhat.java-1.12.0-linux-x64/jre/17.0.4.1-linux-x86_64/bin/java
55f8b5b83000-55f8b5b84000 r-xp 00001000 103:05 1838611                   /home/dani/.vscode/extensions/redhat.java-1.12.0-linux-x64/jre/17.0.4.1-linux-x86_64/bin/java
55f8b5b84000-55f8b5b85000 r--p 00002000 103:05 1838611                   /home/dani/.vscode/extensions/redhat.java-1.12.0-linux-x64/jre/17.0.4.1-linux-x86_64/bin/java
55f8b5b85000-55f8b5b86000 r--p 00002000 103:05 1838611                   /home/dani/.vscode/extensions/redhat.java-1.12.0-linux-x64/jre/17.0.4.1-linux-x86_64/bin/java
55f8b5b86000-55f8b5b87000 rw-p 00003000 103:05 1838611                   /home/dani/.vscode/extensions/redhat.java-1.12.0-linux-x64/jre/17.0.4.1-linux-x86_64/bin/java
55f8b618c000-55f8b61ad000 rw-p 00000000 00:00 0                          [heap]
7f327c000000-7f327c021000 rw-p 00000000 00:00 0 
7f327c021000-7f3280000000 ---p 00000000 00:00 0 
7f3284000000-7f32841f8000 rw-p 00000000 00:00 0 
7f32841f8000-7f3288000000 ---p 00000000 00:00 0 
7f3288000000-7f3288021000 rw-p 00000000 00:00 0 
7f3288021000-7f328c000000 ---p 00000000 00:00 0 
7f328c000000-7f328c021000 rw-p 00000000 00:00 0 
7f328c021000-7f3290000000 ---p 00000000 00:00 0 
7f3290000000-7f3290021000 rw-p 00000000 00:00 0 
7f3290021000-7f3294000000 ---p 00000000 00:00 0 
7f3294000000-7f3294021000 rw-p 00000000 00:00 0 
7f3294021000-7f3298000000 ---p 00000000 00:00 0 
7f3298000000-7f3298021000 rw-p 00000000 00:00 0 
7f3298021000-7f329c000000 ---p 00000000 00:00 0 
7f329c000000-7f329c021000 rw-p 00000000 00:00 0 
7f329c021000-7f32a0000000 ---p 00000000 00:00 0 
7f32a0000000-7f32a0021000 rw-p 00000000 00:00 0 
7f32a0021000-7f32a4000000 ---p 00000000 00:00 0 
7f32a4000000-7f32a4021000 rw-p 00000000 00:00 0 
7f32a4021000-7f32a8000000 ---p 00000000 00:00 0 
7f32a8000000-7f32a8021000 rw-p 00000000 00:00 0 
7f32a8021000-7f32ac000000 ---p 00000000 00:00 0 
7f32ac000000-7f32ac021000 rw-p 00000000 00:00 0 
7f32ac021000-7f32b0000000 ---p 00000000 00:00 0 
7f32b0000000-7f32b0021000 rw-p 00000000 00:00 0 
7f32b0021000-7f32b4000000 ---p 00000000 00:00 0 
7f32b4000000-7f32b4021000 rw-p 00000000 00:00 0 
7f32b4021000-7f32b8000000 ---p 00000000 00:00 0 
7f32ba315000-7f32ba700000 rw-p 00000000 00:00 0 
7f32ba700000-7f32ba704000 ---p 00000000 00:00 0 
7f32ba704000-7f32ba800000 rw-p 00000000 00:00 0 
7f32ba800000-7f32ba810000 r-xp 00000000 103:05 1839203                   /home/dani/.config/Code/User/globalStorage/redhat.java/1.12.0/config_ss_linux/org.eclipse.equinox.launcher/org.eclipse.equinox.launcher.gtk.linux.x86_64_1.2.600.v20220720-1916/eclipse_11701.so
7f32ba810000-7f32baa0f000 ---p 00010000 103:05 1839203                   /home/dani/.config/Code/User/globalStorage/redhat.java/1.12.0/config_ss_linux/org.eclipse.equinox.launcher/org.eclipse.equinox.launcher.gtk.linux.x86_64_1.2.600.v20220720-1916/eclipse_11701.so
7f32baa0f000-7f32baa10000 r--p 0000f000 103:05 1839203                   /home/dani/.config/Code/User/globalStorage/redhat.java/1.12.0/config_ss_linux/org.eclipse.equinox.launcher/org.eclipse.equinox.launcher.gtk.linux.x86_64_1.2.600.v20220720-1916/eclipse_11701.so
7f32baa10000-7f32baa11000 rw-p 00010000 103:05 1839203                   /home/dani/.config/Code/User/globalStorage/redhat.java/1.12.0/config_ss_linux/org.eclipse.equinox.launcher/org.eclipse.equinox.launcher.gtk.linux.x86_64_1.2.600.v20220720-1916/eclipse_11701.so
7f32baa11000-7f32baa12000 rw-p 00000000 00:00 0 
7f32baaf6000-7f32baafa000 ---p 00000000 00:00 0 
7f32baafa000-7f32babf6000 rw-p 00000000 00:00 0 
7f32babf6000-7f32babfa000 ---p 00000000 00:00 0 
7f32babfa000-7f32bacf6000 rw-p 00000000 00:00 0 
7f32bacf6000-7f32bacfa000 ---p 00000000 00:00 0 
7f32bacfa000-7f32badf6000 rw-p 00000000 00:00 0 
7f32badf6000-7f32badfa000 ---p 00000000 00:00 0 
7f32badfa000-7f32baef6000 rw-p 00000000 00:00 0 
7f32baef6000-7f32baef7000 ---p 00000000 00:00 0 
7f32baef7000-7f32baff8000 rw-p 00000000 00:00 0 
7f32baff8000-7f32baff9000 ---p 00000000 00:00 0 
7f32baff9000-7f32bb0fa000 rw-p 00000000 00:00 0 
7f32bb0fa000-7f32bb0fb000 ---p 00000000 00:00 0 
7f32bb0fb000-7f32bb1fc000 rw-p 00000000 00:00 0 
7f32bb1fc000-7f32bb1fd000 ---p 00000000 00:00 0 
7f32bb1fd000-7f32bb2fe000 rw-p 00000000 00:00 0 
7f32bb2fe000-7f32bb2ff000 ---p 00000000 00:00 0 
7f32bb2ff000-7f32bb500000 rw-p 00000000 00:00 0 
7f32bb500000-7f32bb600000 rw-p 00000000 00:00 0 
7f32bb600000-7f32bb700000 rw-p 00000000 00:00 0 
7f32bb700000-7f32bb800000 rw-p 00000000 00:00 0 
7f32bb800000-7f32bb980000 rw-p 00000000 00:00 0 
7f32bb980000-7f32bba00000 rw-p 00000000 00:00 0 
7f32bba00000-7f32bbb90000 rw-p 00000000 00:00 0 
7f32bbb90000-7f32bbbc0000 ---p 00000000 00:00 0 
7f32bbbc0000-7f32bbbd0000 rw-p 00000000 00:00 0 
7f32bbbd0000-7f32bbc00000 ---p 00000000 00:00 0 
7f32bbcfe000-7f32bbcff000 ---p 00000000 00:00 0 
7f32bbcff000-7f32bbe00000 rw-p 00000000 00:00 0 
7f32bbe00000-7f32bbe04000 ---p 00000000 00:00 0 
7f32bbe04000-7f32bbf00000 rw-p 00000000 00:00 0 
7f32bbf00000-7f32bbf04000 ---p 00000000 00:00 0 
7f32bbf04000-7f32bc000000 rw-p 00000000 00:00 0 
7f32bc000000-7f32bc395000 rw-p 00000000 00:00 0 
7f32bc395000-7f32c0000000 ---p 00000000 00:00 0 
7f32c0000000-7f32c0021000 rw-p 00000000 00:00 0 
7f32c0021000-7f32c4000000 ---p 00000000 00:00 0 
7f32c4000000-7f32c4021000 rw-p 00000000 00:00 0 
7f32c4021000-7f32c8000000 ---p 00000000 00:00 0 
7f32c8000000-7f32c857b000 rw-p 00000000 00:00 0 
7f32c857b000-7f32cc000000 ---p 00000000 00:00 0 
7f32cc000000-7f32cc021000 rw-p 00000000 00:00 0 
7f32cc021000-7f32d0000000 ---p 00000000 00:00 0 
7f32d0000000-7f32d0021000 rw-p 00000000 00:00 0 
7f32d0021000-7f32d4000000 ---p 00000000 00:00 0 
7f32d4000000-7f32d4021000 rw-p 00000000 00:00 0 
7f32d4021000-7f32d8000000 ---p 00000000 00:00 0 
7f32d8000000-7f32d8021000 rw-p 00000000 00:00 0 
7f32d8021000-7f32dc000000 ---p 00000000 00:00 0 
7f32dc000000-7f32dc021000 rw-p 00000000 00:00 0 
7f32dc021000-7f32e0000000 ---p 00000000 00:00 0 
7f32e003e000-7f32e0042000 ---p 00000000 00:00 0 
7f32e0042000-7f32e013e000 rw-p 00000000 00:00 0 
7f32e013e000-7f32e0142000 ---p 00000000 00:00 0 
7f32e0142000-7f32e023e000 rw-p 00000000 00:00 0 
7f32e023e000-7f32e0242000 ---p 00000000 00:00 0 
7f32e0242000-7f32e033e000 rw-p 00000000 00:00 0 
7f32e033e000-7f32e0342000 ---p 00000000 00:00 0 
7f32e0342000-7f32e043e000 rw-p 00000000 00:00 0 
7f32e043e000-7f32e0442000 ---p 00000000 00:00 0 
7f32e0442000-7f32e053e000 rw-p 00000000 00:00 0 
7f32e053e000-7f32e0542000 ---p 00000000 00:00 0 
7f32e0542000-7f32e063e000 rw-p 00000000 00:00 0 
7f32e063e000-7f32e16f8000 r--p 00000000 103:05 14423215                  /usr/lib/locale/locale-archive
7f32e16f8000-7f32e16fc000 ---p 00000000 00:00 0 
7f32e16fc000-7f32e17f8000 rw-p 00000000 00:00 0 
7f32e17f8000-7f32e17fc000 ---p 00000000 00:00 0 
7f32e17fc000-7f32e18f8000 rw-p 00000000 00:00 0 
7f32e18f8000-7f32e18f9000 ---p 00000000 00:00 0 
7f32e18f9000-7f32e4000000 rw-p 00000000 00:00 0 
7f32e4000000-7f32e4021000 rw-p 00000000 00:00 0 
7f32e4021000-7f32e8000000 ---p 00000000 00:00 0 
7f32e80fd000-7f32e8800000 rw-p 00000000 00:00 0 
7f32e8800000-7f32e8880000 rw-p 00000000 00:00 0 
7f32e8880000-7f32e8900000 rw-p 00000000 00:00 0 
7f32e8900000-7f32e8c00000 rw-p 00000000 00:00 0 
7f32e8c9c000-7f32e8ca0000 ---p 00000000 00:00 0 
7f32e8ca0000-7f32e8cbe000 rw-p 00000000 00:00 0 
7f32e8cbe000-7f32e8cc2000 r--p 00000000 103:05 1839015                   /home/dani/.vscode/extensions/redhat.java-1.12.0-linux-x64/jre/17.0.4.1-linux-x86_64/lib/libverify.so
7f32e8cc2000-7f32e8cc9000 r-xp 00004000 103:05 1839015                   /home/dani/.vscode/extensions/redhat.java-1.12.0-linux-x64/jre/17.0.4.1-linux-x86_64/lib/libverify.so
7f32e8cc9000-7f32e8ccb000 r--p 0000b000 103:05 1839015                   /home/dani/.vscode/extensions/redhat.java-1.12.0-linux-x64/jre/17.0.4.1-linux-x86_64/lib/libverify.so
7f32e8ccb000-7f32e8ccd000 r--p 0000c000 103:05 1839015                   /home/dani/.vscode/extensions/redhat.java-1.12.0-linux-x64/jre/17.0.4.1-linux-x86_64/lib/libverify.so
7f32e8ccd000-7f32e8cce000 rw-p 0000e000 103:05 1839015                   /home/dani/.vscode/extensions/redhat.java-1.12.0-linux-x64/jre/17.0.4.1-linux-x86_64/lib/libverify.so
7f32e8cce000-7f32e8cd2000 r--p 00000000 103:05 1839008                   /home/dani/.vscode/extensions/redhat.java-1.12.0-linux-x64/jre/17.0.4.1-linux-x86_64/lib/libnet.so
7f32e8cd2000-7f32e8ce0000 r-xp 00004000 103:05 1839008                   /home/dani/.vscode/extensions/redhat.java-1.12.0-linux-x64/jre/17.0.4.1-linux-x86_64/lib/libnet.so
7f32e8ce0000-7f32e8ce4000 r--p 00012000 103:05 1839008                   /home/dani/.vscode/extensions/redhat.java-1.12.0-linux-x64/jre/17.0.4.1-linux-x86_64/lib/libnet.so
7f32e8ce4000-7f32e8ce5000 r--p 00015000 103:05 1839008                   /home/dani/.vscode/extensions/redhat.java-1.12.0-linux-x64/jre/17.0.4.1-linux-x86_64/lib/libnet.so
7f32e8ce5000-7f32e8ce6000 rw-p 00016000 103:05 1839008                   /home/dani/.vscode/extensions/redhat.java-1.12.0-linux-x64/jre/17.0.4.1-linux-x86_64/lib/libnet.so
7f32e8ce6000-7f32e8ced000 r--p 00000000 103:05 1839009                   /home/dani/.vscode/extensions/redhat.java-1.12.0-linux-x64/jre/17.0.4.1-linux-x86_64/lib/libnio.so
7f32e8ced000-7f32e8cf6000 r-xp 00007000 103:05 1839009                   /home/dani/.vscode/extensions/redhat.java-1.12.0-linux-x64/jre/17.0.4.1-linux-x86_64/lib/libnio.so
7f32e8cf6000-7f32e8cfa000 r--p 00010000 103:05 1839009                   /home/dani/.vscode/extensions/redhat.java-1.12.0-linux-x64/jre/17.0.4.1-linux-x86_64/lib/libnio.so
7f32e8cfa000-7f32e8cfb000 ---p 00014000 103:05 1839009                   /home/dani/.vscode/extensions/redhat.java-1.12.0-linux-x64/jre/17.0.4.1-linux-x86_64/lib/libnio.so
7f32e8cfb000-7f32e8cfc000 r--p 00014000 103:05 1839009                   /home/dani/.vscode/extensions/redhat.java-1.12.0-linux-x64/jre/17.0.4.1-linux-x86_64/lib/libnio.so
7f32e8cfc000-7f32e8cfd000 rw-p 00015000 103:05 1839009                   /home/dani/.vscode/extensions/redhat.java-1.12.0-linux-x64/jre/17.0.4.1-linux-x86_64/lib/libnio.so
7f32e8cfd000-7f32e9000000 rw-p 00000000 00:00 0 
7f32e9000000-7f32e9270000 rwxp 00000000 00:00 0 
7f32e9270000-7f32e9591000 ---p 00000000 00:00 0 
7f32e9591000-7f32e98a1000 rwxp 00000000 00:00 0 
7f32e98a1000-7f32f0ac8000 ---p 00000000 00:00 0 
7f32f0ac8000-7f32f0d38000 rwxp 00000000 00:00 0 
7f32f0d38000-7f32f8000000 ---p 00000000 00:00 0 
7f32f8000000-7f32f85c5000 rw-p 00000000 00:00 0 
7f32f85c5000-7f32fc000000 ---p 00000000 00:00 0 
7f32fc005000-7f32fc00c000 r--s 00000000 103:05 15205870                  /usr/lib/x86_64-linux-gnu/gconv/gconv-modules.cache
7f32fc00c000-7f32fc915000 rw-p 00000000 00:00 0 
7f32fc915000-7f32fc917000 r--p 00000000 103:05 1839016                   /home/dani/.vscode/extensions/redhat.java-1.12.0-linux-x64/jre/17.0.4.1-linux-x86_64/lib/libzip.so
7f32fc917000-7f32fc91b000 r-xp 00002000 103:05 1839016                   /home/dani/.vscode/extensions/redhat.java-1.12.0-linux-x64/jre/17.0.4.1-linux-x86_64/lib/libzip.so
7f32fc91b000-7f32fc91d000 r--p 00006000 103:05 1839016                   /home/dani/.vscode/extensions/redhat.java-1.12.0-linux-x64/jre/17.0.4.1-linux-x86_64/lib/libzip.so
7f32fc91d000-7f32fc91e000 r--p 00007000 103:05 1839016                   /home/dani/.vscode/extensions/redhat.java-1.12.0-linux-x64/jre/17.0.4.1-linux-x86_64/lib/libzip.so
7f32fc91e000-7f32fc91f000 rw-p 00008000 103:05 1839016                   /home/dani/.vscode/extensions/redhat.java-1.12.0-linux-x64/jre/17.0.4.1-linux-x86_64/lib/libzip.so
7f32fc91f000-7f32fcc72000 rw-p 00000000 00:00 0 
7f32fcc72000-7f32fcda6000 ---p 00000000 00:00 0 
7f32fcda6000-7f32fcda7000 ---p 00000000 00:00 0 
7f32fcda7000-7f32fceca000 rw-p 00000000 00:00 0 
7f32fceca000-7f32fcffd000 ---p 00000000 00:00 0 
7f32fcffd000-7f32fd00e000 rw-p 00000000 00:00 0 
7f32fd00e000-7f32fd0a8000 ---p 00000000 00:00 0 
7f32fd0a8000-7f32fd0ae000 rw-p 00000000 00:00 0 
7f32fd0ae000-7f32fd194000 ---p 00000000 00:00 0 
7f32fd194000-7f32fd19b000 rw-p 00000000 00:00 0 
7f32fd19b000-7f32fd27f000 ---p 00000000 00:00 0 
7f32fd27f000-7f32fd284000 rw-p 00000000 00:00 0 
7f32fd284000-7f32fd28b000 ---p 00000000 00:00 0 
7f32fd28b000-7f32fd293000 rw-s 00000000 103:05 3539359                   /tmp/hsperfdata_dani/24316
7f32fd293000-7f32fd2a0000 r--p 00000000 103:05 1838995                   /home/dani/.vscode/extensions/redhat.java-1.12.0-linux-x64/jre/17.0.4.1-linux-x86_64/lib/libjava.so
7f32fd2a0000-7f32fd2b2000 r-xp 0000d000 103:05 1838995                   /home/dani/.vscode/extensions/redhat.java-1.12.0-linux-x64/jre/17.0.4.1-linux-x86_64/lib/libjava.so
7f32fd2b2000-7f32fd2b8000 r--p 0001f000 103:05 1838995                   /home/dani/.vscode/extensions/redhat.java-1.12.0-linux-x64/jre/17.0.4.1-linux-x86_64/lib/libjava.so
7f32fd2b8000-7f32fd2b9000 ---p 00025000 103:05 1838995                   /home/dani/.vscode/extensions/redhat.java-1.12.0-linux-x64/jre/17.0.4.1-linux-x86_64/lib/libjava.so
7f32fd2b9000-7f32fd2ba000 r--p 00025000 103:05 1838995                   /home/dani/.vscode/extensions/redhat.java-1.12.0-linux-x64/jre/17.0.4.1-linux-x86_64/lib/libjava.so
7f32fd2ba000-7f32fd2bb000 rw-p 00026000 103:05 1838995                   /home/dani/.vscode/extensions/redhat.java-1.12.0-linux-x64/jre/17.0.4.1-linux-x86_64/lib/libjava.so
7f32fd2bb000-7f32fd2bc000 rw-p 00000000 00:00 0 
7f32fd2bc000-7f32ffecc000 r--s 00000000 103:05 1839017                   /home/dani/.vscode/extensions/redhat.java-1.12.0-linux-x64/jre/17.0.4.1-linux-x86_64/lib/modules
7f32ffecc000-7f32ffed0000 r--p 00000000 103:05 1838999                   /home/dani/.vscode/extensions/redhat.java-1.12.0-linux-x64/jre/17.0.4.1-linux-x86_64/lib/libjimage.so
7f32ffed0000-7f32ffee3000 r-xp 00004000 103:05 1838999                   /home/dani/.vscode/extensions/redhat.java-1.12.0-linux-x64/jre/17.0.4.1-linux-x86_64/lib/libjimage.so
7f32ffee3000-7f32ffee9000 r--p 00017000 103:05 1838999                   /home/dani/.vscode/extensions/redhat.java-1.12.0-linux-x64/jre/17.0.4.1-linux-x86_64/lib/libjimage.so
7f32ffee9000-7f32ffeeb000 r--p 0001c000 103:05 1838999                   /home/dani/.vscode/extensions/redhat.java-1.12.0-linux-x64/jre/17.0.4.1-linux-x86_64/lib/libjimage.so
7f32ffeeb000-7f32ffeec000 rw-p 0001e000 103:05 1838999                   /home/dani/.vscode/extensions/redhat.java-1.12.0-linux-x64/jre/17.0.4.1-linux-x86_64/lib/libjimage.so
7f32ffeec000-7f32ffef0000 ---p 00000000 00:00 0 
7f32ffef0000-7f32fffec000 rw-p 00000000 00:00 0 
7f32fffec000-7f32ffffa000 r--p 00000000 103:05 14424661                  /usr/lib/x86_64-linux-gnu/libm.so.6
7f32ffffa000-7f3300076000 r-xp 0000e000 103:05 14424661                  /usr/lib/x86_64-linux-gnu/libm.so.6
7f3300076000-7f33000d1000 r--p 0008a000 103:05 14424661                  /usr/lib/x86_64-linux-gnu/libm.so.6
7f33000d1000-7f33000d2000 r--p 000e4000 103:05 14424661                  /usr/lib/x86_64-linux-gnu/libm.so.6
7f33000d2000-7f33000d3000 rw-p 000e5000 103:05 14424661                  /usr/lib/x86_64-linux-gnu/libm.so.6
7f33000d3000-7f33000d4000 r--p 00000000 103:05 14424986                  /usr/lib/x86_64-linux-gnu/librt.so.1
7f33000d4000-7f33000d5000 r-xp 00001000 103:05 14424986                  /usr/lib/x86_64-linux-gnu/librt.so.1
7f33000d5000-7f33000d6000 r--p 00002000 103:05 14424986                  /usr/lib/x86_64-linux-gnu/librt.so.1
7f33000d6000-7f33000d7000 r--p 00002000 103:05 14424986                  /usr/lib/x86_64-linux-gnu/librt.so.1
7f33000d7000-7f33000d8000 rw-p 00003000 103:05 14424986                  /usr/lib/x86_64-linux-gnu/librt.so.1
7f33000d8000-7f3300329000 r--p 00000000 103:05 1839027                   /home/dani/.vscode/extensions/redhat.java-1.12.0-linux-x64/jre/17.0.4.1-linux-x86_64/lib/server/libjvm.so
7f3300329000-7f3301042000 r-xp 00251000 103:05 1839027                   /home/dani/.vscode/extensions/redhat.java-1.12.0-linux-x64/jre/17.0.4.1-linux-x86_64/lib/server/libjvm.so
7f3301042000-7f33012cd000 r--p 00f6a000 103:05 1839027                   /home/dani/.vscode/extensions/redhat.java-1.12.0-linux-x64/jre/17.0.4.1-linux-x86_64/lib/server/libjvm.so
7f33012cd000-7f3301386000 r--p 011f4000 103:05 1839027                   /home/dani/.vscode/extensions/redhat.java-1.12.0-linux-x64/jre/17.0.4.1-linux-x86_64/lib/server/libjvm.so
7f3301386000-7f33013bb000 rw-p 012ad000 103:05 1839027                   /home/dani/.vscode/extensions/redhat.java-1.12.0-linux-x64/jre/17.0.4.1-linux-x86_64/lib/server/libjvm.so
7f33013bb000-7f3301418000 rw-p 00000000 00:00 0 
7f3301418000-7f3301440000 r--p 00000000 103:05 14424010                  /usr/lib/x86_64-linux-gnu/libc.so.6
7f3301440000-7f33015d5000 r-xp 00028000 103:05 14424010                  /usr/lib/x86_64-linux-gnu/libc.so.6
7f33015d5000-7f330162d000 r--p 001bd000 103:05 14424010                  /usr/lib/x86_64-linux-gnu/libc.so.6
7f330162d000-7f3301631000 r--p 00214000 103:05 14424010                  /usr/lib/x86_64-linux-gnu/libc.so.6
7f3301631000-7f3301633000 rw-p 00218000 103:05 14424010                  /usr/lib/x86_64-linux-gnu/libc.so.6
7f3301633000-7f3301640000 rw-p 00000000 00:00 0 
7f3301640000-7f3301641000 r--p 00000000 103:05 14424152                  /usr/lib/x86_64-linux-gnu/libdl.so.2
7f3301641000-7f3301642000 r-xp 00001000 103:05 14424152                  /usr/lib/x86_64-linux-gnu/libdl.so.2
7f3301642000-7f3301643000 r--p 00002000 103:05 14424152                  /usr/lib/x86_64-linux-gnu/libdl.so.2
7f3301643000-7f3301644000 r--p 00002000 103:05 14424152                  /usr/lib/x86_64-linux-gnu/libdl.so.2
7f3301644000-7f3301645000 rw-p 00003000 103:05 14424152                  /usr/lib/x86_64-linux-gnu/libdl.so.2
7f3301645000-7f3301646000 r--p 00000000 103:05 14424930                  /usr/lib/x86_64-linux-gnu/libpthread.so.0
7f3301646000-7f3301647000 r-xp 00001000 103:05 14424930                  /usr/lib/x86_64-linux-gnu/libpthread.so.0
7f3301647000-7f3301648000 r--p 00002000 103:05 14424930                  /usr/lib/x86_64-linux-gnu/libpthread.so.0
7f3301648000-7f3301649000 r--p 00002000 103:05 14424930                  /usr/lib/x86_64-linux-gnu/libpthread.so.0
7f3301649000-7f330164a000 rw-p 00003000 103:05 14424930                  /usr/lib/x86_64-linux-gnu/libpthread.so.0
7f330164a000-7f330164d000 r--p 00000000 103:05 1839000                   /home/dani/.vscode/extensions/redhat.java-1.12.0-linux-x64/jre/17.0.4.1-linux-x86_64/lib/libjli.so
7f330164d000-7f3301657000 r-xp 00003000 103:05 1839000                   /home/dani/.vscode/extensions/redhat.java-1.12.0-linux-x64/jre/17.0.4.1-linux-x86_64/lib/libjli.so
7f3301657000-7f330165a000 r--p 0000d000 103:05 1839000                   /home/dani/.vscode/extensions/redhat.java-1.12.0-linux-x64/jre/17.0.4.1-linux-x86_64/lib/libjli.so
7f330165a000-7f330165b000 ---p 00010000 103:05 1839000                   /home/dani/.vscode/extensions/redhat.java-1.12.0-linux-x64/jre/17.0.4.1-linux-x86_64/lib/libjli.so
7f330165b000-7f330165c000 r--p 00010000 103:05 1839000                   /home/dani/.vscode/extensions/redhat.java-1.12.0-linux-x64/jre/17.0.4.1-linux-x86_64/lib/libjli.so
7f330165c000-7f330165d000 rw-p 00011000 103:05 1839000                   /home/dani/.vscode/extensions/redhat.java-1.12.0-linux-x64/jre/17.0.4.1-linux-x86_64/lib/libjli.so
7f330165d000-7f330165f000 r--p 00000000 103:05 14418590                  /usr/lib/x86_64-linux-gnu/libz.so.1.2.11
7f330165f000-7f3301670000 r-xp 00002000 103:05 14418590                  /usr/lib/x86_64-linux-gnu/libz.so.1.2.11
7f3301670000-7f3301676000 r--p 00013000 103:05 14418590                  /usr/lib/x86_64-linux-gnu/libz.so.1.2.11
7f3301676000-7f3301677000 ---p 00019000 103:05 14418590                  /usr/lib/x86_64-linux-gnu/libz.so.1.2.11
7f3301677000-7f3301678000 r--p 00019000 103:05 14418590                  /usr/lib/x86_64-linux-gnu/libz.so.1.2.11
7f3301678000-7f3301679000 rw-p 0001a000 103:05 14418590                  /usr/lib/x86_64-linux-gnu/libz.so.1.2.11
7f330167c000-7f330167e000 r--p 00000000 103:05 1838990                   /home/dani/.vscode/extensions/redhat.java-1.12.0-linux-x64/jre/17.0.4.1-linux-x86_64/lib/libinstrument.so
7f330167e000-7f3301684000 r-xp 00002000 103:05 1838990                   /home/dani/.vscode/extensions/redhat.java-1.12.0-linux-x64/jre/17.0.4.1-linux-x86_64/lib/libinstrument.so
7f3301684000-7f3301687000 r--p 00008000 103:05 1838990                   /home/dani/.vscode/extensions/redhat.java-1.12.0-linux-x64/jre/17.0.4.1-linux-x86_64/lib/libinstrument.so
7f3301687000-7f3301688000 r--p 0000a000 103:05 1838990                   /home/dani/.vscode/extensions/redhat.java-1.12.0-linux-x64/jre/17.0.4.1-linux-x86_64/lib/libinstrument.so
7f3301688000-7f3301689000 rw-p 0000b000 103:05 1838990                   /home/dani/.vscode/extensions/redhat.java-1.12.0-linux-x64/jre/17.0.4.1-linux-x86_64/lib/libinstrument.so
7f3301689000-7f330168a000 ---p 00000000 00:00 0 
7f330168a000-7f330168b000 r--p 00000000 00:00 0 
7f330168b000-7f330168d000 rw-p 00000000 00:00 0 
7f330168d000-7f330168f000 r--p 00000000 103:05 14423673                  /usr/lib/x86_64-linux-gnu/ld-linux-x86-64.so.2
7f330168f000-7f33016b9000 r-xp 00002000 103:05 14423673                  /usr/lib/x86_64-linux-gnu/ld-linux-x86-64.so.2
7f33016b9000-7f33016c4000 r--p 0002c000 103:05 14423673                  /usr/lib/x86_64-linux-gnu/ld-linux-x86-64.so.2
7f33016c4000-7f33016c5000 ---p 00000000 00:00 0 
7f33016c5000-7f33016c7000 r--p 00037000 103:05 14423673                  /usr/lib/x86_64-linux-gnu/ld-linux-x86-64.so.2
7f33016c7000-7f33016c9000 rw-p 00039000 103:05 14423673                  /usr/lib/x86_64-linux-gnu/ld-linux-x86-64.so.2
7ffe78433000-7ffe78455000 rw-p 00000000 00:00 0                          [stack]
7ffe78489000-7ffe7848d000 r--p 00000000 00:00 0                          [vvar]
7ffe7848d000-7ffe7848f000 r-xp 00000000 00:00 0                          [vdso]
ffffffffff600000-ffffffffff601000 --xp 00000000 00:00 0                  [vsyscall]


VM Arguments:
jvm_args: --add-modules=ALL-SYSTEM --add-opens=java.base/java.util=ALL-UNNAMED --add-opens=java.base/java.lang=ALL-UNNAMED --add-opens=java.base/sun.nio.fs=ALL-UNNAMED -Declipse.application=org.eclipse.jdt.ls.core.id1 -Dosgi.bundles.defaultStartLevel=4 -Declipse.product=org.eclipse.jdt.ls.core.product -Djava.import.generatesMetadataFilesAtProjectRoot=false -Dfile.encoding=utf8 -XX:+UseParallelGC -XX:GCTimeRatio=4 -XX:AdaptiveSizePolicyWeight=90 -Dsun.zip.disableMemoryMapping=true -Xmx1G -Xms100m -Xlog:disable -javaagent:/home/dani/.vscode/extensions/redhat.java-1.12.0-linux-x64/lombok/lombok-1.18.24.jar 
java_command: /home/dani/.vscode/extensions/redhat.java-1.12.0-linux-x64/server/plugins/org.eclipse.equinox.launcher_1.6.400.v20210924-0641.jar -configuration /home/dani/.config/Code/User/globalStorage/redhat.java/1.12.0/config_ss_linux -data /home/dani/.config/Code/User/workspaceStorage/7fee77576d7d5a65ef935e173c6127e0/redhat.java/ss_ws
java_class_path (initial): /home/dani/.vscode/extensions/redhat.java-1.12.0-linux-x64/server/plugins/org.eclipse.equinox.launcher_1.6.400.v20210924-0641.jar
Launcher Type: SUN_STANDARD

[Global flags]
    uintx AdaptiveSizePolicyWeight                 = 90                                        {product} {command line}
     intx CICompilerCount                          = 3                                         {product} {ergonomic}
    uintx GCTimeRatio                              = 4                                         {product} {command line}
   size_t InitialHeapSize                          = 104857600                                 {product} {command line}
   size_t MaxHeapSize                              = 1073741824                                {product} {command line}
   size_t MaxNewSize                               = 357564416                                 {product} {ergonomic}
   size_t MinHeapDeltaBytes                        = 524288                                    {product} {ergonomic}
   size_t MinHeapSize                              = 104857600                                 {product} {command line}
   size_t NewSize                                  = 34603008                                  {product} {ergonomic}
    uintx NonNMethodCodeHeapSize                   = 5832780                                {pd product} {ergonomic}
    uintx NonProfiledCodeHeapSize                  = 122912730                              {pd product} {ergonomic}
   size_t OldSize                                  = 70254592                                  {product} {ergonomic}
    uintx ProfiledCodeHeapSize                     = 122912730                              {pd product} {ergonomic}
    uintx ReservedCodeCacheSize                    = 251658240                              {pd product} {ergonomic}
     bool SegmentedCodeCache                       = true                                      {product} {ergonomic}
   size_t SoftMaxHeapSize                          = 1073741824                             {manageable} {ergonomic}
     bool UseCompressedClassPointers               = true                           {product lp64_product} {ergonomic}
     bool UseCompressedOops                        = true                           {product lp64_product} {ergonomic}
     bool UseParallelGC                            = true                                      {product} {command line}

Logging:
Log output configuration:
 #0: stdout all=off uptime,level,tags
 #1: stderr all=off uptime,level,tags

Environment Variables:
PATH=/usr/local/sbin:/usr/local/bin:/usr/sbin:/usr/bin:/sbin:/bin:/usr/games:/usr/local/games:/snap/bin:/snap/bin
USERNAME=dani
SHELL=/bin/bash
DISPLAY=:0
LANG=en_US.UTF-8
LC_NUMERIC=hu_HU.UTF-8
LC_TIME=hu_HU.UTF-8
TERM=xterm-256color

Signal Handlers:
   SIGSEGV: crash_handler in libjvm.so, mask=11100100010111111101111111111110, flags=SA_RESTART|SA_SIGINFO
    SIGBUS: crash_handler in libjvm.so, mask=11100100010111111101111111111110, flags=SA_RESTART|SA_SIGINFO
    SIGFPE: crash_handler in libjvm.so, mask=11100100010111111101111111111110, flags=SA_RESTART|SA_SIGINFO
   SIGPIPE: javaSignalHandler in libjvm.so, mask=11100100010111111101111111111110, flags=SA_RESTART|SA_SIGINFO
   SIGXFSZ: javaSignalHandler in libjvm.so, mask=11100100010111111101111111111110, flags=SA_RESTART|SA_SIGINFO
    SIGILL: crash_handler in libjvm.so, mask=11100100010111111101111111111110, flags=SA_RESTART|SA_SIGINFO
   SIGUSR2: SR_handler in libjvm.so, mask=00000000000000000000000000000000, flags=SA_RESTART|SA_SIGINFO
    SIGHUP: UserHandler in libjvm.so, mask=11100100010111111101111111111110, flags=SA_RESTART|SA_SIGINFO
    SIGINT: UserHandler in libjvm.so, mask=11100100010111111101111111111110, flags=SA_RESTART|SA_SIGINFO
   SIGTERM: UserHandler in libjvm.so, mask=11100100010111111101111111111110, flags=SA_RESTART|SA_SIGINFO
   SIGQUIT: UserHandler in libjvm.so, mask=11100100010111111101111111111110, flags=SA_RESTART|SA_SIGINFO
  *** Handler was modified!
  *** Expected: javaSignalHandler in libjvm.so, mask=11100100110111111111111111111110, flags=SA_RESTART|SA_SIGINFO
   SIGTRAP: crash_handler in libjvm.so, mask=11100100010111111101111111111110, flags=SA_RESTART|SA_SIGINFO


---------------  S Y S T E M  ---------------

OS:
DISTRIB_ID=Ubuntu
DISTRIB_RELEASE=22.04
DISTRIB_CODENAME=jammy
DISTRIB_DESCRIPTION="Ubuntu 22.04.1 LTS"
uname: Linux 5.15.0-52-generic #58-Ubuntu SMP Thu Oct 13 08:03:55 UTC 2022 x86_64
OS uptime: 0 days 1:19 hours
libc: glibc 2.35 NPTL 2.35 
rlimit (soft/hard): STACK 8192k/infinity , CORE 0k/infinity , NPROC 28973/28973 , NOFILE 1048576/1048576 , AS infinity/infinity , CPU infinity/infinity , DATA infinity/infinity , FSIZE infinity/infinity , MEMLOCK 935972k/935972k
load average: 0,66 0,47 0,50

/proc/meminfo:
MemTotal:        7487788 kB
MemFree:          166156 kB
MemAvailable:    1238072 kB
Buffers:           55068 kB
Cached:          1251372 kB
SwapCached:        27888 kB
Active:          1651444 kB
Inactive:        4649640 kB
Active(anon):     882332 kB
Inactive(anon):  4193636 kB
Active(file):     769112 kB
Inactive(file):   456004 kB
Unevictable:          32 kB
Mlocked:              32 kB
SwapTotal:       2097148 kB
SwapFree:        1208828 kB
Dirty:              1488 kB
Writeback:             0 kB
AnonPages:       4982260 kB
Mapped:           708336 kB
Shmem:             81276 kB
KReclaimable:     129164 kB
Slab:             288052 kB
SReclaimable:     129164 kB
SUnreclaim:       158888 kB
KernelStack:       28476 kB
PageTables:        60828 kB
NFS_Unstable:          0 kB
Bounce:                0 kB
WritebackTmp:          0 kB
CommitLimit:     5841040 kB
Committed_AS:   15445464 kB
VmallocTotal:   34359738367 kB
VmallocUsed:       65396 kB
VmallocChunk:          0 kB
Percpu:            19264 kB
HardwareCorrupted:     0 kB
AnonHugePages:         0 kB
ShmemHugePages:        0 kB
ShmemPmdMapped:        0 kB
FileHugePages:         0 kB
FilePmdMapped:         0 kB
HugePages_Total:       0
HugePages_Free:        0
HugePages_Rsvd:        0
HugePages_Surp:        0
Hugepagesize:       2048 kB
Hugetlb:               0 kB
DirectMap4k:     1059376 kB
DirectMap2M:     5623808 kB
DirectMap1G:     2097152 kB

/sys/kernel/mm/transparent_hugepage/enabled: always [madvise] never
/sys/kernel/mm/transparent_hugepage/defrag (defrag/compaction efforts parameter): always defer defer+madvise [madvise] never

Process Memory:
Virtual Size: 4178180K (peak: 4239676K)
Resident Set Size: 105096K (peak: 105096K) (anon: 78032K, file: 27064K, shmem: 0K)
Swapped out: 0K
C-Heap outstanding allocations: 41424K, retained: 4735K
glibc malloc tunables: (default)

/proc/sys/kernel/threads-max (system-wide limit on the number of threads): 57946
/proc/sys/vm/max_map_count (maximum number of memory map areas a process may have): 65530
/proc/sys/kernel/pid_max (system-wide limit on number of process identifiers): 4194304

container (cgroup) information:
container_type: cgroupv2
cpu_cpuset_cpus: not supported
cpu_memory_nodes: not supported
active_processor_count: 6
cpu_quota: not supported
cpu_period: not supported
cpu_shares: not supported
memory_limit_in_bytes: unlimited
memory_and_swap_limit_in_bytes: unlimited
memory_soft_limit_in_bytes: unlimited
memory_usage_in_bytes: 1935624 k
memory_max_usage_in_bytes: not supported
maximum number of tasks: 8691
current number of tasks: 546

Steal ticks since vm start: 0
Steal ticks percentage since vm start:  0,000

CPU: total 6 (initial active 6) (6 cores per cpu, 1 threads per core) family 23 model 96 stepping 1 microcode 0x8600106, cx8, cmov, fxsr, mmx, 3dnowpref, sse, sse2, sse3, ssse3, sse4a, sse4.1, sse4.2, popcnt, lzcnt, tsc, tscinvbit, avx, avx2, aes, clmul, bmi1, bmi2, adx, sha, fma, vzeroupper, clflush, clflushopt
CPU Model and flags from /proc/cpuinfo:
model name	: AMD Ryzen 5 4500U with Radeon Graphics
flags		: fpu vme de pse tsc msr pae mce cx8 apic sep mtrr pge mca cmov pat pse36 clflush mmx fxsr sse sse2 ht syscall nx mmxext fxsr_opt pdpe1gb rdtscp lm constant_tsc rep_good nopl nonstop_tsc cpuid extd_apicid aperfmperf rapl pni pclmulqdq monitor ssse3 fma cx16 sse4_1 sse4_2 movbe popcnt aes xsave avx f16c rdrand lahf_lm cmp_legacy svm extapic cr8_legacy abm sse4a misalignsse 3dnowprefetch osvw ibs skinit wdt tce topoext perfctr_core perfctr_nb bpext perfctr_llc mwaitx cpb cat_l3 cdp_l3 hw_pstate ssbd mba ibrs ibpb stibp vmmcall fsgsbase bmi1 avx2 smep bmi2 cqm rdt_a rdseed adx smap clflushopt clwb sha_ni xsaveopt xsavec xgetbv1 xsaves cqm_llc cqm_occup_llc cqm_mbm_total cqm_mbm_local clzero irperf xsaveerptr rdpru wbnoinvd cppc arat npt lbrv svm_lock nrip_save tsc_scale vmcb_clean flushbyasid decodeassists pausefilter pfthreshold avic v_vmsave_vmload vgif v_spec_ctrl umip rdpid overflow_recov succor smca

Online cpus: 0-5
Offline cpus: 6-15
BIOS frequency limitation: 2375000
Frequency switch latency (ns): 0
Available cpu frequencies: 2375000 1700000 1400000 
Current governor: schedutil
Core performance/turbo boost: 1

Memory: 4k page, physical 7487788k(165904k free), swap 2097148k(1208828k free)
Page Sizes: 4k

vm_info: OpenJDK 64-Bit Server VM (17.0.4.1+1) for linux-amd64 JRE (17.0.4.1+1), built on Aug 12 2022 00:00:00 by "temurin" with gcc 10.3.0

END.
