#
# A fatal error has been detected by the Java Runtime Environment:
#
#  SIGSEGV (0xb) at pc=0x00007f4a706359c2, pid=24434, tid=24444
#
# JRE version: OpenJDK Runtime Environment Temurin-17.0.4.1+1 (17.0.4.1+1) (build 17.0.4.1+1)
# Java VM: OpenJDK 64-Bit Server VM Temurin-17.0.4.1+1 (17.0.4.1+1, mixed mode, tiered, compressed oops, compressed class ptrs, parallel gc, linux-amd64)
# Problematic frame:
# V  [libjvm.so+0x4999c2]  LIR_Assembler::const2stack(LIR_OprDesc*, LIR_OprDesc*)+0x12
#
# Core dump will be written. Default location: Core dumps may be processed with "/usr/share/apport/apport -p%p -s%s -c%c -d%d -P%P -u%u -g%g -- %E" (or dumping to /home/dani/Documents/Prog2/PROG2/IdeaProjects/uiwidget/src/main/java/org/example/core.24434)
#
# If you would like to submit a bug report, please visit:
#   https://github.com/adoptium/adoptium-support/issues
#

---------------  S U M M A R Y ------------

Command Line: --add-modules=ALL-SYSTEM --add-opens=java.base/java.util=ALL-UNNAMED --add-opens=java.base/java.lang=ALL-UNNAMED --add-opens=java.base/sun.nio.fs=ALL-UNNAMED -Declipse.application=org.eclipse.jdt.ls.core.id1 -Dosgi.bundles.defaultStartLevel=4 -Declipse.product=org.eclipse.jdt.ls.core.product -Djava.import.generatesMetadataFilesAtProjectRoot=false -Dfile.encoding=utf8 -XX:+UseParallelGC -XX:GCTimeRatio=4 -XX:AdaptiveSizePolicyWeight=90 -Dsun.zip.disableMemoryMapping=true -Xmx1G -Xms100m -Xlog:disable -javaagent:/home/dani/.vscode/extensions/redhat.java-1.12.0-linux-x64/lombok/lombok-1.18.24.jar /home/dani/.vscode/extensions/redhat.java-1.12.0-linux-x64/server/plugins/org.eclipse.equinox.launcher_1.6.400.v20210924-0641.jar -configuration /home/dani/.config/Code/User/globalStorage/redhat.java/1.12.0/config_ss_linux -data /home/dani/.config/Code/User/workspaceStorage/7fee77576d7d5a65ef935e173c6127e0/redhat.java/ss_ws

Host: AMD Ryzen 5 4500U with Radeon Graphics, 6 cores, 7G, Ubuntu 22.04.1 LTS
Time: Fri Oct 28 15:10:31 2022 CEST elapsed time: 0.956733 seconds (0d 0h 0m 0s)

---------------  T H R E A D  ---------------

Current thread (0x00007f4a681d4410):  JavaThread "C1 CompilerThread0" daemon [_thread_in_native, id=24444, stack(0x00007f4a5013e000,0x00007f4a5023e000)]


Current CompileTask:
C1:    957 1682   !   3       org.eclipse.osgi.internal.loader.classpath.ClasspathManager::findLocalClass (210 bytes)

Stack: [0x00007f4a5013e000,0x00007f4a5023e000],  sp=0x00007f4a5023c1c0,  free space=1016k
Native frames: (J=compiled Java code, j=interpreted, Vv=VM code, C=native code)
V  [libjvm.so+0x4999c2]  LIR_Assembler::const2stack(LIR_OprDesc*, LIR_OprDesc*)+0x12
V  [libjvm.so+0x4965b6]  LIR_Assembler::emit_op1(LIR_Op1*)+0x86
V  [libjvm.so+0x49565f]  LIR_Assembler::emit_lir_list(LIR_List*)+0x6f
V  [libjvm.so+0x4957c9]  LIR_Assembler::emit_exception_entries(GrowableArray<ExceptionInfo*>*)+0xb9
V  [libjvm.so+0x46451f]  Compilation::emit_code_body()+0x18f
V  [libjvm.so+0x464904]  Compilation::compile_java_method()+0x324
V  [libjvm.so+0x464b0a]  Compilation::compile_method()+0x10a
V  [libjvm.so+0x464ee3]  Compilation::Compilation(AbstractCompiler*, ciEnv*, ciMethod*, int, BufferBlob*, bool, DirectiveSet*)+0x203
V  [libjvm.so+0x465940]  Compiler::compile_method(ciEnv*, ciMethod*, int, bool, DirectiveSet*)+0xb0
V  [libjvm.so+0x5d9138]  CompileBroker::invoke_compiler_on_method(CompileTask*)+0xf68
V  [libjvm.so+0x5d9dc8]  CompileBroker::compiler_thread_loop()+0x508
V  [libjvm.so+0xe59214]  JavaThread::thread_main_inner()+0x184
V  [libjvm.so+0xe5c99e]  Thread::call_run()+0xde
V  [libjvm.so+0xc16351]  thread_native_entry(Thread*)+0xe1


siginfo: si_signo: 11 (SIGSEGV), si_code: 1 (SEGV_MAPERR), si_addr: 0x0000000000000002

Register to memory mapping:

RAX=0x0000000000000002 is an unknown value
RBX=0x00007f4a5023c2b0 is pointing into the stack for thread: 0x00007f4a681d4410
RCX=0x000000000000000c is an unknown value
RDX=0x0000000000050019 is an unknown value
RSP=0x00007f4a5023c1c0 is pointing into the stack for thread: 0x00007f4a681d4410
RBP=0x00007f4a5023c1d0 is pointing into the stack for thread: 0x00007f4a681d4410
RSI=0x00007f4a2c1677f0 points into unknown readable memory: 0x00007f4a71393908 | 08 39 39 71 4a 7f 00 00
RDI=0x00007f4a5023c2b0 is pointing into the stack for thread: 0x00007f4a681d4410
R8 =0x0 is NULL
R9 =0x0 is NULL
R10=0x0 is NULL
R11=0x00000000288955eb is an unknown value
R12=0x00007f4a2c167870 points into unknown readable memory: 0x00007f4a71396f90 | 90 6f 39 71 4a 7f 00 00
R13=0x00007f4a5023c2b0 is pointing into the stack for thread: 0x00007f4a681d4410
R14=0x00007f4a705bfb70: <offset 0x0000000000423b70> in /home/dani/.vscode/extensions/redhat.java-1.12.0-linux-x64/jre/17.0.4.1-linux-x86_64/lib/server/libjvm.so at 0x00007f4a7019c000
R15=0x0 is NULL


Registers:
RAX=0x0000000000000002, RBX=0x00007f4a5023c2b0, RCX=0x000000000000000c, RDX=0x0000000000050019
RSP=0x00007f4a5023c1c0, RBP=0x00007f4a5023c1d0, RSI=0x00007f4a2c1677f0, RDI=0x00007f4a5023c2b0
R8 =0x0000000000000000, R9 =0x0000000000000000, R10=0x0000000000000000, R11=0x00000000288955eb
R12=0x00007f4a2c167870, R13=0x00007f4a5023c2b0, R14=0x00007f4a705bfb70, R15=0x0000000000000000
RIP=0x00007f4a706359c2, EFLAGS=0x0000000000010202, CSGSFS=0x002b000000000033, ERR=0x0000000000000006
  TRAPNO=0x000000000000000e

Top of Stack: (sp=0x00007f4a5023c1c0)
0x00007f4a5023c1c0:   00007f4a2c167870 0000000000000000
0x00007f4a5023c1d0:   00007f4a5023c220 00007f4a706325b6
0x00007f4a5023c1e0:   0000000000000000 0000000000000000
0x00007f4a5023c1f0:   0000000000000000 00007f4a705fc344 

Instructions: (pc=0x00007f4a706359c2)
0x00007f4a706358c2:   05 81 8a e1 00 be 8b 02 00 00 48 8b 00 c6 00 58
0x00007f4a706358d2:   e9 db fc ff ff 66 0f 1f 84 00 00 00 00 00 48 8d
0x00007f4a706358e2:   05 61 8a e1 00 be a5 02 00 00 48 8b 00 c6 00 58
0x00007f4a706358f2:   e9 bb fc ff ff 66 0f 1f 84 00 00 00 00 00 49 8b
0x00007f4a70635902:   7d 18 48 8d 35 f5 ad ae 00 e8 00 a2 fc ff 49 8b
0x00007f4a70635912:   45 00 48 8b 40 08 48 8b 40 48 48 8b 58 08 e9 f9
0x00007f4a70635922:   fd ff ff 0f 1f 00 49 8b 7d 18 48 8d 35 cd ad ae
0x00007f4a70635932:   00 e8 d8 a1 fc ff 49 8b 45 00 48 8b 40 08 48 8b
0x00007f4a70635942:   40 48 48 8b 58 08 e9 0a fd ff ff 0f 1f 00 4c 89
0x00007f4a70635952:   e7 e8 38 72 03 00 4c 89 e7 49 89 c5 e8 2d 72 03
0x00007f4a70635962:   00 48 8d 65 d8 4c 89 ea 4c 89 f7 5b 48 89 c6 41
0x00007f4a70635972:   5c 41 5d 41 5e 41 5f 5d e9 11 a2 66 00 90 4c 89
0x00007f4a70635982:   e7 e8 f8 71 03 00 4c 89 e7 49 89 c5 e8 ed 71 03
0x00007f4a70635992:   00 48 8d 65 d8 4c 89 ea 4c 89 f7 5b 48 89 c6 41
0x00007f4a706359a2:   5c 41 5d 41 5e 41 5f 5d e9 31 a2 66 00 90 55 48
0x00007f4a706359b2:   89 e5 41 57 41 56 4c 8d 35 b1 a1 f8 ff 41 04 01
0x00007f4a706359c2:   20 00 00 00 00 00 00 00 00 00 00 00 00 00 00 00
0x00007f4a706359d2:   00 00 00 00 00 00 00 00 00 00 00 00 00 00 00 00
0x00007f4a706359e2:   00 00 00 00 00 00 00 00 00 00 01 00 00 00 00 00
0x00007f4a706359f2:   00 00 39 b4 c8 00 90 99 99 01 00 00 f0 39 00 00
0x00007f4a70635a02:   f0 b5 00 00 f0 31 00 00 f0 39 00 00 f0 b5 00 00
0x00007f4a70635a12:   f0 31 00 00 f0 39 00 00 f0 b5 00 00 f0 31 00 00
0x00007f4a70635a22:   00 00 00 00 00 00 00 00 00 00 00 00 00 00 00 00
0x00007f4a70635a32:   00 00 00 00 00 00 00 00 00 00 00 00 00 00 00 00
0x00007f4a70635a42:   00 00 00 00 f0 31 00 00 80 c3 00 00 00 00 0f 00
0x00007f4a70635a52:   00 00 00 00 00 00 00 00 00 00 00 00 00 00 00 00
0x00007f4a70635a62:   00 4f 00 00 00 4f 00 00 00 4f 00 00 80 c3 00 00
0x00007f4a70635a72:   00 00 00 00 00 00 00 00 00 00 00 00 00 08 00 00
0x00007f4a70635a82:   00 00 00 00 00 00 00 00 00 00 00 00 00 08 00 00
0x00007f4a70635a92:   00 00 00 00 00 00 00 00 00 00 00 00 00 08 00 00
0x00007f4a70635aa2:   00 08 54 fb 21 19 a9 f6 43 32 00 00 00 00 00 00
0x00007f4a70635ab2:   00 00 00 00 00 00 00 00 f0 00 5f f4 58 73 c7 ca 


Stack slot to memory mapping:
stack at sp + 0 slots: 0x00007f4a2c167870 points into unknown readable memory: 0x00007f4a71396f90 | 90 6f 39 71 4a 7f 00 00
stack at sp + 1 slots: 0x0 is NULL
stack at sp + 2 slots: 0x00007f4a5023c220 is pointing into the stack for thread: 0x00007f4a681d4410
stack at sp + 3 slots: 0x00007f4a706325b6: <offset 0x00000000004965b6> in /home/dani/.vscode/extensions/redhat.java-1.12.0-linux-x64/jre/17.0.4.1-linux-x86_64/lib/server/libjvm.so at 0x00007f4a7019c000
stack at sp + 4 slots: 0x0 is NULL
stack at sp + 5 slots: 0x0 is NULL
stack at sp + 6 slots: 0x0 is NULL
stack at sp + 7 slots: 0x00007f4a705fc344: <offset 0x0000000000460344> in /home/dani/.vscode/extensions/redhat.java-1.12.0-linux-x64/jre/17.0.4.1-linux-x86_64/lib/server/libjvm.so at 0x00007f4a7019c000


---------------  P R O C E S S  ---------------

Threads class SMR info:
_java_thread_list=0x00007f49f40b8e10, length=17, elements={
0x00007f4a68026070, 0x00007f4a681a3880, 0x00007f4a681a4df0, 0x00007f4a681cd0b0,
0x00007f4a681d09c0, 0x00007f4a681d1910, 0x00007f4a681d2f60, 0x00007f4a681d4410,
0x00007f4a681d5850, 0x00007f4a682736b0, 0x00007f4a6838a890, 0x00007f4a6845d100,
0x00007f4a6853d9b0, 0x00007f4a68593400, 0x00007f4a68595f20, 0x00007f49f40338f0,
0x00007f49f40b81d0
}

Java Threads: ( => current thread )
  0x00007f4a68026070 JavaThread "main" [_thread_blocked, id=24435, stack(0x00007f4a6ffb0000,0x00007f4a700b0000)]
  0x00007f4a681a3880 JavaThread "Reference Handler" daemon [_thread_blocked, id=24438, stack(0x00007f4a517f8000,0x00007f4a518f8000)]
  0x00007f4a681a4df0 JavaThread "Finalizer" daemon [_thread_blocked, id=24439, stack(0x00007f4a516f8000,0x00007f4a517f8000)]
  0x00007f4a681cd0b0 JavaThread "Signal Dispatcher" daemon [_thread_blocked, id=24440, stack(0x00007f4a5053e000,0x00007f4a5063e000)]
  0x00007f4a681d09c0 JavaThread "Service Thread" daemon [_thread_blocked, id=24441, stack(0x00007f4a5043e000,0x00007f4a5053e000)]
  0x00007f4a681d1910 JavaThread "Monitor Deflation Thread" daemon [_thread_blocked, id=24442, stack(0x00007f4a5033e000,0x00007f4a5043e000)]
  0x00007f4a681d2f60 JavaThread "C2 CompilerThread0" daemon [_thread_in_native, id=24443, stack(0x00007f4a5023e000,0x00007f4a5033e000)]
=>0x00007f4a681d4410 JavaThread "C1 CompilerThread0" daemon [_thread_in_native, id=24444, stack(0x00007f4a5013e000,0x00007f4a5023e000)]
  0x00007f4a681d5850 JavaThread "Sweeper thread" daemon [_thread_blocked, id=24445, stack(0x00007f4a5003e000,0x00007f4a5013e000)]
  0x00007f4a682736b0 JavaThread "Common-Cleaner" daemon [_thread_blocked, id=24447, stack(0x00007f4a2bf00000,0x00007f4a2c000000)]
  0x00007f4a6838a890 JavaThread "Notification Thread" daemon [_thread_blocked, id=24448, stack(0x00007f4a2be00000,0x00007f4a2bf00000)]
  0x00007f4a6845d100 JavaThread "process reaper" daemon [_thread_blocked, id=24452, stack(0x00007f4a6c06f000,0x00007f4a6c091000)]
  0x00007f4a6853d9b0 JavaThread "Active Thread: Equinox Container: 249a5df5-263f-4785-8b32-0d31cad865f2" [_thread_blocked, id=24472, stack(0x00007f4a2adf6000,0x00007f4a2aef6000)]
  0x00007f4a68593400 JavaThread "Framework Event Dispatcher: Equinox Container: 249a5df5-263f-4785-8b32-0d31cad865f2" daemon [_thread_blocked, id=24475, stack(0x00007f4a2acf6000,0x00007f4a2adf6000)]
  0x00007f4a68595f20 JavaThread "Start Level: Equinox Container: 249a5df5-263f-4785-8b32-0d31cad865f2" daemon [_thread_in_Java, id=24476, stack(0x00007f4a2abf6000,0x00007f4a2acf6000)]
  0x00007f49f40338f0 JavaThread "SCR Component Actor" daemon [_thread_blocked, id=24477, stack(0x00007f4a2aaf6000,0x00007f4a2abf6000)]
  0x00007f49f40b81d0 JavaThread "SCR Component Registry" daemon [_thread_blocked, id=24480, stack(0x00007f4a2a700000,0x00007f4a2a800000)]

Other Threads:
  0x00007f4a68193c70 VMThread "VM Thread" [stack: 0x00007f4a518fa000,0x00007f4a519fa000] [id=24437]
  0x00007f4a68070e30 WatcherThread [stack: 0x00007f4a2bd00000,0x00007f4a2be00000] [id=24449]
  0x00007f4a6803d940 GCTaskThread "GC Thread#0" [stack: 0x00007f4a6ce6c000,0x00007f4a6cf6c000] [id=24436]
  0x00007f4a4c001210 GCTaskThread "GC Thread#1" [stack: 0x00007f4a2b300000,0x00007f4a2b400000] [id=24458]
  0x00007f4a4c002ed0 GCTaskThread "GC Thread#2" [stack: 0x00007f4a2b1fe000,0x00007f4a2b2fe000] [id=24460]
  0x00007f4a4c0038d0 GCTaskThread "GC Thread#3" [stack: 0x00007f4a2b0fc000,0x00007f4a2b1fc000] [id=24461]
  0x00007f4a4c0042d0 GCTaskThread "GC Thread#4" [stack: 0x00007f4a2affa000,0x00007f4a2b0fa000] [id=24462]
  0x00007f4a4c0050c0 GCTaskThread "GC Thread#5" [stack: 0x00007f4a2aef8000,0x00007f4a2aff8000] [id=24464]

Threads with active compile tasks:
C1 CompilerThread0      988 1682   !   3       org.eclipse.osgi.internal.loader.classpath.ClasspathManager::findLocalClass (210 bytes)

VM state: not at safepoint (normal execution)

VM Mutex/Monitor currently owned by a thread: None

Heap address: 0x00000000c0000000, size: 1024 MB, Compressed Oops mode: 32-bit

CDS archive(s) not mapped
Compressed class space mapped at: 0x0000000100000000-0x0000000140000000, reserved size: 1073741824
Narrow klass base: 0x0000000000000000, Narrow klass shift: 3, Narrow klass range: 0x140000000

GC Precious Log:
 CPUs: 6 total, 6 available
 Memory: 7312M
 Large Page Support: Disabled
 NUMA Support: Disabled
 Compressed Oops: Enabled (32-bit)
 Alignments: Space 512K, Generation 512K, Heap 2M
 Heap Min Capacity: 100M
 Heap Initial Capacity: 100M
 Heap Max Capacity: 1G
 Pre-touch: Disabled
 Parallel Workers: 6

Heap:
 PSYoungGen      total 29696K, used 17246K [0x00000000eab00000, 0x00000000ecc00000, 0x0000000100000000)
  eden space 25600K, 51% used [0x00000000eab00000,0x00000000eb7dbe40,0x00000000ec400000)
  from space 4096K, 99% used [0x00000000ec800000,0x00000000ecbfba78,0x00000000ecc00000)
  to   space 4096K, 0% used [0x00000000ec400000,0x00000000ec400000,0x00000000ec800000)
 ParOldGen       total 68608K, used 706K [0x00000000c0000000, 0x00000000c4300000, 0x00000000eab00000)
  object space 68608K, 1% used [0x00000000c0000000,0x00000000c00b0830,0x00000000c4300000)
 Metaspace       used 17711K, committed 18112K, reserved 1064960K
  class space    used 1833K, committed 1984K, reserved 1048576K

Card table byte_map: [0x00007f4a6cf6c000,0x00007f4a6d16d000] _byte_map_base: 0x00007f4a6c96c000

Marking Bits: (ParMarkBitMap*) 0x00007f4a714b0520
 Begin Bits: [0x00007f4a52000000, 0x00007f4a53000000)
 End Bits:   [0x00007f4a53000000, 0x00007f4a54000000)

Polling page: 0x00007f4a7174d000

Metaspace:

Usage:
  Non-class:     15,51 MB used.
      Class:      1,79 MB used.
       Both:     17,30 MB used.

Virtual space:
  Non-class space:       16,00 MB reserved,      15,75 MB ( 98%) committed,  2 nodes.
      Class space:        1,00 GB reserved,       1,94 MB ( <1%) committed,  1 nodes.
             Both:        1,02 GB reserved,      17,69 MB (  2%) committed. 

Chunk freelists:
   Non-Class:  236,00 KB
       Class:  2,03 MB
        Both:  2,26 MB

MaxMetaspaceSize: unlimited
CompressedClassSpaceSize: 1,00 GB
Initial GC threshold: 21,00 MB
Current GC threshold: 21,00 MB
CDS: off
MetaspaceReclaimPolicy: balanced
 - commit_granule_bytes: 65536.
 - commit_granule_words: 8192.
 - virtual_space_node_default_size: 1048576.
 - enlarge_chunks_in_place: 1.
 - new_chunks_are_fully_committed: 0.
 - uncommit_free_chunks: 1.
 - use_allocation_guard: 0.
 - handle_deallocations: 1.


Internal statistics:

num_allocs_failed_limit: 0.
num_arena_births: 128.
num_arena_deaths: 0.
num_vsnodes_births: 3.
num_vsnodes_deaths: 0.
num_space_committed: 283.
num_space_uncommitted: 0.
num_chunks_returned_to_freelist: 0.
num_chunks_taken_from_freelist: 450.
num_chunk_merges: 0.
num_chunk_splits: 317.
num_chunks_enlarged: 237.
num_purges: 0.
num_inconsistent_stats: 0.

CodeHeap 'non-profiled nmethods': size=120032Kb used=594Kb max_used=594Kb free=119437Kb
 bounds [0x00007f4a60ac8000, 0x00007f4a60d38000, 0x00007f4a68000000]
CodeHeap 'profiled nmethods': size=120028Kb used=2958Kb max_used=2958Kb free=117069Kb
 bounds [0x00007f4a59591000, 0x00007f4a59881000, 0x00007f4a60ac8000]
CodeHeap 'non-nmethods': size=5700Kb used=1167Kb max_used=1188Kb free=4532Kb
 bounds [0x00007f4a59000000, 0x00007f4a59270000, 0x00007f4a59591000]
 total_blobs=2134 nmethods=1670 adapters=379
 compilation: enabled
              stopped_count=0, restarted_count=0
 full_count=0

Compilation events (20 events):
Event: 0,933 Thread 0x00007f4a681d4410 nmethod 1669 0x00007f4a59869a90 code [0x00007f4a59869c20, 0x00007f4a59869d90]
Event: 0,933 Thread 0x00007f4a681d4410 1671       3       org.eclipse.osgi.container.Module::checkValid (47 bytes)
Event: 0,934 Thread 0x00007f4a681d4410 nmethod 1671 0x00007f4a59869e10 code [0x00007f4a5986a0a0, 0x00007f4a5986ab00]
Event: 0,934 Thread 0x00007f4a681d4410 1672       3       org.eclipse.osgi.internal.container.NamespaceList::getList (26 bytes)
Event: 0,934 Thread 0x00007f4a681d4410 nmethod 1672 0x00007f4a5986af10 code [0x00007f4a5986b0e0, 0x00007f4a5986b480]
Event: 0,934 Thread 0x00007f4a681d4410 1673       3       java.util.LinkedHashMap::getOrDefault (29 bytes)
Event: 0,934 Thread 0x00007f4a681d4410 nmethod 1673 0x00007f4a5986b590 code [0x00007f4a5986b760, 0x00007f4a5986b9b0]
Event: 0,934 Thread 0x00007f4a681d4410 1674       1       org.eclipse.osgi.container.ModuleRevision::getTypes (5 bytes)
Event: 0,935 Thread 0x00007f4a681d4410 nmethod 1674 0x00007f4a60b58590 code [0x00007f4a60b58720, 0x00007f4a60b587f0]
Event: 0,937 Thread 0x00007f4a681d4410 1675       3       java.util.ArrayList$SubList$1::<init> (39 bytes)
Event: 0,937 Thread 0x00007f4a681d4410 nmethod 1675 0x00007f4a5986ba90 code [0x00007f4a5986bc40, 0x00007f4a5986bdd0]
Event: 0,939 Thread 0x00007f4a681d4410 1676       3       jdk.internal.loader.ClassLoaders::bootLoader (4 bytes)
Event: 0,939 Thread 0x00007f4a681d4410 nmethod 1676 0x00007f4a5986bf10 code [0x00007f4a5986c0a0, 0x00007f4a5986c190]
Event: 0,942 Thread 0x00007f4a681d4410 1678       3       org.eclipse.osgi.storage.bundlefile.ZipBundleFile::getZipEntry (87 bytes)
Event: 0,943 Thread 0x00007f4a681d4410 nmethod 1678 0x00007f4a5986c210 code [0x00007f4a5986c560, 0x00007f4a5986d9c0]
Event: 0,944 Thread 0x00007f4a681d4410 1679       3       org.eclipse.osgi.container.Module::getContainer (8 bytes)
Event: 0,944 Thread 0x00007f4a681d4410 nmethod 1679 0x00007f4a5986e110 code [0x00007f4a5986e2a0, 0x00007f4a5986e3d0]
Event: 0,946 Thread 0x00007f4a681d4410 1680   !   3       org.eclipse.osgi.internal.loader.classpath.ClasspathManager::findClassImpl (308 bytes)
Event: 0,950 Thread 0x00007f4a681d4410 nmethod 1680 0x00007f4a5986e490 code [0x00007f4a5986ed40, 0x00007f4a598730f0]
Event: 0,950 Thread 0x00007f4a681d4410 1682   !   3       org.eclipse.osgi.internal.loader.classpath.ClasspathManager::findLocalClass (210 bytes)

GC Heap History (4 events):
Event: 0,481 GC heap before
{Heap before GC invocations=1 (full 0):
 PSYoungGen      total 29696K, used 25600K [0x00000000eab00000, 0x00000000ecc00000, 0x0000000100000000)
  eden space 25600K, 100% used [0x00000000eab00000,0x00000000ec400000,0x00000000ec400000)
  from space 4096K, 0% used [0x00000000ec800000,0x00000000ec800000,0x00000000ecc00000)
  to   space 4096K, 0% used [0x00000000ec400000,0x00000000ec400000,0x00000000ec800000)
 ParOldGen       total 68608K, used 0K [0x00000000c0000000, 0x00000000c4300000, 0x00000000eab00000)
  object space 68608K, 0% used [0x00000000c0000000,0x00000000c0000000,0x00000000c4300000)
 Metaspace       used 10936K, committed 11136K, reserved 1064960K
  class space    used 1114K, committed 1216K, reserved 1048576K
}
Event: 0,486 GC heap after
{Heap after GC invocations=1 (full 0):
 PSYoungGen      total 29696K, used 3185K [0x00000000eab00000, 0x00000000ecc00000, 0x0000000100000000)
  eden space 25600K, 0% used [0x00000000eab00000,0x00000000eab00000,0x00000000ec400000)
  from space 4096K, 77% used [0x00000000ec400000,0x00000000ec71c680,0x00000000ec800000)
  to   space 4096K, 0% used [0x00000000ec800000,0x00000000ec800000,0x00000000ecc00000)
 ParOldGen       total 68608K, used 16K [0x00000000c0000000, 0x00000000c4300000, 0x00000000eab00000)
  object space 68608K, 0% used [0x00000000c0000000,0x00000000c0004000,0x00000000c4300000)
 Metaspace       used 10936K, committed 11136K, reserved 1064960K
  class space    used 1114K, committed 1216K, reserved 1048576K
}
Event: 0,819 GC heap before
{Heap before GC invocations=2 (full 0):
 PSYoungGen      total 29696K, used 28785K [0x00000000eab00000, 0x00000000ecc00000, 0x0000000100000000)
  eden space 25600K, 100% used [0x00000000eab00000,0x00000000ec400000,0x00000000ec400000)
  from space 4096K, 77% used [0x00000000ec400000,0x00000000ec71c680,0x00000000ec800000)
  to   space 4096K, 0% used [0x00000000ec800000,0x00000000ec800000,0x00000000ecc00000)
 ParOldGen       total 68608K, used 16K [0x00000000c0000000, 0x00000000c4300000, 0x00000000eab00000)
  object space 68608K, 0% used [0x00000000c0000000,0x00000000c0004000,0x00000000c4300000)
 Metaspace       used 15331K, committed 15616K, reserved 1064960K
  class space    used 1587K, committed 1728K, reserved 1048576K
}
Event: 0,823 GC heap after
{Heap after GC invocations=2 (full 0):
 PSYoungGen      total 29696K, used 4078K [0x00000000eab00000, 0x00000000ecc00000, 0x0000000100000000)
  eden space 25600K, 0% used [0x00000000eab00000,0x00000000eab00000,0x00000000ec400000)
  from space 4096K, 99% used [0x00000000ec800000,0x00000000ecbfba78,0x00000000ecc00000)
  to   space 4096K, 0% used [0x00000000ec400000,0x00000000ec400000,0x00000000ec800000)
 ParOldGen       total 68608K, used 706K [0x00000000c0000000, 0x00000000c4300000, 0x00000000eab00000)
  object space 68608K, 1% used [0x00000000c0000000,0x00000000c00b0830,0x00000000c4300000)
 Metaspace       used 15331K, committed 15616K, reserved 1064960K
  class space    used 1587K, committed 1728K, reserved 1048576K
}

Deoptimization events (20 events):
Event: 0,892 Thread 0x00007f4a68595f20 Uncommon trap: trap_request=0xffffffde fr.pc=0x00007f4a60b1c284 relative=0x0000000000001124
Event: 0,892 Thread 0x00007f4a68595f20 Uncommon trap: reason=class_check action=maybe_recompile pc=0x00007f4a60b1c284 method=java.io.DataInputStream.readFully([BII)V @ 30 c2
Event: 0,892 Thread 0x00007f4a68595f20 DEOPT PACKING pc=0x00007f4a60b1c284 sp=0x00007f4a2acf0f70
Event: 0,892 Thread 0x00007f4a68595f20 DEOPT UNPACKING pc=0x00007f4a59051d99 sp=0x00007f4a2acf0eb8 mode 2
Event: 0,892 Thread 0x00007f4a68595f20 Uncommon trap: trap_request=0xffffffde fr.pc=0x00007f4a60b4fcc0 relative=0x00000000000002a0
Event: 0,892 Thread 0x00007f4a68595f20 Uncommon trap: reason=class_check action=maybe_recompile pc=0x00007f4a60b4fcc0 method=java.io.DataInputStream.readByte()B @ 4 c2
Event: 0,892 Thread 0x00007f4a68595f20 DEOPT PACKING pc=0x00007f4a60b4fcc0 sp=0x00007f4a2acf10b0
Event: 0,892 Thread 0x00007f4a68595f20 DEOPT UNPACKING pc=0x00007f4a59051d99 sp=0x00007f4a2acf1068 mode 2
Event: 0,892 Thread 0x00007f4a68595f20 Uncommon trap: trap_request=0xffffffde fr.pc=0x00007f4a60b4fcc0 relative=0x00000000000002a0
Event: 0,892 Thread 0x00007f4a68595f20 Uncommon trap: reason=class_check action=maybe_recompile pc=0x00007f4a60b4fcc0 method=java.io.DataInputStream.readByte()B @ 4 c2
Event: 0,892 Thread 0x00007f4a68595f20 DEOPT PACKING pc=0x00007f4a60b4fcc0 sp=0x00007f4a2acf10b0
Event: 0,892 Thread 0x00007f4a68595f20 DEOPT UNPACKING pc=0x00007f4a59051d99 sp=0x00007f4a2acf1068 mode 2
Event: 0,892 Thread 0x00007f4a68595f20 Uncommon trap: trap_request=0xffffffde fr.pc=0x00007f4a60b1c284 relative=0x0000000000001124
Event: 0,892 Thread 0x00007f4a68595f20 Uncommon trap: reason=class_check action=maybe_recompile pc=0x00007f4a60b1c284 method=java.io.DataInputStream.readFully([BII)V @ 30 c2
Event: 0,892 Thread 0x00007f4a68595f20 DEOPT PACKING pc=0x00007f4a60b1c284 sp=0x00007f4a2acf0f70
Event: 0,892 Thread 0x00007f4a68595f20 DEOPT UNPACKING pc=0x00007f4a59051d99 sp=0x00007f4a2acf0eb8 mode 2
Event: 0,892 Thread 0x00007f4a68595f20 Uncommon trap: trap_request=0xffffffde fr.pc=0x00007f4a60b1c284 relative=0x0000000000001124
Event: 0,892 Thread 0x00007f4a68595f20 Uncommon trap: reason=class_check action=maybe_recompile pc=0x00007f4a60b1c284 method=java.io.DataInputStream.readFully([BII)V @ 30 c2
Event: 0,892 Thread 0x00007f4a68595f20 DEOPT PACKING pc=0x00007f4a60b1c284 sp=0x00007f4a2acf0f70
Event: 0,892 Thread 0x00007f4a68595f20 DEOPT UNPACKING pc=0x00007f4a59051d99 sp=0x00007f4a2acf0eb8 mode 2

Classes unloaded (0 events):
No events

Classes redefined (0 events):
No events

Internal exceptions (20 events):
Event: 0,277 Thread 0x00007f4a68026070 Exception <a 'java/io/FileNotFoundException'{0x00000000eb749318}> (0x00000000eb749318) 
thrown [src/hotspot/share/prims/jni.cpp, line 516]
Event: 0,284 Thread 0x00007f4a68026070 Exception <a 'java/lang/NoSuchMethodError'{0x00000000eb79ac88}: 'java.lang.Object java.lang.invoke.DirectMethodHandle$Holder.invokeStaticInit(java.lang.Object)'> (0x00000000eb79ac88) 
thrown [src/hotspot/share/interpreter/linkResolver.cpp, line 758]
Event: 0,286 Thread 0x00007f4a68026070 Exception <a 'java/lang/NoSuchMethodError'{0x00000000eb7b0e38}: 'java.lang.Object java.lang.invoke.DirectMethodHandle$Holder.invokeStaticInit(java.lang.Object, java.lang.Object, long, java.lang.Object)'> (0x00000000eb7b0e38) 
thrown [src/hotspot/share/interpreter/linkResolver.cpp, line 758]
Event: 0,287 Thread 0x00007f4a68026070 Exception <a 'java/lang/NoSuchMethodError'{0x00000000eb7b7498}: 'java.lang.Object java.lang.invoke.DirectMethodHandle$Holder.newInvokeSpecial(java.lang.Object, java.lang.Object, long)'> (0x00000000eb7b7498) 
thrown [src/hotspot/share/interpreter/linkResolver.cpp, line 758]
Event: 0,289 Thread 0x00007f4a68026070 Exception <a 'java/lang/NoSuchMethodError'{0x00000000eb7bb788}: 'java.lang.Object java.lang.invoke.Invokers$Holder.linkToTargetMethod(java.lang.Object, long, java.lang.Object)'> (0x00000000eb7bb788) 
thrown [src/hotspot/share/interpreter/linkResolver.cpp, line 758]
Event: 0,292 Thread 0x00007f4a68026070 Exception <a 'java/lang/NoSuchMethodError'{0x00000000eb7e8858}: 'java.lang.Object java.lang.invoke.DirectMethodHandle$Holder.newInvokeSpecial(java.lang.Object, java.lang.Object, java.lang.Object, int)'> (0x00000000eb7e8858) 
thrown [src/hotspot/share/interpreter/linkResolver.cpp, line 758]
Event: 0,293 Thread 0x00007f4a68026070 Exception <a 'java/lang/NoSuchMethodError'{0x00000000eb7f01c8}: 'java.lang.Object java.lang.invoke.Invokers$Holder.linkToTargetMethod(java.lang.Object, java.lang.Object, int, java.lang.Object)'> (0x00000000eb7f01c8) 
thrown [src/hotspot/share/interpreter/linkResolver.cpp, line 758]
Event: 0,411 Thread 0x00007f4a68026070 Exception <a 'java/io/FileNotFoundException'{0x00000000ec09e9a0}> (0x00000000ec09e9a0) 
thrown [src/hotspot/share/prims/jni.cpp, line 516]
Event: 0,468 Thread 0x00007f4a68026070 Exception <a 'java/lang/NoSuchMethodError'{0x00000000ec36e6e0}: 'int java.lang.invoke.DirectMethodHandle$Holder.invokeStaticInit(java.lang.Object, java.lang.Object, java.lang.Object, java.lang.Object)'> (0x00000000ec36e6e0) 
thrown [src/hotspot/share/interpreter/linkResolver.cpp, line 758]
Event: 0,469 Thread 0x00007f4a68026070 Exception <a 'java/lang/NoSuchMethodError'{0x00000000ec378a00}: 'java.lang.Object java.lang.invoke.DirectMethodHandle$Holder.invokeInterface(java.lang.Object, java.lang.Object)'> (0x00000000ec378a00) 
thrown [src/hotspot/share/interpreter/linkResolver.cpp, line 758]
Event: 0,470 Thread 0x00007f4a68026070 Exception <a 'java/lang/IncompatibleClassChangeError'{0x00000000ec37c1f8}: Found class java.lang.Object, but interface was expected> (0x00000000ec37c1f8) 
thrown [src/hotspot/share/interpreter/linkResolver.cpp, line 826]
Event: 0,470 Thread 0x00007f4a68026070 Exception <a 'java/lang/NoSuchMethodError'{0x00000000ec3806f0}: 'void java.lang.invoke.DirectMethodHandle$Holder.invokeStatic(java.lang.Object, java.lang.Object)'> (0x00000000ec3806f0) 
thrown [src/hotspot/share/interpreter/linkResolver.cpp, line 758]
Event: 0,471 Thread 0x00007f4a68026070 Exception <a 'java/lang/NoSuchMethodError'{0x00000000ec383ef0}: 'void java.lang.invoke.DirectMethodHandle$Holder.invokeStaticInit(java.lang.Object, java.lang.Object)'> (0x00000000ec383ef0) 
thrown [src/hotspot/share/interpreter/linkResolver.cpp, line 758]
Event: 0,471 Thread 0x00007f4a68026070 Exception <a 'java/lang/NoSuchMethodError'{0x00000000ec38b308}: 'int java.lang.invoke.DirectMethodHandle$Holder.invokeStaticInit(java.lang.Object, java.lang.Object)'> (0x00000000ec38b308) 
thrown [src/hotspot/share/interpreter/linkResolver.cpp, line 758]
Event: 0,498 Thread 0x00007f4a68026070 Exception <a 'java/lang/NoSuchMethodError'{0x00000000eaba8290}: 'void java.lang.invoke.DirectMethodHandle$Holder.invokeSpecial(java.lang.Object, java.lang.Object, java.lang.Object)'> (0x00000000eaba8290) 
thrown [src/hotspot/share/interpreter/linkResolver.cpp, line 758]
Event: 0,632 Thread 0x00007f4a68026070 Exception <a 'java/lang/NoSuchMethodError'{0x00000000eb71c328}: 'java.lang.Object java.lang.invoke.DirectMethodHandle$Holder.newInvokeSpecial(java.lang.Object, int, java.lang.Object)'> (0x00000000eb71c328) 
thrown [src/hotspot/share/interpreter/linkResolver.cpp, line 758]
Event: 0,715 Thread 0x00007f4a68026070 Exception <a 'java/lang/UnsatisfiedLinkError'{0x00000000ebc2aab8}: 'void org.eclipse.equinox.launcher.JNIBridge._update_splash()'> (0x00000000ebc2aab8) 
thrown [src/hotspot/share/prims/nativeLookup.cpp, line 543]
Event: 0,888 Thread 0x00007f4a68595f20 Exception <a 'java/io/FileNotFoundException'{0x00000000eb1a2190}> (0x00000000eb1a2190) 
thrown [src/hotspot/share/prims/jni.cpp, line 516]
Event: 0,895 Thread 0x00007f4a68595f20 Exception <a 'java/lang/NullPointerException'{0x00000000eb1f36a0}> (0x00000000eb1f36a0) 
thrown [src/hotspot/share/interpreter/linkResolver.cpp, line 1350]
Event: 0,895 Thread 0x00007f4a68595f20 Exception <a 'java/lang/NullPointerException'{0x00000000eb1f3ec8}> (0x00000000eb1f3ec8) 
thrown [src/hotspot/share/interpreter/linkResolver.cpp, line 1350]

VM Operations (20 events):
Event: 0,085 Executing VM operation: HandshakeAllThreads
Event: 0,085 Executing VM operation: HandshakeAllThreads done
Event: 0,132 Executing VM operation: HandshakeAllThreads
Event: 0,132 Executing VM operation: HandshakeAllThreads done
Event: 0,267 Executing VM operation: HandshakeAllThreads
Event: 0,267 Executing VM operation: HandshakeAllThreads done
Event: 0,481 Executing VM operation: ParallelGCFailedAllocation
Event: 0,486 Executing VM operation: ParallelGCFailedAllocation done
Event: 0,614 Executing VM operation: HandshakeAllThreads
Event: 0,614 Executing VM operation: HandshakeAllThreads done
Event: 0,616 Executing VM operation: HandshakeAllThreads
Event: 0,616 Executing VM operation: HandshakeAllThreads done
Event: 0,620 Executing VM operation: HandshakeAllThreads
Event: 0,620 Executing VM operation: HandshakeAllThreads done
Event: 0,629 Executing VM operation: HandshakeAllThreads
Event: 0,629 Executing VM operation: HandshakeAllThreads done
Event: 0,766 Executing VM operation: HandshakeAllThreads
Event: 0,766 Executing VM operation: HandshakeAllThreads done
Event: 0,819 Executing VM operation: ParallelGCFailedAllocation
Event: 0,823 Executing VM operation: ParallelGCFailedAllocation done

Events (20 events):
Event: 0,895 loading class java/util/ImmutableCollections$Map1 done
Event: 0,895 loading class java/util/AbstractMap$1
Event: 0,895 loading class java/util/AbstractMap$1 done
Event: 0,895 loading class java/util/AbstractMap$1$1
Event: 0,895 loading class java/util/AbstractMap$1$1 done
Event: 0,935 loading class java/net/Authenticator
Event: 0,936 loading class java/net/Authenticator done
Event: 0,936 loading class java/util/concurrent/ExecutionException
Event: 0,936 loading class java/util/concurrent/ExecutionException done
Event: 0,940 loading class java/net/SocketAddress
Event: 0,940 loading class java/net/SocketAddress done
Event: 0,940 loading class java/net/InetSocketAddress
Event: 0,940 loading class java/net/InetSocketAddress done
Event: 0,940 loading class java/nio/channels/AsynchronousByteChannel
Event: 0,940 loading class java/nio/channels/AsynchronousChannel
Event: 0,940 loading class java/nio/channels/AsynchronousChannel done
Event: 0,940 loading class java/nio/channels/AsynchronousByteChannel done
Event: 0,950 loading class java/text/SimpleDateFormat
Event: 0,951 loading class java/text/DateFormat
Event: 0,951 loading class java/text/Format


Dynamic libraries:
c0000000-c4300000 rw-p 00000000 00:00 0 
c4300000-eab00000 ---p 00000000 00:00 0 
eab00000-ecc00000 rw-p 00000000 00:00 0 
ecc00000-100000000 ---p 00000000 00:00 0 
100000000-100020000 rw-p 00000000 00:00 0 
100020000-100040000 rw-p 00000000 00:00 0 
100040000-1000c0000 rw-p 00000000 00:00 0 
1000c0000-1000e0000 rw-p 00000000 00:00 0 
1000e0000-100140000 rw-p 00000000 00:00 0 
100140000-100180000 rw-p 00000000 00:00 0 
100180000-1001f0000 rw-p 00000000 00:00 0 
1001f0000-140000000 ---p 00000000 00:00 0 
564127870000-564127871000 r--p 00000000 103:05 1838611                   /home/dani/.vscode/extensions/redhat.java-1.12.0-linux-x64/jre/17.0.4.1-linux-x86_64/bin/java
564127871000-564127872000 r-xp 00001000 103:05 1838611                   /home/dani/.vscode/extensions/redhat.java-1.12.0-linux-x64/jre/17.0.4.1-linux-x86_64/bin/java
564127872000-564127873000 r--p 00002000 103:05 1838611                   /home/dani/.vscode/extensions/redhat.java-1.12.0-linux-x64/jre/17.0.4.1-linux-x86_64/bin/java
564127873000-564127874000 r--p 00002000 103:05 1838611                   /home/dani/.vscode/extensions/redhat.java-1.12.0-linux-x64/jre/17.0.4.1-linux-x86_64/bin/java
564127874000-564127875000 rw-p 00003000 103:05 1838611                   /home/dani/.vscode/extensions/redhat.java-1.12.0-linux-x64/jre/17.0.4.1-linux-x86_64/bin/java
5641285af000-5641285d0000 rw-p 00000000 00:00 0                          [heap]
7f49ec000000-7f49ec021000 rw-p 00000000 00:00 0 
7f49ec021000-7f49f0000000 ---p 00000000 00:00 0 
7f49f4000000-7f49f420b000 rw-p 00000000 00:00 0 
7f49f420b000-7f49f8000000 ---p 00000000 00:00 0 
7f49f8000000-7f49f8021000 rw-p 00000000 00:00 0 
7f49f8021000-7f49fc000000 ---p 00000000 00:00 0 
7f49fc000000-7f49fc021000 rw-p 00000000 00:00 0 
7f49fc021000-7f4a00000000 ---p 00000000 00:00 0 
7f4a00000000-7f4a00021000 rw-p 00000000 00:00 0 
7f4a00021000-7f4a04000000 ---p 00000000 00:00 0 
7f4a04000000-7f4a04021000 rw-p 00000000 00:00 0 
7f4a04021000-7f4a08000000 ---p 00000000 00:00 0 
7f4a08000000-7f4a08021000 rw-p 00000000 00:00 0 
7f4a08021000-7f4a0c000000 ---p 00000000 00:00 0 
7f4a0c000000-7f4a0c021000 rw-p 00000000 00:00 0 
7f4a0c021000-7f4a10000000 ---p 00000000 00:00 0 
7f4a10000000-7f4a10021000 rw-p 00000000 00:00 0 
7f4a10021000-7f4a14000000 ---p 00000000 00:00 0 
7f4a14000000-7f4a14021000 rw-p 00000000 00:00 0 
7f4a14021000-7f4a18000000 ---p 00000000 00:00 0 
7f4a18000000-7f4a18021000 rw-p 00000000 00:00 0 
7f4a18021000-7f4a1c000000 ---p 00000000 00:00 0 
7f4a1c000000-7f4a1c021000 rw-p 00000000 00:00 0 
7f4a1c021000-7f4a20000000 ---p 00000000 00:00 0 
7f4a20000000-7f4a20021000 rw-p 00000000 00:00 0 
7f4a20021000-7f4a24000000 ---p 00000000 00:00 0 
7f4a24000000-7f4a24021000 rw-p 00000000 00:00 0 
7f4a24021000-7f4a28000000 ---p 00000000 00:00 0 
7f4a2a315000-7f4a2a700000 rw-p 00000000 00:00 0 
7f4a2a700000-7f4a2a704000 ---p 00000000 00:00 0 
7f4a2a704000-7f4a2a800000 rw-p 00000000 00:00 0 
7f4a2a800000-7f4a2a810000 r-xp 00000000 103:05 1839203                   /home/dani/.config/Code/User/globalStorage/redhat.java/1.12.0/config_ss_linux/org.eclipse.equinox.launcher/org.eclipse.equinox.launcher.gtk.linux.x86_64_1.2.600.v20220720-1916/eclipse_11701.so
7f4a2a810000-7f4a2aa0f000 ---p 00010000 103:05 1839203                   /home/dani/.config/Code/User/globalStorage/redhat.java/1.12.0/config_ss_linux/org.eclipse.equinox.launcher/org.eclipse.equinox.launcher.gtk.linux.x86_64_1.2.600.v20220720-1916/eclipse_11701.so
7f4a2aa0f000-7f4a2aa10000 r--p 0000f000 103:05 1839203                   /home/dani/.config/Code/User/globalStorage/redhat.java/1.12.0/config_ss_linux/org.eclipse.equinox.launcher/org.eclipse.equinox.launcher.gtk.linux.x86_64_1.2.600.v20220720-1916/eclipse_11701.so
7f4a2aa10000-7f4a2aa11000 rw-p 00010000 103:05 1839203                   /home/dani/.config/Code/User/globalStorage/redhat.java/1.12.0/config_ss_linux/org.eclipse.equinox.launcher/org.eclipse.equinox.launcher.gtk.linux.x86_64_1.2.600.v20220720-1916/eclipse_11701.so
7f4a2aa11000-7f4a2aa12000 rw-p 00000000 00:00 0 
7f4a2aaf6000-7f4a2aafa000 ---p 00000000 00:00 0 
7f4a2aafa000-7f4a2abf6000 rw-p 00000000 00:00 0 
7f4a2abf6000-7f4a2abfa000 ---p 00000000 00:00 0 
7f4a2abfa000-7f4a2acf6000 rw-p 00000000 00:00 0 
7f4a2acf6000-7f4a2acfa000 ---p 00000000 00:00 0 
7f4a2acfa000-7f4a2adf6000 rw-p 00000000 00:00 0 
7f4a2adf6000-7f4a2adfa000 ---p 00000000 00:00 0 
7f4a2adfa000-7f4a2aef6000 rw-p 00000000 00:00 0 
7f4a2aef6000-7f4a2aef7000 ---p 00000000 00:00 0 
7f4a2aef7000-7f4a2aff8000 rw-p 00000000 00:00 0 
7f4a2aff8000-7f4a2aff9000 ---p 00000000 00:00 0 
7f4a2aff9000-7f4a2b0fa000 rw-p 00000000 00:00 0 
7f4a2b0fa000-7f4a2b0fb000 ---p 00000000 00:00 0 
7f4a2b0fb000-7f4a2b1fc000 rw-p 00000000 00:00 0 
7f4a2b1fc000-7f4a2b1fd000 ---p 00000000 00:00 0 
7f4a2b1fd000-7f4a2b2fe000 rw-p 00000000 00:00 0 
7f4a2b2fe000-7f4a2b2ff000 ---p 00000000 00:00 0 
7f4a2b2ff000-7f4a2b500000 rw-p 00000000 00:00 0 
7f4a2b500000-7f4a2b600000 rw-p 00000000 00:00 0 
7f4a2b600000-7f4a2b800000 rw-p 00000000 00:00 0 
7f4a2b800000-7f4a2b980000 rw-p 00000000 00:00 0 
7f4a2b980000-7f4a2ba00000 rw-p 00000000 00:00 0 
7f4a2ba00000-7f4a2bb90000 rw-p 00000000 00:00 0 
7f4a2bb90000-7f4a2bbc0000 ---p 00000000 00:00 0 
7f4a2bbc0000-7f4a2bbf0000 rw-p 00000000 00:00 0 
7f4a2bbf0000-7f4a2bc00000 ---p 00000000 00:00 0 
7f4a2bcfe000-7f4a2bcff000 ---p 00000000 00:00 0 
7f4a2bcff000-7f4a2be00000 rw-p 00000000 00:00 0 
7f4a2be00000-7f4a2be04000 ---p 00000000 00:00 0 
7f4a2be04000-7f4a2bf00000 rw-p 00000000 00:00 0 
7f4a2bf00000-7f4a2bf04000 ---p 00000000 00:00 0 
7f4a2bf04000-7f4a2c000000 rw-p 00000000 00:00 0 
7f4a2c000000-7f4a2c3ba000 rw-p 00000000 00:00 0 
7f4a2c3ba000-7f4a30000000 ---p 00000000 00:00 0 
7f4a30000000-7f4a30021000 rw-p 00000000 00:00 0 
7f4a30021000-7f4a34000000 ---p 00000000 00:00 0 
7f4a34000000-7f4a34021000 rw-p 00000000 00:00 0 
7f4a34021000-7f4a38000000 ---p 00000000 00:00 0 
7f4a38000000-7f4a38421000 rw-p 00000000 00:00 0 
7f4a38421000-7f4a3c000000 ---p 00000000 00:00 0 
7f4a3c000000-7f4a3c021000 rw-p 00000000 00:00 0 
7f4a3c021000-7f4a40000000 ---p 00000000 00:00 0 
7f4a40000000-7f4a40021000 rw-p 00000000 00:00 0 
7f4a40021000-7f4a44000000 ---p 00000000 00:00 0 
7f4a44000000-7f4a44021000 rw-p 00000000 00:00 0 
7f4a44021000-7f4a48000000 ---p 00000000 00:00 0 
7f4a48000000-7f4a48021000 rw-p 00000000 00:00 0 
7f4a48021000-7f4a4c000000 ---p 00000000 00:00 0 
7f4a4c000000-7f4a4c021000 rw-p 00000000 00:00 0 
7f4a4c021000-7f4a50000000 ---p 00000000 00:00 0 
7f4a5003e000-7f4a50042000 ---p 00000000 00:00 0 
7f4a50042000-7f4a5013e000 rw-p 00000000 00:00 0 
7f4a5013e000-7f4a50142000 ---p 00000000 00:00 0 
7f4a50142000-7f4a5023e000 rw-p 00000000 00:00 0 
7f4a5023e000-7f4a50242000 ---p 00000000 00:00 0 
7f4a50242000-7f4a5033e000 rw-p 00000000 00:00 0 
7f4a5033e000-7f4a50342000 ---p 00000000 00:00 0 
7f4a50342000-7f4a5043e000 rw-p 00000000 00:00 0 
7f4a5043e000-7f4a50442000 ---p 00000000 00:00 0 
7f4a50442000-7f4a5053e000 rw-p 00000000 00:00 0 
7f4a5053e000-7f4a50542000 ---p 00000000 00:00 0 
7f4a50542000-7f4a5063e000 rw-p 00000000 00:00 0 
7f4a5063e000-7f4a516f8000 r--p 00000000 103:05 14423215                  /usr/lib/locale/locale-archive
7f4a516f8000-7f4a516fc000 ---p 00000000 00:00 0 
7f4a516fc000-7f4a517f8000 rw-p 00000000 00:00 0 
7f4a517f8000-7f4a517fc000 ---p 00000000 00:00 0 
7f4a517fc000-7f4a518f8000 rw-p 00000000 00:00 0 
7f4a518f8000-7f4a518f9000 ---p 00000000 00:00 0 
7f4a518f9000-7f4a54000000 rw-p 00000000 00:00 0 
7f4a54000000-7f4a54021000 rw-p 00000000 00:00 0 
7f4a54021000-7f4a58000000 ---p 00000000 00:00 0 
7f4a580fd000-7f4a58800000 rw-p 00000000 00:00 0 
7f4a58800000-7f4a58880000 rw-p 00000000 00:00 0 
7f4a58880000-7f4a58900000 rw-p 00000000 00:00 0 
7f4a58900000-7f4a58c00000 rw-p 00000000 00:00 0 
7f4a58cfd000-7f4a59000000 rw-p 00000000 00:00 0 
7f4a59000000-7f4a59270000 rwxp 00000000 00:00 0 
7f4a59270000-7f4a59591000 ---p 00000000 00:00 0 
7f4a59591000-7f4a59881000 rwxp 00000000 00:00 0 
7f4a59881000-7f4a60ac8000 ---p 00000000 00:00 0 
7f4a60ac8000-7f4a60d38000 rwxp 00000000 00:00 0 
7f4a60d38000-7f4a68000000 ---p 00000000 00:00 0 
7f4a68000000-7f4a685dd000 rw-p 00000000 00:00 0 
7f4a685dd000-7f4a6c000000 ---p 00000000 00:00 0 
7f4a6c068000-7f4a6c06f000 r--s 00000000 103:05 15205870                  /usr/lib/x86_64-linux-gnu/gconv/gconv-modules.cache
7f4a6c06f000-7f4a6c073000 ---p 00000000 00:00 0 
7f4a6c073000-7f4a6c091000 rw-p 00000000 00:00 0 
7f4a6c091000-7f4a6c095000 r--p 00000000 103:05 1839015                   /home/dani/.vscode/extensions/redhat.java-1.12.0-linux-x64/jre/17.0.4.1-linux-x86_64/lib/libverify.so
7f4a6c095000-7f4a6c09c000 r-xp 00004000 103:05 1839015                   /home/dani/.vscode/extensions/redhat.java-1.12.0-linux-x64/jre/17.0.4.1-linux-x86_64/lib/libverify.so
7f4a6c09c000-7f4a6c09e000 r--p 0000b000 103:05 1839015                   /home/dani/.vscode/extensions/redhat.java-1.12.0-linux-x64/jre/17.0.4.1-linux-x86_64/lib/libverify.so
7f4a6c09e000-7f4a6c0a0000 r--p 0000c000 103:05 1839015                   /home/dani/.vscode/extensions/redhat.java-1.12.0-linux-x64/jre/17.0.4.1-linux-x86_64/lib/libverify.so
7f4a6c0a0000-7f4a6c0a1000 rw-p 0000e000 103:05 1839015                   /home/dani/.vscode/extensions/redhat.java-1.12.0-linux-x64/jre/17.0.4.1-linux-x86_64/lib/libverify.so
7f4a6c0a1000-7f4a6c0a5000 r--p 00000000 103:05 1839008                   /home/dani/.vscode/extensions/redhat.java-1.12.0-linux-x64/jre/17.0.4.1-linux-x86_64/lib/libnet.so
7f4a6c0a5000-7f4a6c0b3000 r-xp 00004000 103:05 1839008                   /home/dani/.vscode/extensions/redhat.java-1.12.0-linux-x64/jre/17.0.4.1-linux-x86_64/lib/libnet.so
7f4a6c0b3000-7f4a6c0b7000 r--p 00012000 103:05 1839008                   /home/dani/.vscode/extensions/redhat.java-1.12.0-linux-x64/jre/17.0.4.1-linux-x86_64/lib/libnet.so
7f4a6c0b7000-7f4a6c0b8000 r--p 00015000 103:05 1839008                   /home/dani/.vscode/extensions/redhat.java-1.12.0-linux-x64/jre/17.0.4.1-linux-x86_64/lib/libnet.so
7f4a6c0b8000-7f4a6c0b9000 rw-p 00016000 103:05 1839008                   /home/dani/.vscode/extensions/redhat.java-1.12.0-linux-x64/jre/17.0.4.1-linux-x86_64/lib/libnet.so
7f4a6c0b9000-7f4a6c0c0000 r--p 00000000 103:05 1839009                   /home/dani/.vscode/extensions/redhat.java-1.12.0-linux-x64/jre/17.0.4.1-linux-x86_64/lib/libnio.so
7f4a6c0c0000-7f4a6c0c9000 r-xp 00007000 103:05 1839009                   /home/dani/.vscode/extensions/redhat.java-1.12.0-linux-x64/jre/17.0.4.1-linux-x86_64/lib/libnio.so
7f4a6c0c9000-7f4a6c0cd000 r--p 00010000 103:05 1839009                   /home/dani/.vscode/extensions/redhat.java-1.12.0-linux-x64/jre/17.0.4.1-linux-x86_64/lib/libnio.so
7f4a6c0cd000-7f4a6c0ce000 ---p 00014000 103:05 1839009                   /home/dani/.vscode/extensions/redhat.java-1.12.0-linux-x64/jre/17.0.4.1-linux-x86_64/lib/libnio.so
7f4a6c0ce000-7f4a6c0cf000 r--p 00014000 103:05 1839009                   /home/dani/.vscode/extensions/redhat.java-1.12.0-linux-x64/jre/17.0.4.1-linux-x86_64/lib/libnio.so
7f4a6c0cf000-7f4a6c0d0000 rw-p 00015000 103:05 1839009                   /home/dani/.vscode/extensions/redhat.java-1.12.0-linux-x64/jre/17.0.4.1-linux-x86_64/lib/libnio.so
7f4a6c0d0000-7f4a6c9d9000 rw-p 00000000 00:00 0 
7f4a6c9d9000-7f4a6c9db000 r--p 00000000 103:05 1839016                   /home/dani/.vscode/extensions/redhat.java-1.12.0-linux-x64/jre/17.0.4.1-linux-x86_64/lib/libzip.so
7f4a6c9db000-7f4a6c9df000 r-xp 00002000 103:05 1839016                   /home/dani/.vscode/extensions/redhat.java-1.12.0-linux-x64/jre/17.0.4.1-linux-x86_64/lib/libzip.so
7f4a6c9df000-7f4a6c9e1000 r--p 00006000 103:05 1839016                   /home/dani/.vscode/extensions/redhat.java-1.12.0-linux-x64/jre/17.0.4.1-linux-x86_64/lib/libzip.so
7f4a6c9e1000-7f4a6c9e2000 r--p 00007000 103:05 1839016                   /home/dani/.vscode/extensions/redhat.java-1.12.0-linux-x64/jre/17.0.4.1-linux-x86_64/lib/libzip.so
7f4a6c9e2000-7f4a6c9e3000 rw-p 00008000 103:05 1839016                   /home/dani/.vscode/extensions/redhat.java-1.12.0-linux-x64/jre/17.0.4.1-linux-x86_64/lib/libzip.so
7f4a6c9e3000-7f4a6cd36000 rw-p 00000000 00:00 0 
7f4a6cd36000-7f4a6ce6a000 ---p 00000000 00:00 0 
7f4a6ce6a000-7f4a6ce6b000 ---p 00000000 00:00 0 
7f4a6ce6b000-7f4a6cf8e000 rw-p 00000000 00:00 0 
7f4a6cf8e000-7f4a6d0c1000 ---p 00000000 00:00 0 
7f4a6d0c1000-7f4a6d0d2000 rw-p 00000000 00:00 0 
7f4a6d0d2000-7f4a6d16c000 ---p 00000000 00:00 0 
7f4a6d16c000-7f4a6d172000 rw-p 00000000 00:00 0 
7f4a6d172000-7f4a6d258000 ---p 00000000 00:00 0 
7f4a6d258000-7f4a6d25e000 rw-p 00000000 00:00 0 
7f4a6d25e000-7f4a6d343000 ---p 00000000 00:00 0 
7f4a6d343000-7f4a6d348000 rw-p 00000000 00:00 0 
7f4a6d348000-7f4a6d34f000 ---p 00000000 00:00 0 
7f4a6d34f000-7f4a6d357000 rw-s 00000000 103:05 3539359                   /tmp/hsperfdata_dani/24434
7f4a6d357000-7f4a6d364000 r--p 00000000 103:05 1838995                   /home/dani/.vscode/extensions/redhat.java-1.12.0-linux-x64/jre/17.0.4.1-linux-x86_64/lib/libjava.so
7f4a6d364000-7f4a6d376000 r-xp 0000d000 103:05 1838995                   /home/dani/.vscode/extensions/redhat.java-1.12.0-linux-x64/jre/17.0.4.1-linux-x86_64/lib/libjava.so
7f4a6d376000-7f4a6d37c000 r--p 0001f000 103:05 1838995                   /home/dani/.vscode/extensions/redhat.java-1.12.0-linux-x64/jre/17.0.4.1-linux-x86_64/lib/libjava.so
7f4a6d37c000-7f4a6d37d000 ---p 00025000 103:05 1838995                   /home/dani/.vscode/extensions/redhat.java-1.12.0-linux-x64/jre/17.0.4.1-linux-x86_64/lib/libjava.so
7f4a6d37d000-7f4a6d37e000 r--p 00025000 103:05 1838995                   /home/dani/.vscode/extensions/redhat.java-1.12.0-linux-x64/jre/17.0.4.1-linux-x86_64/lib/libjava.so
7f4a6d37e000-7f4a6d37f000 rw-p 00026000 103:05 1838995                   /home/dani/.vscode/extensions/redhat.java-1.12.0-linux-x64/jre/17.0.4.1-linux-x86_64/lib/libjava.so
7f4a6d37f000-7f4a6d380000 rw-p 00000000 00:00 0 
7f4a6d380000-7f4a6ff90000 r--s 00000000 103:05 1839017                   /home/dani/.vscode/extensions/redhat.java-1.12.0-linux-x64/jre/17.0.4.1-linux-x86_64/lib/modules
7f4a6ff90000-7f4a6ff94000 r--p 00000000 103:05 1838999                   /home/dani/.vscode/extensions/redhat.java-1.12.0-linux-x64/jre/17.0.4.1-linux-x86_64/lib/libjimage.so
7f4a6ff94000-7f4a6ffa7000 r-xp 00004000 103:05 1838999                   /home/dani/.vscode/extensions/redhat.java-1.12.0-linux-x64/jre/17.0.4.1-linux-x86_64/lib/libjimage.so
7f4a6ffa7000-7f4a6ffad000 r--p 00017000 103:05 1838999                   /home/dani/.vscode/extensions/redhat.java-1.12.0-linux-x64/jre/17.0.4.1-linux-x86_64/lib/libjimage.so
7f4a6ffad000-7f4a6ffaf000 r--p 0001c000 103:05 1838999                   /home/dani/.vscode/extensions/redhat.java-1.12.0-linux-x64/jre/17.0.4.1-linux-x86_64/lib/libjimage.so
7f4a6ffaf000-7f4a6ffb0000 rw-p 0001e000 103:05 1838999                   /home/dani/.vscode/extensions/redhat.java-1.12.0-linux-x64/jre/17.0.4.1-linux-x86_64/lib/libjimage.so
7f4a6ffb0000-7f4a6ffb4000 ---p 00000000 00:00 0 
7f4a6ffb4000-7f4a700b0000 rw-p 00000000 00:00 0 
7f4a700b0000-7f4a700be000 r--p 00000000 103:05 14424661                  /usr/lib/x86_64-linux-gnu/libm.so.6
7f4a700be000-7f4a7013a000 r-xp 0000e000 103:05 14424661                  /usr/lib/x86_64-linux-gnu/libm.so.6
7f4a7013a000-7f4a70195000 r--p 0008a000 103:05 14424661                  /usr/lib/x86_64-linux-gnu/libm.so.6
7f4a70195000-7f4a70196000 r--p 000e4000 103:05 14424661                  /usr/lib/x86_64-linux-gnu/libm.so.6
7f4a70196000-7f4a70197000 rw-p 000e5000 103:05 14424661                  /usr/lib/x86_64-linux-gnu/libm.so.6
7f4a70197000-7f4a70198000 r--p 00000000 103:05 14424986                  /usr/lib/x86_64-linux-gnu/librt.so.1
7f4a70198000-7f4a70199000 r-xp 00001000 103:05 14424986                  /usr/lib/x86_64-linux-gnu/librt.so.1
7f4a70199000-7f4a7019a000 r--p 00002000 103:05 14424986                  /usr/lib/x86_64-linux-gnu/librt.so.1
7f4a7019a000-7f4a7019b000 r--p 00002000 103:05 14424986                  /usr/lib/x86_64-linux-gnu/librt.so.1
7f4a7019b000-7f4a7019c000 rw-p 00003000 103:05 14424986                  /usr/lib/x86_64-linux-gnu/librt.so.1
7f4a7019c000-7f4a703ed000 r--p 00000000 103:05 1839027                   /home/dani/.vscode/extensions/redhat.java-1.12.0-linux-x64/jre/17.0.4.1-linux-x86_64/lib/server/libjvm.so
7f4a703ed000-7f4a71106000 r-xp 00251000 103:05 1839027                   /home/dani/.vscode/extensions/redhat.java-1.12.0-linux-x64/jre/17.0.4.1-linux-x86_64/lib/server/libjvm.so
7f4a71106000-7f4a71391000 r--p 00f6a000 103:05 1839027                   /home/dani/.vscode/extensions/redhat.java-1.12.0-linux-x64/jre/17.0.4.1-linux-x86_64/lib/server/libjvm.so
7f4a71391000-7f4a7144a000 r--p 011f4000 103:05 1839027                   /home/dani/.vscode/extensions/redhat.java-1.12.0-linux-x64/jre/17.0.4.1-linux-x86_64/lib/server/libjvm.so
7f4a7144a000-7f4a7147f000 rw-p 012ad000 103:05 1839027                   /home/dani/.vscode/extensions/redhat.java-1.12.0-linux-x64/jre/17.0.4.1-linux-x86_64/lib/server/libjvm.so
7f4a7147f000-7f4a714dc000 rw-p 00000000 00:00 0 
7f4a714dc000-7f4a71504000 r--p 00000000 103:05 14424010                  /usr/lib/x86_64-linux-gnu/libc.so.6
7f4a71504000-7f4a71699000 r-xp 00028000 103:05 14424010                  /usr/lib/x86_64-linux-gnu/libc.so.6
7f4a71699000-7f4a716f1000 r--p 001bd000 103:05 14424010                  /usr/lib/x86_64-linux-gnu/libc.so.6
7f4a716f1000-7f4a716f5000 r--p 00214000 103:05 14424010                  /usr/lib/x86_64-linux-gnu/libc.so.6
7f4a716f5000-7f4a716f7000 rw-p 00218000 103:05 14424010                  /usr/lib/x86_64-linux-gnu/libc.so.6
7f4a716f7000-7f4a71704000 rw-p 00000000 00:00 0 
7f4a71704000-7f4a71705000 r--p 00000000 103:05 14424152                  /usr/lib/x86_64-linux-gnu/libdl.so.2
7f4a71705000-7f4a71706000 r-xp 00001000 103:05 14424152                  /usr/lib/x86_64-linux-gnu/libdl.so.2
7f4a71706000-7f4a71707000 r--p 00002000 103:05 14424152                  /usr/lib/x86_64-linux-gnu/libdl.so.2
7f4a71707000-7f4a71708000 r--p 00002000 103:05 14424152                  /usr/lib/x86_64-linux-gnu/libdl.so.2
7f4a71708000-7f4a71709000 rw-p 00003000 103:05 14424152                  /usr/lib/x86_64-linux-gnu/libdl.so.2
7f4a71709000-7f4a7170a000 r--p 00000000 103:05 14424930                  /usr/lib/x86_64-linux-gnu/libpthread.so.0
7f4a7170a000-7f4a7170b000 r-xp 00001000 103:05 14424930                  /usr/lib/x86_64-linux-gnu/libpthread.so.0
7f4a7170b000-7f4a7170c000 r--p 00002000 103:05 14424930                  /usr/lib/x86_64-linux-gnu/libpthread.so.0
7f4a7170c000-7f4a7170d000 r--p 00002000 103:05 14424930                  /usr/lib/x86_64-linux-gnu/libpthread.so.0
7f4a7170d000-7f4a7170e000 rw-p 00003000 103:05 14424930                  /usr/lib/x86_64-linux-gnu/libpthread.so.0
7f4a7170e000-7f4a71711000 r--p 00000000 103:05 1839000                   /home/dani/.vscode/extensions/redhat.java-1.12.0-linux-x64/jre/17.0.4.1-linux-x86_64/lib/libjli.so
7f4a71711000-7f4a7171b000 r-xp 00003000 103:05 1839000                   /home/dani/.vscode/extensions/redhat.java-1.12.0-linux-x64/jre/17.0.4.1-linux-x86_64/lib/libjli.so
7f4a7171b000-7f4a7171e000 r--p 0000d000 103:05 1839000                   /home/dani/.vscode/extensions/redhat.java-1.12.0-linux-x64/jre/17.0.4.1-linux-x86_64/lib/libjli.so
7f4a7171e000-7f4a7171f000 ---p 00010000 103:05 1839000                   /home/dani/.vscode/extensions/redhat.java-1.12.0-linux-x64/jre/17.0.4.1-linux-x86_64/lib/libjli.so
7f4a7171f000-7f4a71720000 r--p 00010000 103:05 1839000                   /home/dani/.vscode/extensions/redhat.java-1.12.0-linux-x64/jre/17.0.4.1-linux-x86_64/lib/libjli.so
7f4a71720000-7f4a71721000 rw-p 00011000 103:05 1839000                   /home/dani/.vscode/extensions/redhat.java-1.12.0-linux-x64/jre/17.0.4.1-linux-x86_64/lib/libjli.so
7f4a71721000-7f4a71723000 r--p 00000000 103:05 14418590                  /usr/lib/x86_64-linux-gnu/libz.so.1.2.11
7f4a71723000-7f4a71734000 r-xp 00002000 103:05 14418590                  /usr/lib/x86_64-linux-gnu/libz.so.1.2.11
7f4a71734000-7f4a7173a000 r--p 00013000 103:05 14418590                  /usr/lib/x86_64-linux-gnu/libz.so.1.2.11
7f4a7173a000-7f4a7173b000 ---p 00019000 103:05 14418590                  /usr/lib/x86_64-linux-gnu/libz.so.1.2.11
7f4a7173b000-7f4a7173c000 r--p 00019000 103:05 14418590                  /usr/lib/x86_64-linux-gnu/libz.so.1.2.11
7f4a7173c000-7f4a7173d000 rw-p 0001a000 103:05 14418590                  /usr/lib/x86_64-linux-gnu/libz.so.1.2.11
7f4a71740000-7f4a71742000 r--p 00000000 103:05 1838990                   /home/dani/.vscode/extensions/redhat.java-1.12.0-linux-x64/jre/17.0.4.1-linux-x86_64/lib/libinstrument.so
7f4a71742000-7f4a71748000 r-xp 00002000 103:05 1838990                   /home/dani/.vscode/extensions/redhat.java-1.12.0-linux-x64/jre/17.0.4.1-linux-x86_64/lib/libinstrument.so
7f4a71748000-7f4a7174b000 r--p 00008000 103:05 1838990                   /home/dani/.vscode/extensions/redhat.java-1.12.0-linux-x64/jre/17.0.4.1-linux-x86_64/lib/libinstrument.so
7f4a7174b000-7f4a7174c000 r--p 0000a000 103:05 1838990                   /home/dani/.vscode/extensions/redhat.java-1.12.0-linux-x64/jre/17.0.4.1-linux-x86_64/lib/libinstrument.so
7f4a7174c000-7f4a7174d000 rw-p 0000b000 103:05 1838990                   /home/dani/.vscode/extensions/redhat.java-1.12.0-linux-x64/jre/17.0.4.1-linux-x86_64/lib/libinstrument.so
7f4a7174d000-7f4a7174e000 ---p 00000000 00:00 0 
7f4a7174e000-7f4a7174f000 r--p 00000000 00:00 0 
7f4a7174f000-7f4a71751000 rw-p 00000000 00:00 0 
7f4a71751000-7f4a71753000 r--p 00000000 103:05 14423673                  /usr/lib/x86_64-linux-gnu/ld-linux-x86-64.so.2
7f4a71753000-7f4a7177d000 r-xp 00002000 103:05 14423673                  /usr/lib/x86_64-linux-gnu/ld-linux-x86-64.so.2
7f4a7177d000-7f4a71788000 r--p 0002c000 103:05 14423673                  /usr/lib/x86_64-linux-gnu/ld-linux-x86-64.so.2
7f4a71788000-7f4a71789000 ---p 00000000 00:00 0 
7f4a71789000-7f4a7178b000 r--p 00037000 103:05 14423673                  /usr/lib/x86_64-linux-gnu/ld-linux-x86-64.so.2
7f4a7178b000-7f4a7178d000 rw-p 00039000 103:05 14423673                  /usr/lib/x86_64-linux-gnu/ld-linux-x86-64.so.2
7ffd2ba4d000-7ffd2ba6f000 rw-p 00000000 00:00 0                          [stack]
7ffd2bb40000-7ffd2bb44000 r--p 00000000 00:00 0                          [vvar]
7ffd2bb44000-7ffd2bb46000 r-xp 00000000 00:00 0                          [vdso]
ffffffffff600000-ffffffffff601000 --xp 00000000 00:00 0                  [vsyscall]


VM Arguments:
jvm_args: --add-modules=ALL-SYSTEM --add-opens=java.base/java.util=ALL-UNNAMED --add-opens=java.base/java.lang=ALL-UNNAMED --add-opens=java.base/sun.nio.fs=ALL-UNNAMED -Declipse.application=org.eclipse.jdt.ls.core.id1 -Dosgi.bundles.defaultStartLevel=4 -Declipse.product=org.eclipse.jdt.ls.core.product -Djava.import.generatesMetadataFilesAtProjectRoot=false -Dfile.encoding=utf8 -XX:+UseParallelGC -XX:GCTimeRatio=4 -XX:AdaptiveSizePolicyWeight=90 -Dsun.zip.disableMemoryMapping=true -Xmx1G -Xms100m -Xlog:disable -javaagent:/home/dani/.vscode/extensions/redhat.java-1.12.0-linux-x64/lombok/lombok-1.18.24.jar 
java_command: /home/dani/.vscode/extensions/redhat.java-1.12.0-linux-x64/server/plugins/org.eclipse.equinox.launcher_1.6.400.v20210924-0641.jar -configuration /home/dani/.config/Code/User/globalStorage/redhat.java/1.12.0/config_ss_linux -data /home/dani/.config/Code/User/workspaceStorage/7fee77576d7d5a65ef935e173c6127e0/redhat.java/ss_ws
java_class_path (initial): /home/dani/.vscode/extensions/redhat.java-1.12.0-linux-x64/server/plugins/org.eclipse.equinox.launcher_1.6.400.v20210924-0641.jar
Launcher Type: SUN_STANDARD

[Global flags]
    uintx AdaptiveSizePolicyWeight                 = 90                                        {product} {command line}
     intx CICompilerCount                          = 3                                         {product} {ergonomic}
    uintx GCTimeRatio                              = 4                                         {product} {command line}
   size_t InitialHeapSize                          = 104857600                                 {product} {command line}
   size_t MaxHeapSize                              = 1073741824                                {product} {command line}
   size_t MaxNewSize                               = 357564416                                 {product} {ergonomic}
   size_t MinHeapDeltaBytes                        = 524288                                    {product} {ergonomic}
   size_t MinHeapSize                              = 104857600                                 {product} {command line}
   size_t NewSize                                  = 34603008                                  {product} {ergonomic}
    uintx NonNMethodCodeHeapSize                   = 5832780                                {pd product} {ergonomic}
    uintx NonProfiledCodeHeapSize                  = 122912730                              {pd product} {ergonomic}
   size_t OldSize                                  = 70254592                                  {product} {ergonomic}
    uintx ProfiledCodeHeapSize                     = 122912730                              {pd product} {ergonomic}
    uintx ReservedCodeCacheSize                    = 251658240                              {pd product} {ergonomic}
     bool SegmentedCodeCache                       = true                                      {product} {ergonomic}
   size_t SoftMaxHeapSize                          = 1073741824                             {manageable} {ergonomic}
     bool UseCompressedClassPointers               = true                           {product lp64_product} {ergonomic}
     bool UseCompressedOops                        = true                           {product lp64_product} {ergonomic}
     bool UseParallelGC                            = true                                      {product} {command line}

Logging:
Log output configuration:
 #0: stdout all=off uptime,level,tags
 #1: stderr all=off uptime,level,tags

Environment Variables:
PATH=/usr/local/sbin:/usr/local/bin:/usr/sbin:/usr/bin:/sbin:/bin:/usr/games:/usr/local/games:/snap/bin:/snap/bin
USERNAME=dani
SHELL=/bin/bash
DISPLAY=:0
LANG=en_US.UTF-8
LC_NUMERIC=hu_HU.UTF-8
LC_TIME=hu_HU.UTF-8
TERM=xterm-256color

Signal Handlers:
   SIGSEGV: crash_handler in libjvm.so, mask=11100100010111111101111111111110, flags=SA_RESTART|SA_SIGINFO
    SIGBUS: crash_handler in libjvm.so, mask=11100100010111111101111111111110, flags=SA_RESTART|SA_SIGINFO
    SIGFPE: crash_handler in libjvm.so, mask=11100100010111111101111111111110, flags=SA_RESTART|SA_SIGINFO
   SIGPIPE: javaSignalHandler in libjvm.so, mask=11100100010111111101111111111110, flags=SA_RESTART|SA_SIGINFO
   SIGXFSZ: javaSignalHandler in libjvm.so, mask=11100100010111111101111111111110, flags=SA_RESTART|SA_SIGINFO
    SIGILL: crash_handler in libjvm.so, mask=11100100010111111101111111111110, flags=SA_RESTART|SA_SIGINFO
   SIGUSR2: SR_handler in libjvm.so, mask=00000000000000000000000000000000, flags=SA_RESTART|SA_SIGINFO
    SIGHUP: UserHandler in libjvm.so, mask=11100100010111111101111111111110, flags=SA_RESTART|SA_SIGINFO
    SIGINT: UserHandler in libjvm.so, mask=11100100010111111101111111111110, flags=SA_RESTART|SA_SIGINFO
   SIGTERM: UserHandler in libjvm.so, mask=11100100010111111101111111111110, flags=SA_RESTART|SA_SIGINFO
   SIGQUIT: UserHandler in libjvm.so, mask=11100100010111111101111111111110, flags=SA_RESTART|SA_SIGINFO
  *** Handler was modified!
  *** Expected: javaSignalHandler in libjvm.so, mask=11100100110111111111111111111110, flags=SA_RESTART|SA_SIGINFO
   SIGTRAP: crash_handler in libjvm.so, mask=11100100010111111101111111111110, flags=SA_RESTART|SA_SIGINFO


---------------  S Y S T E M  ---------------

OS:
DISTRIB_ID=Ubuntu
DISTRIB_RELEASE=22.04
DISTRIB_CODENAME=jammy
DISTRIB_DESCRIPTION="Ubuntu 22.04.1 LTS"
uname: Linux 5.15.0-52-generic #58-Ubuntu SMP Thu Oct 13 08:03:55 UTC 2022 x86_64
OS uptime: 0 days 1:19 hours
libc: glibc 2.35 NPTL 2.35 
rlimit (soft/hard): STACK 8192k/infinity , CORE 0k/infinity , NPROC 28973/28973 , NOFILE 1048576/1048576 , AS infinity/infinity , CPU infinity/infinity , DATA infinity/infinity , FSIZE infinity/infinity , MEMLOCK 935972k/935972k
load average: 1,17 0,58 0,54

/proc/meminfo:
MemTotal:        7487788 kB
MemFree:          168072 kB
MemAvailable:    1241696 kB
Buffers:           55068 kB
Cached:          1251964 kB
SwapCached:        27592 kB
Active:          1653320 kB
Inactive:        4635128 kB
Active(anon):     882524 kB
Inactive(anon):  4179064 kB
Active(file):     770796 kB
Inactive(file):   456064 kB
Unevictable:          32 kB
Mlocked:              32 kB
SwapTotal:       2097148 kB
SwapFree:        1208828 kB
Dirty:              2008 kB
Writeback:             0 kB
AnonPages:       4968756 kB
Mapped:           707132 kB
Shmem:             80256 kB
KReclaimable:     129096 kB
Slab:             288052 kB
SReclaimable:     129096 kB
SUnreclaim:       158956 kB
KernelStack:       28416 kB
PageTables:        60712 kB
NFS_Unstable:          0 kB
Bounce:                0 kB
WritebackTmp:          0 kB
CommitLimit:     5841040 kB
Committed_AS:   15439244 kB
VmallocTotal:   34359738367 kB
VmallocUsed:       65348 kB
VmallocChunk:          0 kB
Percpu:            19264 kB
HardwareCorrupted:     0 kB
AnonHugePages:         0 kB
ShmemHugePages:        0 kB
ShmemPmdMapped:        0 kB
FileHugePages:         0 kB
FilePmdMapped:         0 kB
HugePages_Total:       0
HugePages_Free:        0
HugePages_Rsvd:        0
HugePages_Surp:        0
Hugepagesize:       2048 kB
Hugetlb:               0 kB
DirectMap4k:     1063472 kB
DirectMap2M:     5619712 kB
DirectMap1G:     2097152 kB

/sys/kernel/mm/transparent_hugepage/enabled: always [madvise] never
/sys/kernel/mm/transparent_hugepage/defrag (defrag/compaction efforts parameter): always defer defer+madvise [madvise] never

Process Memory:
Virtual Size: 4178180K (peak: 4239676K)
Resident Set Size: 103848K (peak: 103848K) (anon: 76804K, file: 27044K, shmem: 0K)
Swapped out: 0K
C-Heap outstanding allocations: 40840K, retained: 4055K
glibc malloc tunables: (default)

/proc/sys/kernel/threads-max (system-wide limit on the number of threads): 57946
/proc/sys/vm/max_map_count (maximum number of memory map areas a process may have): 65530
/proc/sys/kernel/pid_max (system-wide limit on number of process identifiers): 4194304

container (cgroup) information:
container_type: cgroupv2
cpu_cpuset_cpus: not supported
cpu_memory_nodes: not supported
active_processor_count: 6
cpu_quota: not supported
cpu_period: not supported
cpu_shares: not supported
memory_limit_in_bytes: unlimited
memory_and_swap_limit_in_bytes: unlimited
memory_soft_limit_in_bytes: unlimited
memory_usage_in_bytes: 1921500 k
memory_max_usage_in_bytes: not supported
maximum number of tasks: 8691
current number of tasks: 543

Steal ticks since vm start: 0
Steal ticks percentage since vm start:  0,000

CPU: total 6 (initial active 6) (6 cores per cpu, 1 threads per core) family 23 model 96 stepping 1 microcode 0x8600106, cx8, cmov, fxsr, mmx, 3dnowpref, sse, sse2, sse3, ssse3, sse4a, sse4.1, sse4.2, popcnt, lzcnt, tsc, tscinvbit, avx, avx2, aes, clmul, bmi1, bmi2, adx, sha, fma, vzeroupper, clflush, clflushopt
CPU Model and flags from /proc/cpuinfo:
model name	: AMD Ryzen 5 4500U with Radeon Graphics
flags		: fpu vme de pse tsc msr pae mce cx8 apic sep mtrr pge mca cmov pat pse36 clflush mmx fxsr sse sse2 ht syscall nx mmxext fxsr_opt pdpe1gb rdtscp lm constant_tsc rep_good nopl nonstop_tsc cpuid extd_apicid aperfmperf rapl pni pclmulqdq monitor ssse3 fma cx16 sse4_1 sse4_2 movbe popcnt aes xsave avx f16c rdrand lahf_lm cmp_legacy svm extapic cr8_legacy abm sse4a misalignsse 3dnowprefetch osvw ibs skinit wdt tce topoext perfctr_core perfctr_nb bpext perfctr_llc mwaitx cpb cat_l3 cdp_l3 hw_pstate ssbd mba ibrs ibpb stibp vmmcall fsgsbase bmi1 avx2 smep bmi2 cqm rdt_a rdseed adx smap clflushopt clwb sha_ni xsaveopt xsavec xgetbv1 xsaves cqm_llc cqm_occup_llc cqm_mbm_total cqm_mbm_local clzero irperf xsaveerptr rdpru wbnoinvd cppc arat npt lbrv svm_lock nrip_save tsc_scale vmcb_clean flushbyasid decodeassists pausefilter pfthreshold avic v_vmsave_vmload vgif v_spec_ctrl umip rdpid overflow_recov succor smca

Online cpus: 0-5
Offline cpus: 6-15
BIOS frequency limitation: 2375000
Frequency switch latency (ns): 0
Available cpu frequencies: 2375000 1700000 1400000 
Current governor: schedutil
Core performance/turbo boost: 1

Memory: 4k page, physical 7487788k(167848k free), swap 2097148k(1208828k free)
Page Sizes: 4k

vm_info: OpenJDK 64-Bit Server VM (17.0.4.1+1) for linux-amd64 JRE (17.0.4.1+1), built on Aug 12 2022 00:00:00 by "temurin" with gcc 10.3.0

END.
