#
# A fatal error has been detected by the Java Runtime Environment:
#
#  SIGSEGV (0xb) at pc=0x00007effca6369c2, pid=24331, tid=24341
#
# JRE version: OpenJDK Runtime Environment Temurin-17.0.4.1+1 (17.0.4.1+1) (build 17.0.4.1+1)
# Java VM: OpenJDK 64-Bit Server VM Temurin-17.0.4.1+1 (17.0.4.1+1, mixed mode, tiered, compressed oops, compressed class ptrs, parallel gc, linux-amd64)
# Problematic frame:
# V  [libjvm.so+0x4999c2]  LIR_Assembler::const2stack(LIR_OprDesc*, LIR_OprDesc*)+0x12
#
# Core dump will be written. Default location: Core dumps may be processed with "/usr/share/apport/apport -p%p -s%s -c%c -d%d -P%P -u%u -g%g -- %E" (or dumping to /home/dani/Documents/Prog2/PROG2/IdeaProjects/uiwidget/src/main/java/org/example/core.24331)
#
# If you would like to submit a bug report, please visit:
#   https://github.com/adoptium/adoptium-support/issues
#

---------------  S U M M A R Y ------------

Command Line: --add-modules=ALL-SYSTEM --add-opens=java.base/java.util=ALL-UNNAMED --add-opens=java.base/java.lang=ALL-UNNAMED --add-opens=java.base/sun.nio.fs=ALL-UNNAMED -Declipse.application=org.eclipse.jdt.ls.core.id1 -Dosgi.bundles.defaultStartLevel=4 -Declipse.product=org.eclipse.jdt.ls.core.product -Djava.import.generatesMetadataFilesAtProjectRoot=false -Dfile.encoding=utf8 -XX:+UseParallelGC -XX:GCTimeRatio=4 -XX:AdaptiveSizePolicyWeight=90 -Dsun.zip.disableMemoryMapping=true -Xmx1G -Xms100m -Xlog:disable -javaagent:/home/dani/.vscode/extensions/redhat.java-1.12.0-linux-x64/lombok/lombok-1.18.24.jar -XX:+HeapDumpOnOutOfMemoryError -XX:HeapDumpPath=/home/dani/.config/Code/User/workspaceStorage/7fee77576d7d5a65ef935e173c6127e0/redhat.java /home/dani/.vscode/extensions/redhat.java-1.12.0-linux-x64/server/plugins/org.eclipse.equinox.launcher_1.6.400.v20210924-0641.jar -configuration /home/dani/.config/Code/User/globalStorage/redhat.java/1.12.0/config_linux -data /home/dani/.config/Code/User/workspaceStorage/7fee77576d7d5a65ef935e173c6127e0/redhat.java/jdt_ws

Host: AMD Ryzen 5 4500U with Radeon Graphics, 6 cores, 7G, Ubuntu 22.04.1 LTS
Time: Fri Oct 28 15:10:29 2022 CEST elapsed time: 1.228053 seconds (0d 0h 0m 1s)

---------------  T H R E A D  ---------------

Current thread (0x00007effc41d4540):  JavaThread "C1 CompilerThread0" daemon [_thread_in_native, id=24341, stack(0x00007effaa13e000,0x00007effaa23e000)]


Current CompileTask:
C1:   1228 2135   !   3       org.eclipse.osgi.internal.loader.classpath.ClasspathManager::findLocalClass (210 bytes)

Stack: [0x00007effaa13e000,0x00007effaa23e000],  sp=0x00007effaa23c1c0,  free space=1016k
Native frames: (J=compiled Java code, j=interpreted, Vv=VM code, C=native code)
V  [libjvm.so+0x4999c2]  LIR_Assembler::const2stack(LIR_OprDesc*, LIR_OprDesc*)+0x12
V  [libjvm.so+0x4965b6]  LIR_Assembler::emit_op1(LIR_Op1*)+0x86
V  [libjvm.so+0x49565f]  LIR_Assembler::emit_lir_list(LIR_List*)+0x6f
V  [libjvm.so+0x4957c9]  LIR_Assembler::emit_exception_entries(GrowableArray<ExceptionInfo*>*)+0xb9
V  [libjvm.so+0x46451f]  Compilation::emit_code_body()+0x18f
V  [libjvm.so+0x464904]  Compilation::compile_java_method()+0x324
V  [libjvm.so+0x464b0a]  Compilation::compile_method()+0x10a
V  [libjvm.so+0x464ee3]  Compilation::Compilation(AbstractCompiler*, ciEnv*, ciMethod*, int, BufferBlob*, bool, DirectiveSet*)+0x203
V  [libjvm.so+0x465940]  Compiler::compile_method(ciEnv*, ciMethod*, int, bool, DirectiveSet*)+0xb0
V  [libjvm.so+0x5d9138]  CompileBroker::invoke_compiler_on_method(CompileTask*)+0xf68
V  [libjvm.so+0x5d9dc8]  CompileBroker::compiler_thread_loop()+0x508
V  [libjvm.so+0xe59214]  JavaThread::thread_main_inner()+0x184
V  [libjvm.so+0xe5c99e]  Thread::call_run()+0xde
V  [libjvm.so+0xc16351]  thread_native_entry(Thread*)+0xe1


siginfo: si_signo: 11 (SIGSEGV), si_code: 1 (SEGV_MAPERR), si_addr: 0x0000000000000002

Register to memory mapping:

RAX=0x0000000000000002 is an unknown value
RBX=0x00007effaa23c2b0 is pointing into the stack for thread: 0x00007effc41d4540
RCX=0x000000000000000c is an unknown value
RDX=0x0000000000050019 is an unknown value
RSP=0x00007effaa23c1c0 is pointing into the stack for thread: 0x00007effc41d4540
RBP=0x00007effaa23c1d0 is pointing into the stack for thread: 0x00007effc41d4540
RSI=0x00007eff8411d8a0 points into unknown readable memory: 0x00007effcb394908 | 08 49 39 cb ff 7e 00 00
RDI=0x00007effaa23c2b0 is pointing into the stack for thread: 0x00007effc41d4540
R8 =0x0 is NULL
R9 =0x0 is NULL
R10=0x0 is NULL
R11=0x00000000288955eb is an unknown value
R12=0x00007eff8411d920 points into unknown readable memory: 0x00007effcb397f90 | 90 7f 39 cb ff 7e 00 00
R13=0x00007effaa23c2b0 is pointing into the stack for thread: 0x00007effc41d4540
R14=0x00007effca5c0b70: <offset 0x0000000000423b70> in /home/dani/.vscode/extensions/redhat.java-1.12.0-linux-x64/jre/17.0.4.1-linux-x86_64/lib/server/libjvm.so at 0x00007effca19d000
R15=0x0 is NULL


Registers:
RAX=0x0000000000000002, RBX=0x00007effaa23c2b0, RCX=0x000000000000000c, RDX=0x0000000000050019
RSP=0x00007effaa23c1c0, RBP=0x00007effaa23c1d0, RSI=0x00007eff8411d8a0, RDI=0x00007effaa23c2b0
R8 =0x0000000000000000, R9 =0x0000000000000000, R10=0x0000000000000000, R11=0x00000000288955eb
R12=0x00007eff8411d920, R13=0x00007effaa23c2b0, R14=0x00007effca5c0b70, R15=0x0000000000000000
RIP=0x00007effca6369c2, EFLAGS=0x0000000000010202, CSGSFS=0x002b000000000033, ERR=0x0000000000000006
  TRAPNO=0x000000000000000e

Top of Stack: (sp=0x00007effaa23c1c0)
0x00007effaa23c1c0:   00007eff8411d920 0000000000000000
0x00007effaa23c1d0:   00007effaa23c220 00007effca6335b6
0x00007effaa23c1e0:   0000000000000000 0000000000000000
0x00007effaa23c1f0:   0000000000000000 00007effca5fd344 

Instructions: (pc=0x00007effca6369c2)
0x00007effca6368c2:   05 81 8a e1 00 be 8b 02 00 00 48 8b 00 c6 00 58
0x00007effca6368d2:   e9 db fc ff ff 66 0f 1f 84 00 00 00 00 00 48 8d
0x00007effca6368e2:   05 61 8a e1 00 be a5 02 00 00 48 8b 00 c6 00 58
0x00007effca6368f2:   e9 bb fc ff ff 66 0f 1f 84 00 00 00 00 00 49 8b
0x00007effca636902:   7d 18 48 8d 35 f5 ad ae 00 e8 00 a2 fc ff 49 8b
0x00007effca636912:   45 00 48 8b 40 08 48 8b 40 48 48 8b 58 08 e9 f9
0x00007effca636922:   fd ff ff 0f 1f 00 49 8b 7d 18 48 8d 35 cd ad ae
0x00007effca636932:   00 e8 d8 a1 fc ff 49 8b 45 00 48 8b 40 08 48 8b
0x00007effca636942:   40 48 48 8b 58 08 e9 0a fd ff ff 0f 1f 00 4c 89
0x00007effca636952:   e7 e8 38 72 03 00 4c 89 e7 49 89 c5 e8 2d 72 03
0x00007effca636962:   00 48 8d 65 d8 4c 89 ea 4c 89 f7 5b 48 89 c6 41
0x00007effca636972:   5c 41 5d 41 5e 41 5f 5d e9 11 a2 66 00 90 4c 89
0x00007effca636982:   e7 e8 f8 71 03 00 4c 89 e7 49 89 c5 e8 ed 71 03
0x00007effca636992:   00 48 8d 65 d8 4c 89 ea 4c 89 f7 5b 48 89 c6 41
0x00007effca6369a2:   5c 41 5d 41 5e 41 5f 5d e9 31 a2 66 00 90 55 48
0x00007effca6369b2:   89 e5 41 57 41 56 4c 8d 35 b1 a1 f8 ff 41 04 01
0x00007effca6369c2:   20 00 00 00 00 00 00 00 00 00 00 00 00 00 00 00
0x00007effca6369d2:   00 00 00 00 00 00 00 00 00 00 00 00 00 00 00 00
0x00007effca6369e2:   00 00 00 00 00 00 00 00 00 00 01 00 00 00 00 00
0x00007effca6369f2:   00 00 39 b4 c8 00 90 99 99 01 00 00 f0 39 00 00
0x00007effca636a02:   f0 b5 00 00 f0 31 00 00 f0 39 00 00 f0 b5 00 00
0x00007effca636a12:   f0 31 00 00 f0 39 00 00 f0 b5 00 00 f0 31 00 00
0x00007effca636a22:   00 00 00 00 00 00 00 00 00 00 00 00 00 00 00 00
0x00007effca636a32:   00 00 00 00 00 00 00 00 00 00 00 00 00 00 00 00
0x00007effca636a42:   00 00 00 00 f0 31 00 00 80 c3 00 00 00 00 0f 00
0x00007effca636a52:   00 00 00 00 00 00 00 00 00 00 00 00 00 00 00 00
0x00007effca636a62:   00 4f 00 00 00 4f 00 00 00 4f 00 00 80 c3 00 00
0x00007effca636a72:   00 00 00 00 00 00 00 00 00 00 00 00 00 08 00 00
0x00007effca636a82:   00 00 00 00 00 00 00 00 00 00 00 00 00 08 00 00
0x00007effca636a92:   00 00 00 00 00 00 00 00 00 00 00 00 00 08 00 00
0x00007effca636aa2:   00 08 54 fb 21 19 a9 f6 43 32 00 00 00 00 00 00
0x00007effca636ab2:   00 00 00 00 00 00 00 00 f0 00 5f f4 58 73 c7 ca 


Stack slot to memory mapping:
stack at sp + 0 slots: 0x00007eff8411d920 points into unknown readable memory: 0x00007effcb397f90 | 90 7f 39 cb ff 7e 00 00
stack at sp + 1 slots: 0x0 is NULL
stack at sp + 2 slots: 0x00007effaa23c220 is pointing into the stack for thread: 0x00007effc41d4540
stack at sp + 3 slots: 0x00007effca6335b6: <offset 0x00000000004965b6> in /home/dani/.vscode/extensions/redhat.java-1.12.0-linux-x64/jre/17.0.4.1-linux-x86_64/lib/server/libjvm.so at 0x00007effca19d000
stack at sp + 4 slots: 0x0 is NULL
stack at sp + 5 slots: 0x0 is NULL
stack at sp + 6 slots: 0x0 is NULL
stack at sp + 7 slots: 0x00007effca5fd344: <offset 0x0000000000460344> in /home/dani/.vscode/extensions/redhat.java-1.12.0-linux-x64/jre/17.0.4.1-linux-x86_64/lib/server/libjvm.so at 0x00007effca19d000


---------------  P R O C E S S  ---------------

Threads class SMR info:
_java_thread_list=0x00007eff583e63a0, length=18, elements={
0x00007effc40261a0, 0x00007effc41a39b0, 0x00007effc41a4f20, 0x00007effc41cd1e0,
0x00007effc41d0af0, 0x00007effc41d1a40, 0x00007effc41d3090, 0x00007effc41d4540,
0x00007effc41d5980, 0x00007effc428b400, 0x00007effc439c090, 0x00007effc44ada10,
0x00007effc45ad580, 0x00007effc4604630, 0x00007effc4606f50, 0x00007eff58033ad0,
0x00007eff580b88b0, 0x00007eff582d5840
}

Java Threads: ( => current thread )
  0x00007effc40261a0 JavaThread "main" [_thread_blocked, id=24332, stack(0x00007effc9fb1000,0x00007effca0b1000)]
  0x00007effc41a39b0 JavaThread "Reference Handler" daemon [_thread_blocked, id=24335, stack(0x00007effab7f8000,0x00007effab8f8000)]
  0x00007effc41a4f20 JavaThread "Finalizer" daemon [_thread_blocked, id=24336, stack(0x00007effab6f8000,0x00007effab7f8000)]
  0x00007effc41cd1e0 JavaThread "Signal Dispatcher" daemon [_thread_blocked, id=24337, stack(0x00007effaa53e000,0x00007effaa63e000)]
  0x00007effc41d0af0 JavaThread "Service Thread" daemon [_thread_blocked, id=24338, stack(0x00007effaa43e000,0x00007effaa53e000)]
  0x00007effc41d1a40 JavaThread "Monitor Deflation Thread" daemon [_thread_blocked, id=24339, stack(0x00007effaa33e000,0x00007effaa43e000)]
  0x00007effc41d3090 JavaThread "C2 CompilerThread0" daemon [_thread_in_native, id=24340, stack(0x00007effaa23e000,0x00007effaa33e000)]
=>0x00007effc41d4540 JavaThread "C1 CompilerThread0" daemon [_thread_in_native, id=24341, stack(0x00007effaa13e000,0x00007effaa23e000)]
  0x00007effc41d5980 JavaThread "Sweeper thread" daemon [_thread_blocked, id=24343, stack(0x00007effaa03e000,0x00007effaa13e000)]
  0x00007effc428b400 JavaThread "Common-Cleaner" daemon [_thread_blocked, id=24345, stack(0x00007effa9f3e000,0x00007effaa03e000)]
  0x00007effc439c090 JavaThread "Notification Thread" daemon [_thread_blocked, id=24348, stack(0x00007effa9e3e000,0x00007effa9f3e000)]
  0x00007effc44ada10 JavaThread "process reaper" daemon [_thread_blocked, id=24351, stack(0x00007effc9488000,0x00007effc94aa000)]
  0x00007effc45ad580 JavaThread "Active Thread: Equinox Container: a397f2d1-ec1b-4e50-acc4-11728ecdfdca" [_thread_blocked, id=24368, stack(0x00007effa8ef8000,0x00007effa8ff8000)]
  0x00007effc4604630 JavaThread "Framework Event Dispatcher: Equinox Container: a397f2d1-ec1b-4e50-acc4-11728ecdfdca" daemon [_thread_blocked, id=24370, stack(0x00007effa8df8000,0x00007effa8ef8000)]
  0x00007effc4606f50 JavaThread "Start Level: Equinox Container: a397f2d1-ec1b-4e50-acc4-11728ecdfdca" daemon [_thread_in_Java, id=24372, stack(0x00007effa8cf8000,0x00007effa8df8000)]
  0x00007eff58033ad0 JavaThread "SCR Component Actor" daemon [_thread_blocked, id=24373, stack(0x00007effa8900000,0x00007effa8a00000)]
  0x00007eff580b88b0 JavaThread "SCR Component Registry" daemon [_thread_blocked, id=24374, stack(0x00007effa8800000,0x00007effa8900000)]
  0x00007eff582d5840 JavaThread "Bundle File Closer" daemon [_thread_blocked, id=24389, stack(0x00007effa8700000,0x00007effa8800000)]

Other Threads:
  0x00007effc4193da0 VMThread "VM Thread" [stack: 0x00007effab8fa000,0x00007effab9fa000] [id=24334]
  0x00007effc4070f60 WatcherThread [stack: 0x00007effa9d3e000,0x00007effa9e3e000] [id=24349]
  0x00007effc403da70 GCTaskThread "GC Thread#0" [stack: 0x00007effc9a7d000,0x00007effc9b7d000] [id=24333]
  0x00007effa4001210 GCTaskThread "GC Thread#1" [stack: 0x00007effa9c3c000,0x00007effa9d3c000] [id=24358]
  0x00007effa4002ed0 GCTaskThread "GC Thread#2" [stack: 0x00007effa9300000,0x00007effa9400000] [id=24359]
  0x00007effa40038d0 GCTaskThread "GC Thread#3" [stack: 0x00007effa91fe000,0x00007effa92fe000] [id=24360]
  0x00007effa40046c0 GCTaskThread "GC Thread#4" [stack: 0x00007effa90fc000,0x00007effa91fc000] [id=24361]
  0x00007effa40054b0 GCTaskThread "GC Thread#5" [stack: 0x00007effa8ffa000,0x00007effa90fa000] [id=24362]

Threads with active compile tasks:
C2 CompilerThread0     1235 2109       4       java.lang.StringLatin1::regionMatchesCI (98 bytes)
C1 CompilerThread0     1235 2135   !   3       org.eclipse.osgi.internal.loader.classpath.ClasspathManager::findLocalClass (210 bytes)

VM state: not at safepoint (normal execution)

VM Mutex/Monitor currently owned by a thread: None

Heap address: 0x00000000c0000000, size: 1024 MB, Compressed Oops mode: 32-bit

CDS archive(s) not mapped
Compressed class space mapped at: 0x0000000100000000-0x0000000140000000, reserved size: 1073741824
Narrow klass base: 0x0000000000000000, Narrow klass shift: 3, Narrow klass range: 0x140000000

GC Precious Log:
 CPUs: 6 total, 6 available
 Memory: 7312M
 Large Page Support: Disabled
 NUMA Support: Disabled
 Compressed Oops: Enabled (32-bit)
 Alignments: Space 512K, Generation 512K, Heap 2M
 Heap Min Capacity: 100M
 Heap Initial Capacity: 100M
 Heap Max Capacity: 1G
 Pre-touch: Disabled
 Parallel Workers: 6

Heap:
 PSYoungGen      total 29696K, used 26580K [0x00000000eab00000, 0x00000000ecc00000, 0x0000000100000000)
  eden space 25600K, 87% used [0x00000000eab00000,0x00000000ec0fb118,0x00000000ec400000)
  from space 4096K, 99% used [0x00000000ec800000,0x00000000ecbfa208,0x00000000ecc00000)
  to   space 4096K, 0% used [0x00000000ec400000,0x00000000ec400000,0x00000000ec800000)
 ParOldGen       total 68608K, used 1391K [0x00000000c0000000, 0x00000000c4300000, 0x00000000eab00000)
  object space 68608K, 2% used [0x00000000c0000000,0x00000000c015bcf8,0x00000000c4300000)
 Metaspace       used 17603K, committed 17920K, reserved 1073152K
  class space    used 1797K, committed 1920K, reserved 1048576K

Card table byte_map: [0x00007effc9b7d000,0x00007effc9d7e000] _byte_map_base: 0x00007effc957d000

Marking Bits: (ParMarkBitMap*) 0x00007effcb4b1520
 Begin Bits: [0x00007effb03f0000, 0x00007effb13f0000)
 End Bits:   [0x00007effb13f0000, 0x00007effb23f0000)

Polling page: 0x00007effcb74e000

Metaspace:

Usage:
  Non-class:     15,44 MB used.
      Class:      1,76 MB used.
       Both:     17,19 MB used.

Virtual space:
  Non-class space:       24,00 MB reserved,      15,62 MB ( 65%) committed,  3 nodes.
      Class space:        1,00 GB reserved,       1,88 MB ( <1%) committed,  1 nodes.
             Both:        1,02 GB reserved,      17,50 MB (  2%) committed. 

Chunk freelists:
   Non-Class:  3,59 MB
       Class:  2,16 MB
        Both:  5,75 MB

MaxMetaspaceSize: unlimited
CompressedClassSpaceSize: 1,00 GB
Initial GC threshold: 21,00 MB
Current GC threshold: 21,00 MB
CDS: off
MetaspaceReclaimPolicy: balanced
 - commit_granule_bytes: 65536.
 - commit_granule_words: 8192.
 - virtual_space_node_default_size: 1048576.
 - enlarge_chunks_in_place: 1.
 - new_chunks_are_fully_committed: 0.
 - uncommit_free_chunks: 1.
 - use_allocation_guard: 0.
 - handle_deallocations: 1.


Internal statistics:

num_allocs_failed_limit: 0.
num_arena_births: 124.
num_arena_deaths: 0.
num_vsnodes_births: 4.
num_vsnodes_deaths: 0.
num_space_committed: 280.
num_space_uncommitted: 0.
num_chunks_returned_to_freelist: 0.
num_chunks_taken_from_freelist: 449.
num_chunk_merges: 0.
num_chunk_splits: 307.
num_chunks_enlarged: 225.
num_purges: 0.
num_inconsistent_stats: 0.

CodeHeap 'non-profiled nmethods': size=120032Kb used=705Kb max_used=705Kb free=119326Kb
 bounds [0x00007effb9eb8000, 0x00007effba128000, 0x00007effc13f0000]
CodeHeap 'profiled nmethods': size=120028Kb used=4099Kb max_used=4099Kb free=115928Kb
 bounds [0x00007effb2981000, 0x00007effb2d91000, 0x00007effb9eb8000]
CodeHeap 'non-nmethods': size=5700Kb used=1158Kb max_used=1179Kb free=4541Kb
 bounds [0x00007effb23f0000, 0x00007effb2660000, 0x00007effb2981000]
 total_blobs=2581 nmethods=2124 adapters=372
 compilation: enabled
              stopped_count=0, restarted_count=0
 full_count=0

Compilation events (20 events):
Event: 1,216 Thread 0x00007effc41d4540 nmethod 2126 0x00007effb9f64c90 code [0x00007effb9f64e20, 0x00007effb9f64ef0]
Event: 1,216 Thread 0x00007effc41d4540 2127       3       org.eclipse.osgi.internal.loader.BundleLoader::isExportedPackage (11 bytes)
Event: 1,216 Thread 0x00007effc41d4540 nmethod 2127 0x00007effb2d72110 code [0x00007effb2d722c0, 0x00007effb2d72480]
Event: 1,216 Thread 0x00007effc41d4540 2123       3       org.eclipse.osgi.internal.framework.FilterImpl$Item::compare (347 bytes)
Event: 1,218 Thread 0x00007effc41d4540 nmethod 2123 0x00007effb2d72590 code [0x00007effb2d72c40, 0x00007effb2d76950]
Event: 1,218 Thread 0x00007effc41d4540 2128       3       org.eclipse.osgi.internal.loader.BundleLoader::getProviderLoader (77 bytes)
Event: 1,219 Thread 0x00007effc41d4540 nmethod 2128 0x00007effb2d77510 code [0x00007effb2d778c0, 0x00007effb2d78f40]
Event: 1,219 Thread 0x00007effc41d4540 2129       3       org.eclipse.osgi.internal.loader.BundleLoader::addExportedProvidersFor (167 bytes)
Event: 1,219 Thread 0x00007effc41d4540 nmethod 2129 0x00007effb2d79890 code [0x00007effb2d79ba0, 0x00007effb2d7ae10]
Event: 1,221 Thread 0x00007effc41d4540 2130       3       org.eclipse.osgi.internal.framework.FilterImpl$Item::<init> (15 bytes)
Event: 1,221 Thread 0x00007effc41d4540 nmethod 2130 0x00007effb2d7b490 code [0x00007effb2d7b640, 0x00007effb2d7b830]
Event: 1,221 Thread 0x00007effc41d4540 2131       3       org.eclipse.osgi.internal.framework.FilterImpl$Equal::<init> (12 bytes)
Event: 1,221 Thread 0x00007effc41d4540 nmethod 2131 0x00007effb2d7b910 code [0x00007effb2d7bac0, 0x00007effb2d7bd10]
Event: 1,222 Thread 0x00007effc41d4540 2132       3       java.util.Dictionary::<init> (5 bytes)
Event: 1,222 Thread 0x00007effc41d4540 nmethod 2132 0x00007effb2d7be10 code [0x00007effb2d7bfc0, 0x00007effb2d7c110]
Event: 1,222 Thread 0x00007effc41d4540 2133       3       org.eclipse.osgi.internal.hooks.EclipseLazyStarter::preFindLocalClass (120 bytes)
Event: 1,222 Thread 0x00007effc41d4540 nmethod 2133 0x00007effb2d7c210 code [0x00007effb2d7c4a0, 0x00007effb2d7d1b0]
Event: 1,222 Thread 0x00007effc41d4540 2134   !   3       org.eclipse.osgi.internal.hooks.EclipseLazyStarter::postFindLocalClass (394 bytes)
Event: 1,224 Thread 0x00007effc41d4540 nmethod 2134 0x00007effb2d7d690 code [0x00007effb2d7dbc0, 0x00007effb2d80af0]
Event: 1,224 Thread 0x00007effc41d4540 2135   !   3       org.eclipse.osgi.internal.loader.classpath.ClasspathManager::findLocalClass (210 bytes)

GC Heap History (4 events):
Event: 0,522 GC heap before
{Heap before GC invocations=1 (full 0):
 PSYoungGen      total 29696K, used 25600K [0x00000000eab00000, 0x00000000ecc00000, 0x0000000100000000)
  eden space 25600K, 100% used [0x00000000eab00000,0x00000000ec400000,0x00000000ec400000)
  from space 4096K, 0% used [0x00000000ec800000,0x00000000ec800000,0x00000000ecc00000)
  to   space 4096K, 0% used [0x00000000ec400000,0x00000000ec400000,0x00000000ec800000)
 ParOldGen       total 68608K, used 0K [0x00000000c0000000, 0x00000000c4300000, 0x00000000eab00000)
  object space 68608K, 0% used [0x00000000c0000000,0x00000000c0000000,0x00000000c4300000)
 Metaspace       used 10897K, committed 11072K, reserved 1064960K
  class space    used 1107K, committed 1216K, reserved 1048576K
}
Event: 0,526 GC heap after
{Heap after GC invocations=1 (full 0):
 PSYoungGen      total 29696K, used 3176K [0x00000000eab00000, 0x00000000ecc00000, 0x0000000100000000)
  eden space 25600K, 0% used [0x00000000eab00000,0x00000000eab00000,0x00000000ec400000)
  from space 4096K, 77% used [0x00000000ec400000,0x00000000ec71a208,0x00000000ec800000)
  to   space 4096K, 0% used [0x00000000ec800000,0x00000000ec800000,0x00000000ecc00000)
 ParOldGen       total 68608K, used 16K [0x00000000c0000000, 0x00000000c4300000, 0x00000000eab00000)
  object space 68608K, 0% used [0x00000000c0000000,0x00000000c0004000,0x00000000c4300000)
 Metaspace       used 10897K, committed 11072K, reserved 1064960K
  class space    used 1107K, committed 1216K, reserved 1048576K
}
Event: 0,934 GC heap before
{Heap before GC invocations=2 (full 0):
 PSYoungGen      total 29696K, used 28776K [0x00000000eab00000, 0x00000000ecc00000, 0x0000000100000000)
  eden space 25600K, 100% used [0x00000000eab00000,0x00000000ec400000,0x00000000ec400000)
  from space 4096K, 77% used [0x00000000ec400000,0x00000000ec71a208,0x00000000ec800000)
  to   space 4096K, 0% used [0x00000000ec800000,0x00000000ec800000,0x00000000ecc00000)
 ParOldGen       total 68608K, used 16K [0x00000000c0000000, 0x00000000c4300000, 0x00000000eab00000)
  object space 68608K, 0% used [0x00000000c0000000,0x00000000c0004000,0x00000000c4300000)
 Metaspace       used 15132K, committed 15424K, reserved 1064960K
  class space    used 1558K, committed 1728K, reserved 1048576K
}
Event: 0,939 GC heap after
{Heap after GC invocations=2 (full 0):
 PSYoungGen      total 29696K, used 4072K [0x00000000eab00000, 0x00000000ecc00000, 0x0000000100000000)
  eden space 25600K, 0% used [0x00000000eab00000,0x00000000eab00000,0x00000000ec400000)
  from space 4096K, 99% used [0x00000000ec800000,0x00000000ecbfa208,0x00000000ecc00000)
  to   space 4096K, 0% used [0x00000000ec400000,0x00000000ec400000,0x00000000ec800000)
 ParOldGen       total 68608K, used 1391K [0x00000000c0000000, 0x00000000c4300000, 0x00000000eab00000)
  object space 68608K, 2% used [0x00000000c0000000,0x00000000c015bcf8,0x00000000c4300000)
 Metaspace       used 15132K, committed 15424K, reserved 1064960K
  class space    used 1558K, committed 1728K, reserved 1048576K
}

Deoptimization events (20 events):
Event: 0,996 Thread 0x00007effc4606f50 Uncommon trap: trap_request=0xffffff45 fr.pc=0x00007effb9f3c018 relative=0x0000000000000b78
Event: 0,996 Thread 0x00007effc4606f50 Uncommon trap: reason=unstable_if action=reinterpret pc=0x00007effb9f3c018 method=java.util.concurrent.ConcurrentHashMap.putVal(Ljava/lang/Object;Ljava/lang/Object;Z)Ljava/lang/Object; @ 148 c2
Event: 0,996 Thread 0x00007effc4606f50 DEOPT PACKING pc=0x00007effb9f3c018 sp=0x00007effa8df04a0
Event: 0,997 Thread 0x00007effc4606f50 DEOPT UNPACKING pc=0x00007effb2441d99 sp=0x00007effa8df0420 mode 2
Event: 1,014 Thread 0x00007effc4606f50 Uncommon trap: trap_request=0xffffff45 fr.pc=0x00007effb9f051ec relative=0x0000000000000a0c
Event: 1,014 Thread 0x00007effc4606f50 Uncommon trap: reason=unstable_if action=reinterpret pc=0x00007effb9f051ec method=java.lang.String.<init>([BIILjava/nio/charset/Charset;)V @ 18 c2
Event: 1,014 Thread 0x00007effc4606f50 DEOPT PACKING pc=0x00007effb9f051ec sp=0x00007effa8df0080
Event: 1,014 Thread 0x00007effc4606f50 DEOPT UNPACKING pc=0x00007effb2441d99 sp=0x00007effa8df0040 mode 2
Event: 1,096 Thread 0x00007effc4606f50 Uncommon trap: trap_request=0xffffff45 fr.pc=0x00007effb9f51244 relative=0x0000000000000304
Event: 1,096 Thread 0x00007effc4606f50 Uncommon trap: reason=unstable_if action=reinterpret pc=0x00007effb9f51244 method=com.sun.org.apache.xerces.internal.impl.XMLEntityScanner.scanLiteral(ILcom/sun/org/apache/xerces/internal/xni/XMLString;Z)I @ 189 c2
Event: 1,096 Thread 0x00007effc4606f50 DEOPT PACKING pc=0x00007effb9f51244 sp=0x00007effa8defcc0
Event: 1,096 Thread 0x00007effc4606f50 DEOPT UNPACKING pc=0x00007effb2441d99 sp=0x00007effa8defc70 mode 2
Event: 1,113 Thread 0x00007effc4606f50 DEOPT PACKING pc=0x00007effb2ca59dc sp=0x00007effa8defed0
Event: 1,113 Thread 0x00007effc4606f50 DEOPT UNPACKING pc=0x00007effb244252f sp=0x00007effa8def3b0 mode 0
Event: 1,124 Thread 0x00007effc4606f50 DEOPT PACKING pc=0x00007effb2b9cdf6 sp=0x00007effa8def7c0
Event: 1,124 Thread 0x00007effc4606f50 DEOPT UNPACKING pc=0x00007effb244252f sp=0x00007effa8deec70 mode 0
Event: 1,132 Thread 0x00007effc4606f50 DEOPT PACKING pc=0x00007effb2ca59dc sp=0x00007effa8deff20
Event: 1,132 Thread 0x00007effc4606f50 DEOPT UNPACKING pc=0x00007effb244252f sp=0x00007effa8def3e0 mode 0
Event: 1,179 Thread 0x00007effc4606f50 DEOPT PACKING pc=0x00007effb2afabbc sp=0x00007effa8df4f90
Event: 1,179 Thread 0x00007effc4606f50 DEOPT UNPACKING pc=0x00007effb244252f sp=0x00007effa8df4428 mode 0

Classes unloaded (0 events):
No events

Classes redefined (0 events):
No events

Internal exceptions (20 events):
Event: 0,298 Thread 0x00007effc40261a0 Exception <a 'java/io/FileNotFoundException'{0x00000000eb7509a0}> (0x00000000eb7509a0) 
thrown [src/hotspot/share/prims/jni.cpp, line 516]
Event: 0,309 Thread 0x00007effc40261a0 Exception <a 'java/lang/NoSuchMethodError'{0x00000000eb7a22f0}: 'java.lang.Object java.lang.invoke.DirectMethodHandle$Holder.invokeStaticInit(java.lang.Object)'> (0x00000000eb7a22f0) 
thrown [src/hotspot/share/interpreter/linkResolver.cpp, line 758]
Event: 0,312 Thread 0x00007effc40261a0 Exception <a 'java/lang/NoSuchMethodError'{0x00000000eb7b84a0}: 'java.lang.Object java.lang.invoke.DirectMethodHandle$Holder.invokeStaticInit(java.lang.Object, java.lang.Object, long, java.lang.Object)'> (0x00000000eb7b84a0) 
thrown [src/hotspot/share/interpreter/linkResolver.cpp, line 758]
Event: 0,312 Thread 0x00007effc40261a0 Exception <a 'java/lang/NoSuchMethodError'{0x00000000eb7beb00}: 'java.lang.Object java.lang.invoke.DirectMethodHandle$Holder.newInvokeSpecial(java.lang.Object, java.lang.Object, long)'> (0x00000000eb7beb00) 
thrown [src/hotspot/share/interpreter/linkResolver.cpp, line 758]
Event: 0,313 Thread 0x00007effc40261a0 Exception <a 'java/lang/NoSuchMethodError'{0x00000000eb7c2df0}: 'java.lang.Object java.lang.invoke.Invokers$Holder.linkToTargetMethod(java.lang.Object, long, java.lang.Object)'> (0x00000000eb7c2df0) 
thrown [src/hotspot/share/interpreter/linkResolver.cpp, line 758]
Event: 0,316 Thread 0x00007effc40261a0 Exception <a 'java/lang/NoSuchMethodError'{0x00000000eb7efe48}: 'java.lang.Object java.lang.invoke.DirectMethodHandle$Holder.newInvokeSpecial(java.lang.Object, java.lang.Object, java.lang.Object, int)'> (0x00000000eb7efe48) 
thrown [src/hotspot/share/interpreter/linkResolver.cpp, line 758]
Event: 0,317 Thread 0x00007effc40261a0 Exception <a 'java/lang/NoSuchMethodError'{0x00000000eb7f7ad0}: 'java.lang.Object java.lang.invoke.Invokers$Holder.linkToTargetMethod(java.lang.Object, java.lang.Object, int, java.lang.Object)'> (0x00000000eb7f7ad0) 
thrown [src/hotspot/share/interpreter/linkResolver.cpp, line 758]
Event: 0,447 Thread 0x00007effc40261a0 Exception <a 'java/io/FileNotFoundException'{0x00000000ec0aed28}> (0x00000000ec0aed28) 
thrown [src/hotspot/share/prims/jni.cpp, line 516]
Event: 0,508 Thread 0x00007effc40261a0 Exception <a 'java/lang/NoSuchMethodError'{0x00000000ec37f278}: 'int java.lang.invoke.DirectMethodHandle$Holder.invokeStaticInit(java.lang.Object, java.lang.Object, java.lang.Object, java.lang.Object)'> (0x00000000ec37f278) 
thrown [src/hotspot/share/interpreter/linkResolver.cpp, line 758]
Event: 0,509 Thread 0x00007effc40261a0 Exception <a 'java/lang/NoSuchMethodError'{0x00000000ec3894a0}: 'java.lang.Object java.lang.invoke.DirectMethodHandle$Holder.invokeInterface(java.lang.Object, java.lang.Object)'> (0x00000000ec3894a0) 
thrown [src/hotspot/share/interpreter/linkResolver.cpp, line 758]
Event: 0,510 Thread 0x00007effc40261a0 Exception <a 'java/lang/IncompatibleClassChangeError'{0x00000000ec38cc98}: Found class java.lang.Object, but interface was expected> (0x00000000ec38cc98) 
thrown [src/hotspot/share/interpreter/linkResolver.cpp, line 826]
Event: 0,510 Thread 0x00007effc40261a0 Exception <a 'java/lang/NoSuchMethodError'{0x00000000ec391190}: 'void java.lang.invoke.DirectMethodHandle$Holder.invokeStatic(java.lang.Object, java.lang.Object)'> (0x00000000ec391190) 
thrown [src/hotspot/share/interpreter/linkResolver.cpp, line 758]
Event: 0,511 Thread 0x00007effc40261a0 Exception <a 'java/lang/NoSuchMethodError'{0x00000000ec394990}: 'void java.lang.invoke.DirectMethodHandle$Holder.invokeStaticInit(java.lang.Object, java.lang.Object)'> (0x00000000ec394990) 
thrown [src/hotspot/share/interpreter/linkResolver.cpp, line 758]
Event: 0,512 Thread 0x00007effc40261a0 Exception <a 'java/lang/NoSuchMethodError'{0x00000000ec39c008}: 'int java.lang.invoke.DirectMethodHandle$Holder.invokeStaticInit(java.lang.Object, java.lang.Object)'> (0x00000000ec39c008) 
thrown [src/hotspot/share/interpreter/linkResolver.cpp, line 758]
Event: 0,545 Thread 0x00007effc40261a0 Exception <a 'java/lang/NoSuchMethodError'{0x00000000eac13320}: 'void java.lang.invoke.DirectMethodHandle$Holder.invokeSpecial(java.lang.Object, java.lang.Object, java.lang.Object)'> (0x00000000eac13320) 
thrown [src/hotspot/share/interpreter/linkResolver.cpp, line 758]
Event: 0,753 Thread 0x00007effc40261a0 Exception <a 'java/lang/NoSuchMethodError'{0x00000000eb828080}: 'java.lang.Object java.lang.invoke.DirectMethodHandle$Holder.newInvokeSpecial(java.lang.Object, int, java.lang.Object)'> (0x00000000eb828080) 
thrown [src/hotspot/share/interpreter/linkResolver.cpp, line 758]
Event: 0,838 Thread 0x00007effc40261a0 Exception <a 'java/lang/UnsatisfiedLinkError'{0x00000000ebd38b10}: 'void org.eclipse.equinox.launcher.JNIBridge._update_splash()'> (0x00000000ebd38b10) 
thrown [src/hotspot/share/prims/nativeLookup.cpp, line 543]
Event: 1,156 Thread 0x00007effc4606f50 Exception <a 'java/io/FileNotFoundException'{0x00000000ebcfc7f8}> (0x00000000ebcfc7f8) 
thrown [src/hotspot/share/prims/jni.cpp, line 516]
Event: 1,161 Thread 0x00007effc4606f50 Exception <a 'java/lang/NullPointerException'{0x00000000ebd45190}> (0x00000000ebd45190) 
thrown [src/hotspot/share/interpreter/linkResolver.cpp, line 1350]
Event: 1,161 Thread 0x00007effc4606f50 Exception <a 'java/lang/NullPointerException'{0x00000000ebd459b8}> (0x00000000ebd459b8) 
thrown [src/hotspot/share/interpreter/linkResolver.cpp, line 1350]

VM Operations (20 events):
Event: 0,274 Executing VM operation: HandshakeAllThreads
Event: 0,274 Executing VM operation: HandshakeAllThreads done
Event: 0,286 Executing VM operation: HandshakeAllThreads
Event: 0,286 Executing VM operation: HandshakeAllThreads done
Event: 0,522 Executing VM operation: ParallelGCFailedAllocation
Event: 0,526 Executing VM operation: ParallelGCFailedAllocation done
Event: 0,735 Executing VM operation: HandshakeAllThreads
Event: 0,735 Executing VM operation: HandshakeAllThreads done
Event: 0,735 Executing VM operation: HandshakeAllThreads
Event: 0,735 Executing VM operation: HandshakeAllThreads done
Event: 0,739 Executing VM operation: HandshakeAllThreads
Event: 0,739 Executing VM operation: HandshakeAllThreads done
Event: 0,749 Executing VM operation: HandshakeAllThreads
Event: 0,749 Executing VM operation: HandshakeAllThreads done
Event: 0,883 Executing VM operation: HandshakeAllThreads
Event: 0,883 Executing VM operation: HandshakeAllThreads done
Event: 0,934 Executing VM operation: ParallelGCFailedAllocation
Event: 0,939 Executing VM operation: ParallelGCFailedAllocation done
Event: 1,016 Executing VM operation: HandshakeAllThreads
Event: 1,016 Executing VM operation: HandshakeAllThreads done

Events (20 events):
Event: 1,022 loading class java/lang/StackWalker$Option
Event: 1,022 loading class java/lang/StackWalker$Option done
Event: 1,022 loading class org/xml/sax/SAXParseException
Event: 1,023 loading class org/xml/sax/SAXParseException done
Event: 1,129 loading class java/util/AbstractMap$SimpleImmutableEntry
Event: 1,129 loading class java/util/AbstractMap$SimpleImmutableEntry done
Event: 1,130 Thread 0x00007eff582d5840 Thread added: 0x00007eff582d5840
Event: 1,130 Protecting memory [0x00007effa8700000,0x00007effa8704000] with protection modes 0
Event: 1,144 loading class java/util/TreeMap$Values
Event: 1,144 loading class java/util/TreeMap$Values done
Event: 1,144 loading class java/util/TreeMap$ValueIterator
Event: 1,144 loading class java/util/TreeMap$ValueIterator done
Event: 1,157 loading class java/util/function/IntFunction
Event: 1,157 loading class java/util/function/IntFunction done
Event: 1,161 loading class java/util/ImmutableCollections$Map1
Event: 1,161 loading class java/util/ImmutableCollections$Map1 done
Event: 1,161 loading class java/util/AbstractMap$1
Event: 1,162 loading class java/util/AbstractMap$1 done
Event: 1,162 loading class java/util/AbstractMap$1$1
Event: 1,162 loading class java/util/AbstractMap$1$1 done


Dynamic libraries:
c0000000-c4300000 rw-p 00000000 00:00 0 
c4300000-eab00000 ---p 00000000 00:00 0 
eab00000-ecc00000 rw-p 00000000 00:00 0 
ecc00000-100000000 ---p 00000000 00:00 0 
100000000-100020000 rw-p 00000000 00:00 0 
100020000-100040000 rw-p 00000000 00:00 0 
100040000-1000c0000 rw-p 00000000 00:00 0 
1000c0000-1000e0000 rw-p 00000000 00:00 0 
1000e0000-100140000 rw-p 00000000 00:00 0 
100140000-100180000 rw-p 00000000 00:00 0 
100180000-1001e0000 rw-p 00000000 00:00 0 
1001e0000-140000000 ---p 00000000 00:00 0 
5645952da000-5645952db000 r--p 00000000 103:05 1838611                   /home/dani/.vscode/extensions/redhat.java-1.12.0-linux-x64/jre/17.0.4.1-linux-x86_64/bin/java
5645952db000-5645952dc000 r-xp 00001000 103:05 1838611                   /home/dani/.vscode/extensions/redhat.java-1.12.0-linux-x64/jre/17.0.4.1-linux-x86_64/bin/java
5645952dc000-5645952dd000 r--p 00002000 103:05 1838611                   /home/dani/.vscode/extensions/redhat.java-1.12.0-linux-x64/jre/17.0.4.1-linux-x86_64/bin/java
5645952dd000-5645952de000 r--p 00002000 103:05 1838611                   /home/dani/.vscode/extensions/redhat.java-1.12.0-linux-x64/jre/17.0.4.1-linux-x86_64/bin/java
5645952de000-5645952df000 rw-p 00003000 103:05 1838611                   /home/dani/.vscode/extensions/redhat.java-1.12.0-linux-x64/jre/17.0.4.1-linux-x86_64/bin/java
564596265000-564596286000 rw-p 00000000 00:00 0                          [heap]
7eff44000000-7eff44021000 rw-p 00000000 00:00 0 
7eff44021000-7eff48000000 ---p 00000000 00:00 0 
7eff4b800000-7eff4b870000 rw-p 00000000 00:00 0 
7eff4b870000-7eff4c000000 ---p 00000000 00:00 0 
7eff4c000000-7eff4c021000 rw-p 00000000 00:00 0 
7eff4c021000-7eff50000000 ---p 00000000 00:00 0 
7eff50000000-7eff50021000 rw-p 00000000 00:00 0 
7eff50021000-7eff54000000 ---p 00000000 00:00 0 
7eff54000000-7eff54021000 rw-p 00000000 00:00 0 
7eff54021000-7eff58000000 ---p 00000000 00:00 0 
7eff58000000-7eff58426000 rw-p 00000000 00:00 0 
7eff58426000-7eff5c000000 ---p 00000000 00:00 0 
7eff5c000000-7eff5c021000 rw-p 00000000 00:00 0 
7eff5c021000-7eff60000000 ---p 00000000 00:00 0 
7eff60000000-7eff60021000 rw-p 00000000 00:00 0 
7eff60021000-7eff64000000 ---p 00000000 00:00 0 
7eff64000000-7eff64021000 rw-p 00000000 00:00 0 
7eff64021000-7eff68000000 ---p 00000000 00:00 0 
7eff68000000-7eff68021000 rw-p 00000000 00:00 0 
7eff68021000-7eff6c000000 ---p 00000000 00:00 0 
7eff6c000000-7eff6c021000 rw-p 00000000 00:00 0 
7eff6c021000-7eff70000000 ---p 00000000 00:00 0 
7eff70000000-7eff70021000 rw-p 00000000 00:00 0 
7eff70021000-7eff74000000 ---p 00000000 00:00 0 
7eff74000000-7eff74021000 rw-p 00000000 00:00 0 
7eff74021000-7eff78000000 ---p 00000000 00:00 0 
7eff78000000-7eff78021000 rw-p 00000000 00:00 0 
7eff78021000-7eff7c000000 ---p 00000000 00:00 0 
7eff7c000000-7eff7c021000 rw-p 00000000 00:00 0 
7eff7c021000-7eff80000000 ---p 00000000 00:00 0 
7eff80000000-7eff80021000 rw-p 00000000 00:00 0 
7eff80021000-7eff84000000 ---p 00000000 00:00 0 
7eff84000000-7eff8424d000 rw-p 00000000 00:00 0 
7eff8424d000-7eff88000000 ---p 00000000 00:00 0 
7eff88000000-7eff88021000 rw-p 00000000 00:00 0 
7eff88021000-7eff8c000000 ---p 00000000 00:00 0 
7eff8c000000-7eff8c021000 rw-p 00000000 00:00 0 
7eff8c021000-7eff90000000 ---p 00000000 00:00 0 
7eff90000000-7eff905ef000 rw-p 00000000 00:00 0 
7eff905ef000-7eff94000000 ---p 00000000 00:00 0 
7eff94000000-7eff94021000 rw-p 00000000 00:00 0 
7eff94021000-7eff98000000 ---p 00000000 00:00 0 
7eff98000000-7eff98021000 rw-p 00000000 00:00 0 
7eff98021000-7eff9c000000 ---p 00000000 00:00 0 
7eff9c000000-7eff9c021000 rw-p 00000000 00:00 0 
7eff9c021000-7effa0000000 ---p 00000000 00:00 0 
7effa0000000-7effa0021000 rw-p 00000000 00:00 0 
7effa0021000-7effa4000000 ---p 00000000 00:00 0 
7effa4000000-7effa4021000 rw-p 00000000 00:00 0 
7effa4021000-7effa8000000 ---p 00000000 00:00 0 
7effa8315000-7effa8700000 rw-p 00000000 00:00 0 
7effa8700000-7effa8704000 ---p 00000000 00:00 0 
7effa8704000-7effa8800000 rw-p 00000000 00:00 0 
7effa8800000-7effa8804000 ---p 00000000 00:00 0 
7effa8804000-7effa8900000 rw-p 00000000 00:00 0 
7effa8900000-7effa8904000 ---p 00000000 00:00 0 
7effa8904000-7effa8a00000 rw-p 00000000 00:00 0 
7effa8a00000-7effa8a10000 r-xp 00000000 103:05 1839206                   /home/dani/.config/Code/User/globalStorage/redhat.java/1.12.0/config_linux/org.eclipse.equinox.launcher/org.eclipse.equinox.launcher.gtk.linux.x86_64_1.2.600.v20220720-1916/eclipse_11701.so
7effa8a10000-7effa8c0f000 ---p 00010000 103:05 1839206                   /home/dani/.config/Code/User/globalStorage/redhat.java/1.12.0/config_linux/org.eclipse.equinox.launcher/org.eclipse.equinox.launcher.gtk.linux.x86_64_1.2.600.v20220720-1916/eclipse_11701.so
7effa8c0f000-7effa8c10000 r--p 0000f000 103:05 1839206                   /home/dani/.config/Code/User/globalStorage/redhat.java/1.12.0/config_linux/org.eclipse.equinox.launcher/org.eclipse.equinox.launcher.gtk.linux.x86_64_1.2.600.v20220720-1916/eclipse_11701.so
7effa8c10000-7effa8c11000 rw-p 00010000 103:05 1839206                   /home/dani/.config/Code/User/globalStorage/redhat.java/1.12.0/config_linux/org.eclipse.equinox.launcher/org.eclipse.equinox.launcher.gtk.linux.x86_64_1.2.600.v20220720-1916/eclipse_11701.so
7effa8c11000-7effa8c12000 rw-p 00000000 00:00 0 
7effa8cf8000-7effa8cfc000 ---p 00000000 00:00 0 
7effa8cfc000-7effa8df8000 rw-p 00000000 00:00 0 
7effa8df8000-7effa8dfc000 ---p 00000000 00:00 0 
7effa8dfc000-7effa8ef8000 rw-p 00000000 00:00 0 
7effa8ef8000-7effa8efc000 ---p 00000000 00:00 0 
7effa8efc000-7effa8ff8000 rw-p 00000000 00:00 0 
7effa8ff8000-7effa8ff9000 ---p 00000000 00:00 0 
7effa8ff9000-7effa90fa000 rw-p 00000000 00:00 0 
7effa90fa000-7effa90fb000 ---p 00000000 00:00 0 
7effa90fb000-7effa91fc000 rw-p 00000000 00:00 0 
7effa91fc000-7effa91fd000 ---p 00000000 00:00 0 
7effa91fd000-7effa92fe000 rw-p 00000000 00:00 0 
7effa92fe000-7effa92ff000 ---p 00000000 00:00 0 
7effa92ff000-7effa9500000 rw-p 00000000 00:00 0 
7effa9500000-7effa9600000 rw-p 00000000 00:00 0 
7effa9600000-7effa9800000 rw-p 00000000 00:00 0 
7effa9800000-7effa9980000 rw-p 00000000 00:00 0 
7effa9980000-7effa9a00000 rw-p 00000000 00:00 0 
7effa9a00000-7effa9b00000 rw-p 00000000 00:00 0 
7effa9b00000-7effa9b30000 rw-p 00000000 00:00 0 
7effa9b30000-7effa9c00000 ---p 00000000 00:00 0 
7effa9c3a000-7effa9c3b000 ---p 00000000 00:00 0 
7effa9c3b000-7effa9d3c000 rw-p 00000000 00:00 0 
7effa9d3c000-7effa9d3d000 ---p 00000000 00:00 0 
7effa9d3d000-7effa9e3e000 rw-p 00000000 00:00 0 
7effa9e3e000-7effa9e42000 ---p 00000000 00:00 0 
7effa9e42000-7effa9f3e000 rw-p 00000000 00:00 0 
7effa9f3e000-7effa9f42000 ---p 00000000 00:00 0 
7effa9f42000-7effaa03e000 rw-p 00000000 00:00 0 
7effaa03e000-7effaa042000 ---p 00000000 00:00 0 
7effaa042000-7effaa13e000 rw-p 00000000 00:00 0 
7effaa13e000-7effaa142000 ---p 00000000 00:00 0 
7effaa142000-7effaa23e000 rw-p 00000000 00:00 0 
7effaa23e000-7effaa242000 ---p 00000000 00:00 0 
7effaa242000-7effaa33e000 rw-p 00000000 00:00 0 
7effaa33e000-7effaa342000 ---p 00000000 00:00 0 
7effaa342000-7effaa43e000 rw-p 00000000 00:00 0 
7effaa43e000-7effaa442000 ---p 00000000 00:00 0 
7effaa442000-7effaa53e000 rw-p 00000000 00:00 0 
7effaa53e000-7effaa542000 ---p 00000000 00:00 0 
7effaa542000-7effaa63e000 rw-p 00000000 00:00 0 
7effaa63e000-7effab6f8000 r--p 00000000 103:05 14423215                  /usr/lib/locale/locale-archive
7effab6f8000-7effab6fc000 ---p 00000000 00:00 0 
7effab6fc000-7effab7f8000 rw-p 00000000 00:00 0 
7effab7f8000-7effab7fc000 ---p 00000000 00:00 0 
7effab7fc000-7effab8f8000 rw-p 00000000 00:00 0 
7effab8f8000-7effab8f9000 ---p 00000000 00:00 0 
7effab8f9000-7effac000000 rw-p 00000000 00:00 0 
7effac000000-7effac021000 rw-p 00000000 00:00 0 
7effac021000-7effb0000000 ---p 00000000 00:00 0 
7effb00ed000-7effb23f0000 rw-p 00000000 00:00 0 
7effb23f0000-7effb2660000 rwxp 00000000 00:00 0 
7effb2660000-7effb2981000 ---p 00000000 00:00 0 
7effb2981000-7effb2d91000 rwxp 00000000 00:00 0 
7effb2d91000-7effb9eb8000 ---p 00000000 00:00 0 
7effb9eb8000-7effba128000 rwxp 00000000 00:00 0 
7effba128000-7effc13f0000 ---p 00000000 00:00 0 
7effc13f0000-7effc4000000 r--s 00000000 103:05 1839017                   /home/dani/.vscode/extensions/redhat.java-1.12.0-linux-x64/jre/17.0.4.1-linux-x86_64/lib/modules
7effc4000000-7effc463d000 rw-p 00000000 00:00 0 
7effc463d000-7effc8000000 ---p 00000000 00:00 0 
7effc80f5000-7effc9000000 rw-p 00000000 00:00 0 
7effc9000000-7effc9080000 rw-p 00000000 00:00 0 
7effc9080000-7effc9100000 rw-p 00000000 00:00 0 
7effc9100000-7effc9400000 rw-p 00000000 00:00 0 
7effc9481000-7effc9488000 r--s 00000000 103:05 15205870                  /usr/lib/x86_64-linux-gnu/gconv/gconv-modules.cache
7effc9488000-7effc948c000 ---p 00000000 00:00 0 
7effc948c000-7effc94aa000 rw-p 00000000 00:00 0 
7effc94aa000-7effc94ae000 r--p 00000000 103:05 1839015                   /home/dani/.vscode/extensions/redhat.java-1.12.0-linux-x64/jre/17.0.4.1-linux-x86_64/lib/libverify.so
7effc94ae000-7effc94b5000 r-xp 00004000 103:05 1839015                   /home/dani/.vscode/extensions/redhat.java-1.12.0-linux-x64/jre/17.0.4.1-linux-x86_64/lib/libverify.so
7effc94b5000-7effc94b7000 r--p 0000b000 103:05 1839015                   /home/dani/.vscode/extensions/redhat.java-1.12.0-linux-x64/jre/17.0.4.1-linux-x86_64/lib/libverify.so
7effc94b7000-7effc94b9000 r--p 0000c000 103:05 1839015                   /home/dani/.vscode/extensions/redhat.java-1.12.0-linux-x64/jre/17.0.4.1-linux-x86_64/lib/libverify.so
7effc94b9000-7effc94ba000 rw-p 0000e000 103:05 1839015                   /home/dani/.vscode/extensions/redhat.java-1.12.0-linux-x64/jre/17.0.4.1-linux-x86_64/lib/libverify.so
7effc94ba000-7effc94be000 r--p 00000000 103:05 1839008                   /home/dani/.vscode/extensions/redhat.java-1.12.0-linux-x64/jre/17.0.4.1-linux-x86_64/lib/libnet.so
7effc94be000-7effc94cc000 r-xp 00004000 103:05 1839008                   /home/dani/.vscode/extensions/redhat.java-1.12.0-linux-x64/jre/17.0.4.1-linux-x86_64/lib/libnet.so
7effc94cc000-7effc94d0000 r--p 00012000 103:05 1839008                   /home/dani/.vscode/extensions/redhat.java-1.12.0-linux-x64/jre/17.0.4.1-linux-x86_64/lib/libnet.so
7effc94d0000-7effc94d1000 r--p 00015000 103:05 1839008                   /home/dani/.vscode/extensions/redhat.java-1.12.0-linux-x64/jre/17.0.4.1-linux-x86_64/lib/libnet.so
7effc94d1000-7effc94d2000 rw-p 00016000 103:05 1839008                   /home/dani/.vscode/extensions/redhat.java-1.12.0-linux-x64/jre/17.0.4.1-linux-x86_64/lib/libnet.so
7effc94d2000-7effc94d9000 r--p 00000000 103:05 1839009                   /home/dani/.vscode/extensions/redhat.java-1.12.0-linux-x64/jre/17.0.4.1-linux-x86_64/lib/libnio.so
7effc94d9000-7effc94e2000 r-xp 00007000 103:05 1839009                   /home/dani/.vscode/extensions/redhat.java-1.12.0-linux-x64/jre/17.0.4.1-linux-x86_64/lib/libnio.so
7effc94e2000-7effc94e6000 r--p 00010000 103:05 1839009                   /home/dani/.vscode/extensions/redhat.java-1.12.0-linux-x64/jre/17.0.4.1-linux-x86_64/lib/libnio.so
7effc94e6000-7effc94e7000 ---p 00014000 103:05 1839009                   /home/dani/.vscode/extensions/redhat.java-1.12.0-linux-x64/jre/17.0.4.1-linux-x86_64/lib/libnio.so
7effc94e7000-7effc94e8000 r--p 00014000 103:05 1839009                   /home/dani/.vscode/extensions/redhat.java-1.12.0-linux-x64/jre/17.0.4.1-linux-x86_64/lib/libnio.so
7effc94e8000-7effc94e9000 rw-p 00015000 103:05 1839009                   /home/dani/.vscode/extensions/redhat.java-1.12.0-linux-x64/jre/17.0.4.1-linux-x86_64/lib/libnio.so
7effc94e9000-7effc95ea000 rw-p 00000000 00:00 0 
7effc95ea000-7effc95ec000 r--p 00000000 103:05 1839016                   /home/dani/.vscode/extensions/redhat.java-1.12.0-linux-x64/jre/17.0.4.1-linux-x86_64/lib/libzip.so
7effc95ec000-7effc95f0000 r-xp 00002000 103:05 1839016                   /home/dani/.vscode/extensions/redhat.java-1.12.0-linux-x64/jre/17.0.4.1-linux-x86_64/lib/libzip.so
7effc95f0000-7effc95f2000 r--p 00006000 103:05 1839016                   /home/dani/.vscode/extensions/redhat.java-1.12.0-linux-x64/jre/17.0.4.1-linux-x86_64/lib/libzip.so
7effc95f2000-7effc95f3000 r--p 00007000 103:05 1839016                   /home/dani/.vscode/extensions/redhat.java-1.12.0-linux-x64/jre/17.0.4.1-linux-x86_64/lib/libzip.so
7effc95f3000-7effc95f4000 rw-p 00008000 103:05 1839016                   /home/dani/.vscode/extensions/redhat.java-1.12.0-linux-x64/jre/17.0.4.1-linux-x86_64/lib/libzip.so
7effc95f4000-7effc9947000 rw-p 00000000 00:00 0 
7effc9947000-7effc9a7b000 ---p 00000000 00:00 0 
7effc9a7b000-7effc9a7c000 ---p 00000000 00:00 0 
7effc9a7c000-7effc9b9f000 rw-p 00000000 00:00 0 
7effc9b9f000-7effc9cd2000 ---p 00000000 00:00 0 
7effc9cd2000-7effc9ce3000 rw-p 00000000 00:00 0 
7effc9ce3000-7effc9d7d000 ---p 00000000 00:00 0 
7effc9d7d000-7effc9d83000 rw-p 00000000 00:00 0 
7effc9d83000-7effc9e69000 ---p 00000000 00:00 0 
7effc9e69000-7effc9e72000 rw-p 00000000 00:00 0 
7effc9e72000-7effc9f54000 ---p 00000000 00:00 0 
7effc9f54000-7effc9f59000 rw-p 00000000 00:00 0 
7effc9f59000-7effc9f60000 ---p 00000000 00:00 0 
7effc9f60000-7effc9f68000 rw-s 00000000 103:05 3539375                   /tmp/hsperfdata_dani/24331
7effc9f68000-7effc9f75000 r--p 00000000 103:05 1838995                   /home/dani/.vscode/extensions/redhat.java-1.12.0-linux-x64/jre/17.0.4.1-linux-x86_64/lib/libjava.so
7effc9f75000-7effc9f87000 r-xp 0000d000 103:05 1838995                   /home/dani/.vscode/extensions/redhat.java-1.12.0-linux-x64/jre/17.0.4.1-linux-x86_64/lib/libjava.so
7effc9f87000-7effc9f8d000 r--p 0001f000 103:05 1838995                   /home/dani/.vscode/extensions/redhat.java-1.12.0-linux-x64/jre/17.0.4.1-linux-x86_64/lib/libjava.so
7effc9f8d000-7effc9f8e000 ---p 00025000 103:05 1838995                   /home/dani/.vscode/extensions/redhat.java-1.12.0-linux-x64/jre/17.0.4.1-linux-x86_64/lib/libjava.so
7effc9f8e000-7effc9f8f000 r--p 00025000 103:05 1838995                   /home/dani/.vscode/extensions/redhat.java-1.12.0-linux-x64/jre/17.0.4.1-linux-x86_64/lib/libjava.so
7effc9f8f000-7effc9f90000 rw-p 00026000 103:05 1838995                   /home/dani/.vscode/extensions/redhat.java-1.12.0-linux-x64/jre/17.0.4.1-linux-x86_64/lib/libjava.so
7effc9f90000-7effc9f91000 rw-p 00000000 00:00 0 
7effc9f91000-7effc9f95000 r--p 00000000 103:05 1838999                   /home/dani/.vscode/extensions/redhat.java-1.12.0-linux-x64/jre/17.0.4.1-linux-x86_64/lib/libjimage.so
7effc9f95000-7effc9fa8000 r-xp 00004000 103:05 1838999                   /home/dani/.vscode/extensions/redhat.java-1.12.0-linux-x64/jre/17.0.4.1-linux-x86_64/lib/libjimage.so
7effc9fa8000-7effc9fae000 r--p 00017000 103:05 1838999                   /home/dani/.vscode/extensions/redhat.java-1.12.0-linux-x64/jre/17.0.4.1-linux-x86_64/lib/libjimage.so
7effc9fae000-7effc9fb0000 r--p 0001c000 103:05 1838999                   /home/dani/.vscode/extensions/redhat.java-1.12.0-linux-x64/jre/17.0.4.1-linux-x86_64/lib/libjimage.so
7effc9fb0000-7effc9fb1000 rw-p 0001e000 103:05 1838999                   /home/dani/.vscode/extensions/redhat.java-1.12.0-linux-x64/jre/17.0.4.1-linux-x86_64/lib/libjimage.so
7effc9fb1000-7effc9fb5000 ---p 00000000 00:00 0 
7effc9fb5000-7effca0b1000 rw-p 00000000 00:00 0 
7effca0b1000-7effca0bf000 r--p 00000000 103:05 14424661                  /usr/lib/x86_64-linux-gnu/libm.so.6
7effca0bf000-7effca13b000 r-xp 0000e000 103:05 14424661                  /usr/lib/x86_64-linux-gnu/libm.so.6
7effca13b000-7effca196000 r--p 0008a000 103:05 14424661                  /usr/lib/x86_64-linux-gnu/libm.so.6
7effca196000-7effca197000 r--p 000e4000 103:05 14424661                  /usr/lib/x86_64-linux-gnu/libm.so.6
7effca197000-7effca198000 rw-p 000e5000 103:05 14424661                  /usr/lib/x86_64-linux-gnu/libm.so.6
7effca198000-7effca199000 r--p 00000000 103:05 14424986                  /usr/lib/x86_64-linux-gnu/librt.so.1
7effca199000-7effca19a000 r-xp 00001000 103:05 14424986                  /usr/lib/x86_64-linux-gnu/librt.so.1
7effca19a000-7effca19b000 r--p 00002000 103:05 14424986                  /usr/lib/x86_64-linux-gnu/librt.so.1
7effca19b000-7effca19c000 r--p 00002000 103:05 14424986                  /usr/lib/x86_64-linux-gnu/librt.so.1
7effca19c000-7effca19d000 rw-p 00003000 103:05 14424986                  /usr/lib/x86_64-linux-gnu/librt.so.1
7effca19d000-7effca3ee000 r--p 00000000 103:05 1839027                   /home/dani/.vscode/extensions/redhat.java-1.12.0-linux-x64/jre/17.0.4.1-linux-x86_64/lib/server/libjvm.so
7effca3ee000-7effcb107000 r-xp 00251000 103:05 1839027                   /home/dani/.vscode/extensions/redhat.java-1.12.0-linux-x64/jre/17.0.4.1-linux-x86_64/lib/server/libjvm.so
7effcb107000-7effcb392000 r--p 00f6a000 103:05 1839027                   /home/dani/.vscode/extensions/redhat.java-1.12.0-linux-x64/jre/17.0.4.1-linux-x86_64/lib/server/libjvm.so
7effcb392000-7effcb44b000 r--p 011f4000 103:05 1839027                   /home/dani/.vscode/extensions/redhat.java-1.12.0-linux-x64/jre/17.0.4.1-linux-x86_64/lib/server/libjvm.so
7effcb44b000-7effcb480000 rw-p 012ad000 103:05 1839027                   /home/dani/.vscode/extensions/redhat.java-1.12.0-linux-x64/jre/17.0.4.1-linux-x86_64/lib/server/libjvm.so
7effcb480000-7effcb4dd000 rw-p 00000000 00:00 0 
7effcb4dd000-7effcb505000 r--p 00000000 103:05 14424010                  /usr/lib/x86_64-linux-gnu/libc.so.6
7effcb505000-7effcb69a000 r-xp 00028000 103:05 14424010                  /usr/lib/x86_64-linux-gnu/libc.so.6
7effcb69a000-7effcb6f2000 r--p 001bd000 103:05 14424010                  /usr/lib/x86_64-linux-gnu/libc.so.6
7effcb6f2000-7effcb6f6000 r--p 00214000 103:05 14424010                  /usr/lib/x86_64-linux-gnu/libc.so.6
7effcb6f6000-7effcb6f8000 rw-p 00218000 103:05 14424010                  /usr/lib/x86_64-linux-gnu/libc.so.6
7effcb6f8000-7effcb705000 rw-p 00000000 00:00 0 
7effcb705000-7effcb706000 r--p 00000000 103:05 14424152                  /usr/lib/x86_64-linux-gnu/libdl.so.2
7effcb706000-7effcb707000 r-xp 00001000 103:05 14424152                  /usr/lib/x86_64-linux-gnu/libdl.so.2
7effcb707000-7effcb708000 r--p 00002000 103:05 14424152                  /usr/lib/x86_64-linux-gnu/libdl.so.2
7effcb708000-7effcb709000 r--p 00002000 103:05 14424152                  /usr/lib/x86_64-linux-gnu/libdl.so.2
7effcb709000-7effcb70a000 rw-p 00003000 103:05 14424152                  /usr/lib/x86_64-linux-gnu/libdl.so.2
7effcb70a000-7effcb70b000 r--p 00000000 103:05 14424930                  /usr/lib/x86_64-linux-gnu/libpthread.so.0
7effcb70b000-7effcb70c000 r-xp 00001000 103:05 14424930                  /usr/lib/x86_64-linux-gnu/libpthread.so.0
7effcb70c000-7effcb70d000 r--p 00002000 103:05 14424930                  /usr/lib/x86_64-linux-gnu/libpthread.so.0
7effcb70d000-7effcb70e000 r--p 00002000 103:05 14424930                  /usr/lib/x86_64-linux-gnu/libpthread.so.0
7effcb70e000-7effcb70f000 rw-p 00003000 103:05 14424930                  /usr/lib/x86_64-linux-gnu/libpthread.so.0
7effcb70f000-7effcb712000 r--p 00000000 103:05 1839000                   /home/dani/.vscode/extensions/redhat.java-1.12.0-linux-x64/jre/17.0.4.1-linux-x86_64/lib/libjli.so
7effcb712000-7effcb71c000 r-xp 00003000 103:05 1839000                   /home/dani/.vscode/extensions/redhat.java-1.12.0-linux-x64/jre/17.0.4.1-linux-x86_64/lib/libjli.so
7effcb71c000-7effcb71f000 r--p 0000d000 103:05 1839000                   /home/dani/.vscode/extensions/redhat.java-1.12.0-linux-x64/jre/17.0.4.1-linux-x86_64/lib/libjli.so
7effcb71f000-7effcb720000 ---p 00010000 103:05 1839000                   /home/dani/.vscode/extensions/redhat.java-1.12.0-linux-x64/jre/17.0.4.1-linux-x86_64/lib/libjli.so
7effcb720000-7effcb721000 r--p 00010000 103:05 1839000                   /home/dani/.vscode/extensions/redhat.java-1.12.0-linux-x64/jre/17.0.4.1-linux-x86_64/lib/libjli.so
7effcb721000-7effcb722000 rw-p 00011000 103:05 1839000                   /home/dani/.vscode/extensions/redhat.java-1.12.0-linux-x64/jre/17.0.4.1-linux-x86_64/lib/libjli.so
7effcb722000-7effcb724000 r--p 00000000 103:05 14418590                  /usr/lib/x86_64-linux-gnu/libz.so.1.2.11
7effcb724000-7effcb735000 r-xp 00002000 103:05 14418590                  /usr/lib/x86_64-linux-gnu/libz.so.1.2.11
7effcb735000-7effcb73b000 r--p 00013000 103:05 14418590                  /usr/lib/x86_64-linux-gnu/libz.so.1.2.11
7effcb73b000-7effcb73c000 ---p 00019000 103:05 14418590                  /usr/lib/x86_64-linux-gnu/libz.so.1.2.11
7effcb73c000-7effcb73d000 r--p 00019000 103:05 14418590                  /usr/lib/x86_64-linux-gnu/libz.so.1.2.11
7effcb73d000-7effcb73e000 rw-p 0001a000 103:05 14418590                  /usr/lib/x86_64-linux-gnu/libz.so.1.2.11
7effcb741000-7effcb743000 r--p 00000000 103:05 1838990                   /home/dani/.vscode/extensions/redhat.java-1.12.0-linux-x64/jre/17.0.4.1-linux-x86_64/lib/libinstrument.so
7effcb743000-7effcb749000 r-xp 00002000 103:05 1838990                   /home/dani/.vscode/extensions/redhat.java-1.12.0-linux-x64/jre/17.0.4.1-linux-x86_64/lib/libinstrument.so
7effcb749000-7effcb74c000 r--p 00008000 103:05 1838990                   /home/dani/.vscode/extensions/redhat.java-1.12.0-linux-x64/jre/17.0.4.1-linux-x86_64/lib/libinstrument.so
7effcb74c000-7effcb74d000 r--p 0000a000 103:05 1838990                   /home/dani/.vscode/extensions/redhat.java-1.12.0-linux-x64/jre/17.0.4.1-linux-x86_64/lib/libinstrument.so
7effcb74d000-7effcb74e000 rw-p 0000b000 103:05 1838990                   /home/dani/.vscode/extensions/redhat.java-1.12.0-linux-x64/jre/17.0.4.1-linux-x86_64/lib/libinstrument.so
7effcb74e000-7effcb74f000 ---p 00000000 00:00 0 
7effcb74f000-7effcb750000 r--p 00000000 00:00 0 
7effcb750000-7effcb752000 rw-p 00000000 00:00 0 
7effcb752000-7effcb754000 r--p 00000000 103:05 14423673                  /usr/lib/x86_64-linux-gnu/ld-linux-x86-64.so.2
7effcb754000-7effcb77e000 r-xp 00002000 103:05 14423673                  /usr/lib/x86_64-linux-gnu/ld-linux-x86-64.so.2
7effcb77e000-7effcb789000 r--p 0002c000 103:05 14423673                  /usr/lib/x86_64-linux-gnu/ld-linux-x86-64.so.2
7effcb789000-7effcb78a000 ---p 00000000 00:00 0 
7effcb78a000-7effcb78c000 r--p 00037000 103:05 14423673                  /usr/lib/x86_64-linux-gnu/ld-linux-x86-64.so.2
7effcb78c000-7effcb78e000 rw-p 00039000 103:05 14423673                  /usr/lib/x86_64-linux-gnu/ld-linux-x86-64.so.2
7fff4bce5000-7fff4bd07000 rw-p 00000000 00:00 0                          [stack]
7fff4bdab000-7fff4bdaf000 r--p 00000000 00:00 0                          [vvar]
7fff4bdaf000-7fff4bdb1000 r-xp 00000000 00:00 0                          [vdso]
ffffffffff600000-ffffffffff601000 --xp 00000000 00:00 0                  [vsyscall]


VM Arguments:
jvm_args: --add-modules=ALL-SYSTEM --add-opens=java.base/java.util=ALL-UNNAMED --add-opens=java.base/java.lang=ALL-UNNAMED --add-opens=java.base/sun.nio.fs=ALL-UNNAMED -Declipse.application=org.eclipse.jdt.ls.core.id1 -Dosgi.bundles.defaultStartLevel=4 -Declipse.product=org.eclipse.jdt.ls.core.product -Djava.import.generatesMetadataFilesAtProjectRoot=false -Dfile.encoding=utf8 -XX:+UseParallelGC -XX:GCTimeRatio=4 -XX:AdaptiveSizePolicyWeight=90 -Dsun.zip.disableMemoryMapping=true -Xmx1G -Xms100m -Xlog:disable -javaagent:/home/dani/.vscode/extensions/redhat.java-1.12.0-linux-x64/lombok/lombok-1.18.24.jar -XX:+HeapDumpOnOutOfMemoryError -XX:HeapDumpPath=/home/dani/.config/Code/User/workspaceStorage/7fee77576d7d5a65ef935e173c6127e0/redhat.java 
java_command: /home/dani/.vscode/extensions/redhat.java-1.12.0-linux-x64/server/plugins/org.eclipse.equinox.launcher_1.6.400.v20210924-0641.jar -configuration /home/dani/.config/Code/User/globalStorage/redhat.java/1.12.0/config_linux -data /home/dani/.config/Code/User/workspaceStorage/7fee77576d7d5a65ef935e173c6127e0/redhat.java/jdt_ws
java_class_path (initial): /home/dani/.vscode/extensions/redhat.java-1.12.0-linux-x64/server/plugins/org.eclipse.equinox.launcher_1.6.400.v20210924-0641.jar
Launcher Type: SUN_STANDARD

[Global flags]
    uintx AdaptiveSizePolicyWeight                 = 90                                        {product} {command line}
     intx CICompilerCount                          = 3                                         {product} {ergonomic}
    uintx GCTimeRatio                              = 4                                         {product} {command line}
     bool HeapDumpOnOutOfMemoryError               = true                                   {manageable} {command line}
    ccstr HeapDumpPath                             = /home/dani/.config/Code/User/workspaceStorage/7fee77576d7d5a65ef935e173c6127e0/redhat.java         {manageable} {command line}
   size_t InitialHeapSize                          = 104857600                                 {product} {command line}
   size_t MaxHeapSize                              = 1073741824                                {product} {command line}
   size_t MaxNewSize                               = 357564416                                 {product} {ergonomic}
   size_t MinHeapDeltaBytes                        = 524288                                    {product} {ergonomic}
   size_t MinHeapSize                              = 104857600                                 {product} {command line}
   size_t NewSize                                  = 34603008                                  {product} {ergonomic}
    uintx NonNMethodCodeHeapSize                   = 5832780                                {pd product} {ergonomic}
    uintx NonProfiledCodeHeapSize                  = 122912730                              {pd product} {ergonomic}
   size_t OldSize                                  = 70254592                                  {product} {ergonomic}
    uintx ProfiledCodeHeapSize                     = 122912730                              {pd product} {ergonomic}
    uintx ReservedCodeCacheSize                    = 251658240                              {pd product} {ergonomic}
     bool SegmentedCodeCache                       = true                                      {product} {ergonomic}
   size_t SoftMaxHeapSize                          = 1073741824                             {manageable} {ergonomic}
     bool UseCompressedClassPointers               = true                           {product lp64_product} {ergonomic}
     bool UseCompressedOops                        = true                           {product lp64_product} {ergonomic}
     bool UseParallelGC                            = true                                      {product} {command line}

Logging:
Log output configuration:
 #0: stdout all=off uptime,level,tags
 #1: stderr all=off uptime,level,tags

Environment Variables:
PATH=/usr/local/sbin:/usr/local/bin:/usr/sbin:/usr/bin:/sbin:/bin:/usr/games:/usr/local/games:/snap/bin:/snap/bin
USERNAME=dani
SHELL=/bin/bash
DISPLAY=:0
LANG=en_US.UTF-8
LC_NUMERIC=hu_HU.UTF-8
LC_TIME=hu_HU.UTF-8
TERM=xterm-256color

Signal Handlers:
   SIGSEGV: crash_handler in libjvm.so, mask=11100100010111111101111111111110, flags=SA_RESTART|SA_SIGINFO
    SIGBUS: crash_handler in libjvm.so, mask=11100100010111111101111111111110, flags=SA_RESTART|SA_SIGINFO
    SIGFPE: crash_handler in libjvm.so, mask=11100100010111111101111111111110, flags=SA_RESTART|SA_SIGINFO
   SIGPIPE: javaSignalHandler in libjvm.so, mask=11100100010111111101111111111110, flags=SA_RESTART|SA_SIGINFO
   SIGXFSZ: javaSignalHandler in libjvm.so, mask=11100100010111111101111111111110, flags=SA_RESTART|SA_SIGINFO
    SIGILL: crash_handler in libjvm.so, mask=11100100010111111101111111111110, flags=SA_RESTART|SA_SIGINFO
   SIGUSR2: SR_handler in libjvm.so, mask=00000000000000000000000000000000, flags=SA_RESTART|SA_SIGINFO
    SIGHUP: UserHandler in libjvm.so, mask=11100100010111111101111111111110, flags=SA_RESTART|SA_SIGINFO
    SIGINT: UserHandler in libjvm.so, mask=11100100010111111101111111111110, flags=SA_RESTART|SA_SIGINFO
   SIGTERM: UserHandler in libjvm.so, mask=11100100010111111101111111111110, flags=SA_RESTART|SA_SIGINFO
   SIGQUIT: UserHandler in libjvm.so, mask=11100100010111111101111111111110, flags=SA_RESTART|SA_SIGINFO
  *** Handler was modified!
  *** Expected: javaSignalHandler in libjvm.so, mask=11100100110111111111111111111110, flags=SA_RESTART|SA_SIGINFO
   SIGTRAP: crash_handler in libjvm.so, mask=11100100010111111101111111111110, flags=SA_RESTART|SA_SIGINFO


---------------  S Y S T E M  ---------------

OS:
DISTRIB_ID=Ubuntu
DISTRIB_RELEASE=22.04
DISTRIB_CODENAME=jammy
DISTRIB_DESCRIPTION="Ubuntu 22.04.1 LTS"
uname: Linux 5.15.0-52-generic #58-Ubuntu SMP Thu Oct 13 08:03:55 UTC 2022 x86_64
OS uptime: 0 days 1:19 hours
libc: glibc 2.35 NPTL 2.35 
rlimit (soft/hard): STACK 8192k/infinity , CORE 0k/infinity , NPROC 28973/28973 , NOFILE 1048576/1048576 , AS infinity/infinity , CPU infinity/infinity , DATA infinity/infinity , FSIZE infinity/infinity , MEMLOCK 935972k/935972k
load average: 0,66 0,47 0,50

/proc/meminfo:
MemTotal:        7487788 kB
MemFree:          210884 kB
MemAvailable:    1283304 kB
Buffers:           55068 kB
Cached:          1251744 kB
SwapCached:        27748 kB
Active:          1652492 kB
Inactive:        4597088 kB
Active(anon):     882492 kB
Inactive(anon):  4141468 kB
Active(file):     770000 kB
Inactive(file):   455620 kB
Unevictable:          32 kB
Mlocked:              32 kB
SwapTotal:       2097148 kB
SwapFree:        1208828 kB
Dirty:              1832 kB
Writeback:            32 kB
AnonPages:       4930044 kB
Mapped:           708196 kB
Shmem:             81276 kB
KReclaimable:     129164 kB
Slab:             288012 kB
SReclaimable:     129164 kB
SUnreclaim:       158848 kB
KernelStack:       28344 kB
PageTables:        60536 kB
NFS_Unstable:          0 kB
Bounce:                0 kB
WritebackTmp:          0 kB
CommitLimit:     5841040 kB
Committed_AS:   15424756 kB
VmallocTotal:   34359738367 kB
VmallocUsed:       65284 kB
VmallocChunk:          0 kB
Percpu:            19264 kB
HardwareCorrupted:     0 kB
AnonHugePages:         0 kB
ShmemHugePages:        0 kB
ShmemPmdMapped:        0 kB
FileHugePages:         0 kB
FilePmdMapped:         0 kB
HugePages_Total:       0
HugePages_Free:        0
HugePages_Rsvd:        0
HugePages_Surp:        0
Hugepagesize:       2048 kB
Hugetlb:               0 kB
DirectMap4k:     1059376 kB
DirectMap2M:     5623808 kB
DirectMap1G:     2097152 kB

/sys/kernel/mm/transparent_hugepage/enabled: always [madvise] never
/sys/kernel/mm/transparent_hugepage/defrag (defrag/compaction efforts parameter): always defer defer+madvise [madvise] never

Process Memory:
Virtual Size: 4252932K (peak: 4306236K)
Resident Set Size: 107120K (peak: 107120K) (anon: 80284K, file: 26836K, shmem: 0K)
Swapped out: 0K
C-Heap outstanding allocations: 43513K, retained: 4754K
glibc malloc tunables: (default)

/proc/sys/kernel/threads-max (system-wide limit on the number of threads): 57946
/proc/sys/vm/max_map_count (maximum number of memory map areas a process may have): 65530
/proc/sys/kernel/pid_max (system-wide limit on number of process identifiers): 4194304

container (cgroup) information:
container_type: cgroupv2
cpu_cpuset_cpus: not supported
cpu_memory_nodes: not supported
active_processor_count: 6
cpu_quota: not supported
cpu_period: not supported
cpu_shares: not supported
memory_limit_in_bytes: unlimited
memory_and_swap_limit_in_bytes: unlimited
memory_soft_limit_in_bytes: unlimited
memory_usage_in_bytes: 1883436 k
memory_max_usage_in_bytes: not supported
maximum number of tasks: 8691
current number of tasks: 534

Steal ticks since vm start: 0
Steal ticks percentage since vm start:  0,000

CPU: total 6 (initial active 6) (6 cores per cpu, 1 threads per core) family 23 model 96 stepping 1 microcode 0x8600106, cx8, cmov, fxsr, mmx, 3dnowpref, sse, sse2, sse3, ssse3, sse4a, sse4.1, sse4.2, popcnt, lzcnt, tsc, tscinvbit, avx, avx2, aes, clmul, bmi1, bmi2, adx, sha, fma, vzeroupper, clflush, clflushopt
CPU Model and flags from /proc/cpuinfo:
model name	: AMD Ryzen 5 4500U with Radeon Graphics
flags		: fpu vme de pse tsc msr pae mce cx8 apic sep mtrr pge mca cmov pat pse36 clflush mmx fxsr sse sse2 ht syscall nx mmxext fxsr_opt pdpe1gb rdtscp lm constant_tsc rep_good nopl nonstop_tsc cpuid extd_apicid aperfmperf rapl pni pclmulqdq monitor ssse3 fma cx16 sse4_1 sse4_2 movbe popcnt aes xsave avx f16c rdrand lahf_lm cmp_legacy svm extapic cr8_legacy abm sse4a misalignsse 3dnowprefetch osvw ibs skinit wdt tce topoext perfctr_core perfctr_nb bpext perfctr_llc mwaitx cpb cat_l3 cdp_l3 hw_pstate ssbd mba ibrs ibpb stibp vmmcall fsgsbase bmi1 avx2 smep bmi2 cqm rdt_a rdseed adx smap clflushopt clwb sha_ni xsaveopt xsavec xgetbv1 xsaves cqm_llc cqm_occup_llc cqm_mbm_total cqm_mbm_local clzero irperf xsaveerptr rdpru wbnoinvd cppc arat npt lbrv svm_lock nrip_save tsc_scale vmcb_clean flushbyasid decodeassists pausefilter pfthreshold avic v_vmsave_vmload vgif v_spec_ctrl umip rdpid overflow_recov succor smca

Online cpus: 0-5
Offline cpus: 6-15
BIOS frequency limitation: 2375000
Frequency switch latency (ns): 0
Available cpu frequencies: 2375000 1700000 1400000 
Current governor: schedutil
Core performance/turbo boost: 1

Memory: 4k page, physical 7487788k(210632k free), swap 2097148k(1208828k free)
Page Sizes: 4k

vm_info: OpenJDK 64-Bit Server VM (17.0.4.1+1) for linux-amd64 JRE (17.0.4.1+1), built on Aug 12 2022 00:00:00 by "temurin" with gcc 10.3.0

END.
